CRITICAL - 2020-08-28 04:18:26 --> Invalid file: registracija.php
#0 /opt/lampp/htdocs/zakljucna3/system/View/View.php(228): CodeIgniter\Exceptions\FrameworkException::forInvalidFile('registracija.ph...')
#1 /opt/lampp/htdocs/zakljucna3/system/Common.php(1087): CodeIgniter\View\View->render('registracija', Array, true)
#2 /opt/lampp/htdocs/zakljucna3/app/Controllers/Register.php(14): view('registracija')
#3 /opt/lampp/htdocs/zakljucna3/system/CodeIgniter.php(914): App\Controllers\Register->newUser()
#4 /opt/lampp/htdocs/zakljucna3/system/CodeIgniter.php(400): CodeIgniter\CodeIgniter->runController(Object(App\Controllers\Register))
#5 /opt/lampp/htdocs/zakljucna3/system/CodeIgniter.php(308): CodeIgniter\CodeIgniter->handleRequest(NULL, Object(Config\Cache), false)
#6 /opt/lampp/htdocs/zakljucna3/public/index.php(45): CodeIgniter\CodeIgniter->run()
#7 {main}
CRITICAL - 2020-08-28 04:18:47 --> Invalid file: registracija.php
#0 /opt/lampp/htdocs/zakljucna3/system/View/View.php(228): CodeIgniter\Exceptions\FrameworkException::forInvalidFile('registracija.ph...')
#1 /opt/lampp/htdocs/zakljucna3/system/Common.php(1087): CodeIgniter\View\View->render('registracija', Array, true)
#2 /opt/lampp/htdocs/zakljucna3/app/Controllers/Register.php(14): view('registracija')
#3 /opt/lampp/htdocs/zakljucna3/system/CodeIgniter.php(914): App\Controllers\Register->newUser()
#4 /opt/lampp/htdocs/zakljucna3/system/CodeIgniter.php(400): CodeIgniter\CodeIgniter->runController(Object(App\Controllers\Register))
#5 /opt/lampp/htdocs/zakljucna3/system/CodeIgniter.php(308): CodeIgniter\CodeIgniter->handleRequest(NULL, Object(Config\Cache), false)
#6 /opt/lampp/htdocs/zakljucna3/public/index.php(45): CodeIgniter\CodeIgniter->run()
#7 {main}
CRITICAL - 2020-08-28 04:19:11 --> Invalid file: registracija.php
#0 /opt/lampp/htdocs/zakljucna3/system/View/View.php(228): CodeIgniter\Exceptions\FrameworkException::forInvalidFile('registracija.ph...')
#1 /opt/lampp/htdocs/zakljucna3/system/Common.php(1087): CodeIgniter\View\View->render('registracija', Array, true)
#2 /opt/lampp/htdocs/zakljucna3/app/Controllers/Register.php(14): view('registracija')
#3 /opt/lampp/htdocs/zakljucna3/system/CodeIgniter.php(914): App\Controllers\Register->newUser()
#4 /opt/lampp/htdocs/zakljucna3/system/CodeIgniter.php(400): CodeIgniter\CodeIgniter->runController(Object(App\Controllers\Register))
#5 /opt/lampp/htdocs/zakljucna3/system/CodeIgniter.php(308): CodeIgniter\CodeIgniter->handleRequest(NULL, Object(Config\Cache), false)
#6 /opt/lampp/htdocs/zakljucna3/public/index.php(45): CodeIgniter\CodeIgniter->run()
#7 {main}
CRITICAL - 2020-08-28 04:43:32 --> syntax error, unexpected '/', expecting ';' or ','
#0 /opt/lampp/htdocs/zakljucna3/system/Router/Router.php(192): CodeIgniter\Router\Router->autoRoute('register/newUse...')
#1 /opt/lampp/htdocs/zakljucna3/system/CodeIgniter.php(789): CodeIgniter\Router\Router->handle('register/newUse...')
#2 /opt/lampp/htdocs/zakljucna3/system/CodeIgniter.php(360): CodeIgniter\CodeIgniter->tryToRouteIt(Object(CodeIgniter\Router\RouteCollection))
#3 /opt/lampp/htdocs/zakljucna3/system/CodeIgniter.php(308): CodeIgniter\CodeIgniter->handleRequest(NULL, Object(Config\Cache), false)
#4 /opt/lampp/htdocs/zakljucna3/public/index.php(45): CodeIgniter\CodeIgniter->run()
#5 {main}
CRITICAL - 2020-08-28 04:44:34 --> syntax error, unexpected '/', expecting ';' or ','
#0 /opt/lampp/htdocs/zakljucna3/system/Router/Router.php(192): CodeIgniter\Router\Router->autoRoute('register/newUse...')
#1 /opt/lampp/htdocs/zakljucna3/system/CodeIgniter.php(789): CodeIgniter\Router\Router->handle('register/newUse...')
#2 /opt/lampp/htdocs/zakljucna3/system/CodeIgniter.php(360): CodeIgniter\CodeIgniter->tryToRouteIt(Object(CodeIgniter\Router\RouteCollection))
#3 /opt/lampp/htdocs/zakljucna3/system/CodeIgniter.php(308): CodeIgniter\CodeIgniter->handleRequest(NULL, Object(Config\Cache), false)
#4 /opt/lampp/htdocs/zakljucna3/public/index.php(45): CodeIgniter\CodeIgniter->run()
#5 {main}
CRITICAL - 2020-08-28 04:46:47 --> syntax error, unexpected '/', expecting ';' or ','
#0 /opt/lampp/htdocs/zakljucna3/system/Router/Router.php(192): CodeIgniter\Router\Router->autoRoute('register/newUse...')
#1 /opt/lampp/htdocs/zakljucna3/system/CodeIgniter.php(789): CodeIgniter\Router\Router->handle('register/newUse...')
#2 /opt/lampp/htdocs/zakljucna3/system/CodeIgniter.php(360): CodeIgniter\CodeIgniter->tryToRouteIt(Object(CodeIgniter\Router\RouteCollection))
#3 /opt/lampp/htdocs/zakljucna3/system/CodeIgniter.php(308): CodeIgniter\CodeIgniter->handleRequest(NULL, Object(Config\Cache), false)
#4 /opt/lampp/htdocs/zakljucna3/public/index.php(45): CodeIgniter\CodeIgniter->run()
#5 {main}
CRITICAL - 2020-08-28 04:47:33 --> syntax error, unexpected '/', expecting ';' or ','
#0 /opt/lampp/htdocs/zakljucna3/system/Router/Router.php(192): CodeIgniter\Router\Router->autoRoute('register/newUse...')
#1 /opt/lampp/htdocs/zakljucna3/system/CodeIgniter.php(789): CodeIgniter\Router\Router->handle('register/newUse...')
#2 /opt/lampp/htdocs/zakljucna3/system/CodeIgniter.php(360): CodeIgniter\CodeIgniter->tryToRouteIt(Object(CodeIgniter\Router\RouteCollection))
#3 /opt/lampp/htdocs/zakljucna3/system/CodeIgniter.php(308): CodeIgniter\CodeIgniter->handleRequest(NULL, Object(Config\Cache), false)
#4 /opt/lampp/htdocs/zakljucna3/public/index.php(45): CodeIgniter\CodeIgniter->run()
#5 {main}
CRITICAL - 2020-08-28 04:48:14 --> syntax error, unexpected '/', expecting ';' or ','
#0 /opt/lampp/htdocs/zakljucna3/system/Router/Router.php(192): CodeIgniter\Router\Router->autoRoute('register/newUse...')
#1 /opt/lampp/htdocs/zakljucna3/system/CodeIgniter.php(789): CodeIgniter\Router\Router->handle('register/newUse...')
#2 /opt/lampp/htdocs/zakljucna3/system/CodeIgniter.php(360): CodeIgniter\CodeIgniter->tryToRouteIt(Object(CodeIgniter\Router\RouteCollection))
#3 /opt/lampp/htdocs/zakljucna3/system/CodeIgniter.php(308): CodeIgniter\CodeIgniter->handleRequest(NULL, Object(Config\Cache), false)
#4 /opt/lampp/htdocs/zakljucna3/public/index.php(45): CodeIgniter\CodeIgniter->run()
#5 {main}
CRITICAL - 2020-08-28 04:48:23 --> syntax error, unexpected '/', expecting ';' or ','
#0 /opt/lampp/htdocs/zakljucna3/system/Router/Router.php(192): CodeIgniter\Router\Router->autoRoute('register/newUse...')
#1 /opt/lampp/htdocs/zakljucna3/system/CodeIgniter.php(789): CodeIgniter\Router\Router->handle('register/newUse...')
#2 /opt/lampp/htdocs/zakljucna3/system/CodeIgniter.php(360): CodeIgniter\CodeIgniter->tryToRouteIt(Object(CodeIgniter\Router\RouteCollection))
#3 /opt/lampp/htdocs/zakljucna3/system/CodeIgniter.php(308): CodeIgniter\CodeIgniter->handleRequest(NULL, Object(Config\Cache), false)
#4 /opt/lampp/htdocs/zakljucna3/public/index.php(45): CodeIgniter\CodeIgniter->run()
#5 {main}
CRITICAL - 2020-08-28 04:48:29 --> Class 'App\Controllers\UciteljModel' not found
#0 /opt/lampp/htdocs/zakljucna3/system/CodeIgniter.php(914): App\Controllers\Register->newUser()
#1 /opt/lampp/htdocs/zakljucna3/system/CodeIgniter.php(400): CodeIgniter\CodeIgniter->runController(Object(App\Controllers\Register))
#2 /opt/lampp/htdocs/zakljucna3/system/CodeIgniter.php(308): CodeIgniter\CodeIgniter->handleRequest(NULL, Object(Config\Cache), false)
#3 /opt/lampp/htdocs/zakljucna3/public/index.php(45): CodeIgniter\CodeIgniter->run()
#4 {main}
CRITICAL - 2020-08-28 04:48:36 --> syntax error, unexpected '/', expecting ';' or ','
#0 /opt/lampp/htdocs/zakljucna3/system/Router/Router.php(192): CodeIgniter\Router\Router->autoRoute('register/newUse...')
#1 /opt/lampp/htdocs/zakljucna3/system/CodeIgniter.php(789): CodeIgniter\Router\Router->handle('register/newUse...')
#2 /opt/lampp/htdocs/zakljucna3/system/CodeIgniter.php(360): CodeIgniter\CodeIgniter->tryToRouteIt(Object(CodeIgniter\Router\RouteCollection))
#3 /opt/lampp/htdocs/zakljucna3/system/CodeIgniter.php(308): CodeIgniter\CodeIgniter->handleRequest(NULL, Object(Config\Cache), false)
#4 /opt/lampp/htdocs/zakljucna3/public/index.php(45): CodeIgniter\CodeIgniter->run()
#5 {main}
CRITICAL - 2020-08-28 04:48:54 --> syntax error, unexpected 'protected' (T_PROTECTED), expecting ';' or ','
#0 /opt/lampp/htdocs/zakljucna3/system/Autoloader/Autoloader.php(296): CodeIgniter\Autoloader\Autoloader->requireFile('/opt/lampp/htdo...')
#1 /opt/lampp/htdocs/zakljucna3/system/Autoloader/Autoloader.php(258): CodeIgniter\Autoloader\Autoloader->loadInNamespace('App\\Models\\Ucit...')
#2 [internal function]: CodeIgniter\Autoloader\Autoloader->loadClass('App\\Models\\Ucit...')
#3 /opt/lampp/htdocs/zakljucna3/app/Controllers/Register.php(18): spl_autoload_call('App\\Models\\Ucit...')
#4 /opt/lampp/htdocs/zakljucna3/system/CodeIgniter.php(914): App\Controllers\Register->newUser()
#5 /opt/lampp/htdocs/zakljucna3/system/CodeIgniter.php(400): CodeIgniter\CodeIgniter->runController(Object(App\Controllers\Register))
#6 /opt/lampp/htdocs/zakljucna3/system/CodeIgniter.php(308): CodeIgniter\CodeIgniter->handleRequest(NULL, Object(Config\Cache), false)
#7 /opt/lampp/htdocs/zakljucna3/public/index.php(45): CodeIgniter\CodeIgniter->run()
#8 {main}
CRITICAL - 2020-08-28 04:49:11 --> syntax error, unexpected '/', expecting ';' or ','
#0 /opt/lampp/htdocs/zakljucna3/system/Router/Router.php(192): CodeIgniter\Router\Router->autoRoute('register/newUse...')
#1 /opt/lampp/htdocs/zakljucna3/system/CodeIgniter.php(789): CodeIgniter\Router\Router->handle('register/newUse...')
#2 /opt/lampp/htdocs/zakljucna3/system/CodeIgniter.php(360): CodeIgniter\CodeIgniter->tryToRouteIt(Object(CodeIgniter\Router\RouteCollection))
#3 /opt/lampp/htdocs/zakljucna3/system/CodeIgniter.php(308): CodeIgniter\CodeIgniter->handleRequest(NULL, Object(Config\Cache), false)
#4 /opt/lampp/htdocs/zakljucna3/public/index.php(45): CodeIgniter\CodeIgniter->run()
#5 {main}
CRITICAL - 2020-08-28 04:51:26 --> syntax error, unexpected 'protected' (T_PROTECTED), expecting ';' or ','
#0 /opt/lampp/htdocs/zakljucna3/system/Autoloader/Autoloader.php(296): CodeIgniter\Autoloader\Autoloader->requireFile('/opt/lampp/htdo...')
#1 /opt/lampp/htdocs/zakljucna3/system/Autoloader/Autoloader.php(258): CodeIgniter\Autoloader\Autoloader->loadInNamespace('App\\Models\\Ucit...')
#2 [internal function]: CodeIgniter\Autoloader\Autoloader->loadClass('App\\Models\\Ucit...')
#3 /opt/lampp/htdocs/zakljucna3/app/Controllers/Register.php(18): spl_autoload_call('App\\Models\\Ucit...')
#4 /opt/lampp/htdocs/zakljucna3/system/CodeIgniter.php(914): App\Controllers\Register->newUser()
#5 /opt/lampp/htdocs/zakljucna3/system/CodeIgniter.php(400): CodeIgniter\CodeIgniter->runController(Object(App\Controllers\Register))
#6 /opt/lampp/htdocs/zakljucna3/system/CodeIgniter.php(308): CodeIgniter\CodeIgniter->handleRequest(NULL, Object(Config\Cache), false)
#7 /opt/lampp/htdocs/zakljucna3/public/index.php(45): CodeIgniter\CodeIgniter->run()
#8 {main}
CRITICAL - 2020-08-28 04:51:48 --> You must use the "set" method to update an entry.
#0 /opt/lampp/htdocs/zakljucna3/system/Database/BaseBuilder.php(2219): CodeIgniter\Database\BaseBuilder->validateInsert()
#1 /opt/lampp/htdocs/zakljucna3/system/Model.php(729): CodeIgniter\Database\BaseBuilder->insert()
#2 /opt/lampp/htdocs/zakljucna3/system/Model.php(557): CodeIgniter\Model->insert(Array, false)
#3 /opt/lampp/htdocs/zakljucna3/app/Controllers/Register.php(19): CodeIgniter\Model->save(Array)
#4 /opt/lampp/htdocs/zakljucna3/system/CodeIgniter.php(914): App\Controllers\Register->newUser()
#5 /opt/lampp/htdocs/zakljucna3/system/CodeIgniter.php(400): CodeIgniter\CodeIgniter->runController(Object(App\Controllers\Register))
#6 /opt/lampp/htdocs/zakljucna3/system/CodeIgniter.php(308): CodeIgniter\CodeIgniter->handleRequest(NULL, Object(Config\Cache), false)
#7 /opt/lampp/htdocs/zakljucna3/public/index.php(45): CodeIgniter\CodeIgniter->run()
#8 {main}
CRITICAL - 2020-08-28 04:54:59 --> You must use the "set" method to update an entry.
#0 /opt/lampp/htdocs/zakljucna3/system/Database/BaseBuilder.php(2219): CodeIgniter\Database\BaseBuilder->validateInsert()
#1 /opt/lampp/htdocs/zakljucna3/system/Model.php(729): CodeIgniter\Database\BaseBuilder->insert()
#2 /opt/lampp/htdocs/zakljucna3/system/Model.php(557): CodeIgniter\Model->insert(Array, false)
#3 /opt/lampp/htdocs/zakljucna3/app/Controllers/Register.php(19): CodeIgniter\Model->save(Array)
#4 /opt/lampp/htdocs/zakljucna3/system/CodeIgniter.php(914): App\Controllers\Register->newUser()
#5 /opt/lampp/htdocs/zakljucna3/system/CodeIgniter.php(400): CodeIgniter\CodeIgniter->runController(Object(App\Controllers\Register))
#6 /opt/lampp/htdocs/zakljucna3/system/CodeIgniter.php(308): CodeIgniter\CodeIgniter->handleRequest(NULL, Object(Config\Cache), false)
#7 /opt/lampp/htdocs/zakljucna3/public/index.php(45): CodeIgniter\CodeIgniter->run()
#8 {main}
CRITICAL - 2020-08-28 04:55:03 --> You must use the "set" method to update an entry.
#0 /opt/lampp/htdocs/zakljucna3/system/Database/BaseBuilder.php(2219): CodeIgniter\Database\BaseBuilder->validateInsert()
#1 /opt/lampp/htdocs/zakljucna3/system/Model.php(729): CodeIgniter\Database\BaseBuilder->insert()
#2 /opt/lampp/htdocs/zakljucna3/system/Model.php(557): CodeIgniter\Model->insert(Array, false)
#3 /opt/lampp/htdocs/zakljucna3/app/Controllers/Register.php(19): CodeIgniter\Model->save(Array)
#4 /opt/lampp/htdocs/zakljucna3/system/CodeIgniter.php(914): App\Controllers\Register->newUser()
#5 /opt/lampp/htdocs/zakljucna3/system/CodeIgniter.php(400): CodeIgniter\CodeIgniter->runController(Object(App\Controllers\Register))
#6 /opt/lampp/htdocs/zakljucna3/system/CodeIgniter.php(308): CodeIgniter\CodeIgniter->handleRequest(NULL, Object(Config\Cache), false)
#7 /opt/lampp/htdocs/zakljucna3/public/index.php(45): CodeIgniter\CodeIgniter->run()
#8 {main}
CRITICAL - 2020-08-28 04:55:12 --> You must use the "set" method to update an entry.
#0 /opt/lampp/htdocs/zakljucna3/system/Database/BaseBuilder.php(2219): CodeIgniter\Database\BaseBuilder->validateInsert()
#1 /opt/lampp/htdocs/zakljucna3/system/Model.php(729): CodeIgniter\Database\BaseBuilder->insert()
#2 /opt/lampp/htdocs/zakljucna3/system/Model.php(557): CodeIgniter\Model->insert(Array, false)
#3 /opt/lampp/htdocs/zakljucna3/app/Controllers/Register.php(19): CodeIgniter\Model->save(Array)
#4 /opt/lampp/htdocs/zakljucna3/system/CodeIgniter.php(914): App\Controllers\Register->newUser()
#5 /opt/lampp/htdocs/zakljucna3/system/CodeIgniter.php(400): CodeIgniter\CodeIgniter->runController(Object(App\Controllers\Register))
#6 /opt/lampp/htdocs/zakljucna3/system/CodeIgniter.php(308): CodeIgniter\CodeIgniter->handleRequest(NULL, Object(Config\Cache), false)
#7 /opt/lampp/htdocs/zakljucna3/public/index.php(45): CodeIgniter\CodeIgniter->run()
#8 {main}
CRITICAL - 2020-08-28 05:00:51 --> You must use the "set" method to update an entry.
#0 /opt/lampp/htdocs/zakljucna3/system/Database/BaseBuilder.php(2219): CodeIgniter\Database\BaseBuilder->validateInsert()
#1 /opt/lampp/htdocs/zakljucna3/system/Model.php(729): CodeIgniter\Database\BaseBuilder->insert()
#2 /opt/lampp/htdocs/zakljucna3/system/Model.php(557): CodeIgniter\Model->insert(Array, false)
#3 /opt/lampp/htdocs/zakljucna3/app/Controllers/Register.php(19): CodeIgniter\Model->save(Array)
#4 /opt/lampp/htdocs/zakljucna3/system/CodeIgniter.php(914): App\Controllers\Register->newUser()
#5 /opt/lampp/htdocs/zakljucna3/system/CodeIgniter.php(400): CodeIgniter\CodeIgniter->runController(Object(App\Controllers\Register))
#6 /opt/lampp/htdocs/zakljucna3/system/CodeIgniter.php(308): CodeIgniter\CodeIgniter->handleRequest(NULL, Object(Config\Cache), false)
#7 /opt/lampp/htdocs/zakljucna3/public/index.php(45): CodeIgniter\CodeIgniter->run()
#8 {main}
CRITICAL - 2020-08-28 05:04:03 --> You must use the "set" method to update an entry.
#0 /opt/lampp/htdocs/zakljucna3/system/Database/BaseBuilder.php(2219): CodeIgniter\Database\BaseBuilder->validateInsert()
#1 /opt/lampp/htdocs/zakljucna3/system/Model.php(729): CodeIgniter\Database\BaseBuilder->insert()
#2 /opt/lampp/htdocs/zakljucna3/system/Model.php(557): CodeIgniter\Model->insert(Array, false)
#3 /opt/lampp/htdocs/zakljucna3/app/Controllers/Register.php(19): CodeIgniter\Model->save(Array)
#4 /opt/lampp/htdocs/zakljucna3/system/CodeIgniter.php(914): App\Controllers\Register->newUser()
#5 /opt/lampp/htdocs/zakljucna3/system/CodeIgniter.php(400): CodeIgniter\CodeIgniter->runController(Object(App\Controllers\Register))
#6 /opt/lampp/htdocs/zakljucna3/system/CodeIgniter.php(308): CodeIgniter\CodeIgniter->handleRequest(NULL, Object(Config\Cache), false)
#7 /opt/lampp/htdocs/zakljucna3/public/index.php(45): CodeIgniter\CodeIgniter->run()
#8 {main}
CRITICAL - 2020-08-28 05:04:11 --> You must use the "set" method to update an entry.
#0 /opt/lampp/htdocs/zakljucna3/system/Database/BaseBuilder.php(2219): CodeIgniter\Database\BaseBuilder->validateInsert()
#1 /opt/lampp/htdocs/zakljucna3/system/Model.php(729): CodeIgniter\Database\BaseBuilder->insert()
#2 /opt/lampp/htdocs/zakljucna3/system/Model.php(557): CodeIgniter\Model->insert(Array, false)
#3 /opt/lampp/htdocs/zakljucna3/app/Controllers/Register.php(19): CodeIgniter\Model->save(Array)
#4 /opt/lampp/htdocs/zakljucna3/system/CodeIgniter.php(914): App\Controllers\Register->newUser()
#5 /opt/lampp/htdocs/zakljucna3/system/CodeIgniter.php(400): CodeIgniter\CodeIgniter->runController(Object(App\Controllers\Register))
#6 /opt/lampp/htdocs/zakljucna3/system/CodeIgniter.php(308): CodeIgniter\CodeIgniter->handleRequest(NULL, Object(Config\Cache), false)
#7 /opt/lampp/htdocs/zakljucna3/public/index.php(45): CodeIgniter\CodeIgniter->run()
#8 {main}
CRITICAL - 2020-08-28 05:10:35 --> syntax error, unexpected '$this' (T_VARIABLE)
#0 /opt/lampp/htdocs/zakljucna3/system/Router/Router.php(192): CodeIgniter\Router\Router->autoRoute('register/newUse...')
#1 /opt/lampp/htdocs/zakljucna3/system/CodeIgniter.php(789): CodeIgniter\Router\Router->handle('register/newUse...')
#2 /opt/lampp/htdocs/zakljucna3/system/CodeIgniter.php(360): CodeIgniter\CodeIgniter->tryToRouteIt(Object(CodeIgniter\Router\RouteCollection))
#3 /opt/lampp/htdocs/zakljucna3/system/CodeIgniter.php(308): CodeIgniter\CodeIgniter->handleRequest(NULL, Object(Config\Cache), false)
#4 /opt/lampp/htdocs/zakljucna3/public/index.php(45): CodeIgniter\CodeIgniter->run()
#5 {main}
CRITICAL - 2020-08-28 05:12:39 --> You must use the "set" method to update an entry.
#0 /opt/lampp/htdocs/zakljucna3/system/Database/BaseBuilder.php(2219): CodeIgniter\Database\BaseBuilder->validateInsert()
#1 /opt/lampp/htdocs/zakljucna3/system/Model.php(729): CodeIgniter\Database\BaseBuilder->insert()
#2 /opt/lampp/htdocs/zakljucna3/system/Model.php(557): CodeIgniter\Model->insert(Array, false)
#3 /opt/lampp/htdocs/zakljucna3/app/Controllers/Register.php(19): CodeIgniter\Model->save(Array)
#4 /opt/lampp/htdocs/zakljucna3/system/CodeIgniter.php(914): App\Controllers\Register->newUser()
#5 /opt/lampp/htdocs/zakljucna3/system/CodeIgniter.php(400): CodeIgniter\CodeIgniter->runController(Object(App\Controllers\Register))
#6 /opt/lampp/htdocs/zakljucna3/system/CodeIgniter.php(308): CodeIgniter\CodeIgniter->handleRequest(NULL, Object(Config\Cache), false)
#7 /opt/lampp/htdocs/zakljucna3/public/index.php(45): CodeIgniter\CodeIgniter->run()
#8 {main}
CRITICAL - 2020-08-28 05:14:04 --> syntax error, unexpected '$model' (T_VARIABLE)
#0 /opt/lampp/htdocs/zakljucna3/system/Router/Router.php(192): CodeIgniter\Router\Router->autoRoute('register/newUse...')
#1 /opt/lampp/htdocs/zakljucna3/system/CodeIgniter.php(789): CodeIgniter\Router\Router->handle('register/newUse...')
#2 /opt/lampp/htdocs/zakljucna3/system/CodeIgniter.php(360): CodeIgniter\CodeIgniter->tryToRouteIt(Object(CodeIgniter\Router\RouteCollection))
#3 /opt/lampp/htdocs/zakljucna3/system/CodeIgniter.php(308): CodeIgniter\CodeIgniter->handleRequest(NULL, Object(Config\Cache), false)
#4 /opt/lampp/htdocs/zakljucna3/public/index.php(45): CodeIgniter\CodeIgniter->run()
#5 {main}
CRITICAL - 2020-08-28 05:14:34 --> Undefined variable: data
#0 /opt/lampp/htdocs/zakljucna3/app/Controllers/Register.php(28): CodeIgniter\Debug\Exceptions->errorHandler(8, 'Undefined varia...', '/opt/lampp/htdo...', 28, Array)
#1 /opt/lampp/htdocs/zakljucna3/system/CodeIgniter.php(914): App\Controllers\Register->newUser()
#2 /opt/lampp/htdocs/zakljucna3/system/CodeIgniter.php(400): CodeIgniter\CodeIgniter->runController(Object(App\Controllers\Register))
#3 /opt/lampp/htdocs/zakljucna3/system/CodeIgniter.php(308): CodeIgniter\CodeIgniter->handleRequest(NULL, Object(Config\Cache), false)
#4 /opt/lampp/htdocs/zakljucna3/public/index.php(45): CodeIgniter\CodeIgniter->run()
#5 {main}
CRITICAL - 2020-08-28 05:14:45 --> syntax error, unexpected '$model' (T_VARIABLE)
#0 /opt/lampp/htdocs/zakljucna3/system/Router/Router.php(192): CodeIgniter\Router\Router->autoRoute('register/newUse...')
#1 /opt/lampp/htdocs/zakljucna3/system/CodeIgniter.php(789): CodeIgniter\Router\Router->handle('register/newUse...')
#2 /opt/lampp/htdocs/zakljucna3/system/CodeIgniter.php(360): CodeIgniter\CodeIgniter->tryToRouteIt(Object(CodeIgniter\Router\RouteCollection))
#3 /opt/lampp/htdocs/zakljucna3/system/CodeIgniter.php(308): CodeIgniter\CodeIgniter->handleRequest(NULL, Object(Config\Cache), false)
#4 /opt/lampp/htdocs/zakljucna3/public/index.php(45): CodeIgniter\CodeIgniter->run()
#5 {main}
CRITICAL - 2020-08-28 05:15:06 --> syntax error, unexpected '$model' (T_VARIABLE)
#0 /opt/lampp/htdocs/zakljucna3/system/Router/Router.php(192): CodeIgniter\Router\Router->autoRoute('register/newUse...')
#1 /opt/lampp/htdocs/zakljucna3/system/CodeIgniter.php(789): CodeIgniter\Router\Router->handle('register/newUse...')
#2 /opt/lampp/htdocs/zakljucna3/system/CodeIgniter.php(360): CodeIgniter\CodeIgniter->tryToRouteIt(Object(CodeIgniter\Router\RouteCollection))
#3 /opt/lampp/htdocs/zakljucna3/system/CodeIgniter.php(308): CodeIgniter\CodeIgniter->handleRequest(NULL, Object(Config\Cache), false)
#4 /opt/lampp/htdocs/zakljucna3/public/index.php(45): CodeIgniter\CodeIgniter->run()
#5 {main}
CRITICAL - 2020-08-28 05:15:39 --> Undefined property: App\Controllers\Register::$input
#0 /opt/lampp/htdocs/zakljucna3/app/Controllers/Register.php(22): CodeIgniter\Debug\Exceptions->errorHandler(8, 'Undefined prope...', '/opt/lampp/htdo...', 22, Array)
#1 /opt/lampp/htdocs/zakljucna3/system/CodeIgniter.php(914): App\Controllers\Register->newUser()
#2 /opt/lampp/htdocs/zakljucna3/system/CodeIgniter.php(400): CodeIgniter\CodeIgniter->runController(Object(App\Controllers\Register))
#3 /opt/lampp/htdocs/zakljucna3/system/CodeIgniter.php(308): CodeIgniter\CodeIgniter->handleRequest(NULL, Object(Config\Cache), false)
#4 /opt/lampp/htdocs/zakljucna3/public/index.php(45): CodeIgniter\CodeIgniter->run()
#5 {main}
CRITICAL - 2020-08-28 05:16:11 --> Undefined property: App\Controllers\Register::$input
#0 /opt/lampp/htdocs/zakljucna3/app/Controllers/Register.php(20): CodeIgniter\Debug\Exceptions->errorHandler(8, 'Undefined prope...', '/opt/lampp/htdo...', 20, Array)
#1 /opt/lampp/htdocs/zakljucna3/system/CodeIgniter.php(914): App\Controllers\Register->newUser()
#2 /opt/lampp/htdocs/zakljucna3/system/CodeIgniter.php(400): CodeIgniter\CodeIgniter->runController(Object(App\Controllers\Register))
#3 /opt/lampp/htdocs/zakljucna3/system/CodeIgniter.php(308): CodeIgniter\CodeIgniter->handleRequest(NULL, Object(Config\Cache), false)
#4 /opt/lampp/htdocs/zakljucna3/public/index.php(45): CodeIgniter\CodeIgniter->run()
#5 {main}
CRITICAL - 2020-08-28 05:16:24 --> Undefined property: App\Controllers\Register::$input
#0 /opt/lampp/htdocs/zakljucna3/app/Controllers/Register.php(20): CodeIgniter\Debug\Exceptions->errorHandler(8, 'Undefined prope...', '/opt/lampp/htdo...', 20, Array)
#1 /opt/lampp/htdocs/zakljucna3/system/CodeIgniter.php(914): App\Controllers\Register->newUser()
#2 /opt/lampp/htdocs/zakljucna3/system/CodeIgniter.php(400): CodeIgniter\CodeIgniter->runController(Object(App\Controllers\Register))
#3 /opt/lampp/htdocs/zakljucna3/system/CodeIgniter.php(308): CodeIgniter\CodeIgniter->handleRequest(NULL, Object(Config\Cache), false)
#4 /opt/lampp/htdocs/zakljucna3/public/index.php(45): CodeIgniter\CodeIgniter->run()
#5 {main}
CRITICAL - 2020-08-28 05:19:02 --> You must use the "set" method to update an entry.
#0 /opt/lampp/htdocs/zakljucna3/system/Database/BaseBuilder.php(2219): CodeIgniter\Database\BaseBuilder->validateInsert()
#1 /opt/lampp/htdocs/zakljucna3/system/Model.php(729): CodeIgniter\Database\BaseBuilder->insert()
#2 /opt/lampp/htdocs/zakljucna3/system/Model.php(557): CodeIgniter\Model->insert(Array, false)
#3 /opt/lampp/htdocs/zakljucna3/app/Controllers/Register.php(28): CodeIgniter\Model->save(Array)
#4 /opt/lampp/htdocs/zakljucna3/system/CodeIgniter.php(914): App\Controllers\Register->newUser()
#5 /opt/lampp/htdocs/zakljucna3/system/CodeIgniter.php(400): CodeIgniter\CodeIgniter->runController(Object(App\Controllers\Register))
#6 /opt/lampp/htdocs/zakljucna3/system/CodeIgniter.php(308): CodeIgniter\CodeIgniter->handleRequest(NULL, Object(Config\Cache), false)
#7 /opt/lampp/htdocs/zakljucna3/public/index.php(45): CodeIgniter\CodeIgniter->run()
#8 {main}
CRITICAL - 2020-08-28 05:19:13 --> Undefined property: App\Controllers\Register::$input
#0 /opt/lampp/htdocs/zakljucna3/app/Controllers/Register.php(20): CodeIgniter\Debug\Exceptions->errorHandler(8, 'Undefined prope...', '/opt/lampp/htdo...', 20, Array)
#1 /opt/lampp/htdocs/zakljucna3/system/CodeIgniter.php(914): App\Controllers\Register->newUser()
#2 /opt/lampp/htdocs/zakljucna3/system/CodeIgniter.php(400): CodeIgniter\CodeIgniter->runController(Object(App\Controllers\Register))
#3 /opt/lampp/htdocs/zakljucna3/system/CodeIgniter.php(308): CodeIgniter\CodeIgniter->handleRequest(NULL, Object(Config\Cache), false)
#4 /opt/lampp/htdocs/zakljucna3/public/index.php(45): CodeIgniter\CodeIgniter->run()
#5 {main}
CRITICAL - 2020-08-28 05:21:05 --> Undefined variable: request
#0 /opt/lampp/htdocs/zakljucna3/app/Controllers/Register.php(20): CodeIgniter\Debug\Exceptions->errorHandler(8, 'Undefined varia...', '/opt/lampp/htdo...', 20, Array)
#1 /opt/lampp/htdocs/zakljucna3/system/CodeIgniter.php(914): App\Controllers\Register->newUser()
#2 /opt/lampp/htdocs/zakljucna3/system/CodeIgniter.php(400): CodeIgniter\CodeIgniter->runController(Object(App\Controllers\Register))
#3 /opt/lampp/htdocs/zakljucna3/system/CodeIgniter.php(308): CodeIgniter\CodeIgniter->handleRequest(NULL, Object(Config\Cache), false)
#4 /opt/lampp/htdocs/zakljucna3/public/index.php(45): CodeIgniter\CodeIgniter->run()
#5 {main}
CRITICAL - 2020-08-28 05:21:51 --> Undefined property: App\Controllers\Register::$input
#0 /opt/lampp/htdocs/zakljucna3/app/Controllers/Register.php(21): CodeIgniter\Debug\Exceptions->errorHandler(8, 'Undefined prope...', '/opt/lampp/htdo...', 21, Array)
#1 /opt/lampp/htdocs/zakljucna3/system/CodeIgniter.php(914): App\Controllers\Register->newUser()
#2 /opt/lampp/htdocs/zakljucna3/system/CodeIgniter.php(400): CodeIgniter\CodeIgniter->runController(Object(App\Controllers\Register))
#3 /opt/lampp/htdocs/zakljucna3/system/CodeIgniter.php(308): CodeIgniter\CodeIgniter->handleRequest(NULL, Object(Config\Cache), false)
#4 /opt/lampp/htdocs/zakljucna3/public/index.php(45): CodeIgniter\CodeIgniter->run()
#5 {main}
