CRITICAL - 2020-10-27 05:34:00 --> Access denied for user '****'@'localhost' (using password: NO)
#0 C:\Users\Jacob\Desktop\zakljucnaVse\zakljucna\root\dnevnikUcitelj\system\Database\BaseConnection.php(377): CodeIgniter\Database\MySQLi\Connection->connect(false)
#1 C:\Users\Jacob\Desktop\zakljucnaVse\zakljucna\root\dnevnikUcitelj\system\Database\BaseConnection.php(643): CodeIgniter\Database\BaseConnection->initialize()
#2 C:\Users\Jacob\Desktop\zakljucnaVse\zakljucna\root\dnevnikUcitelj\system\Database\BaseBuilder.php(1845): CodeIgniter\Database\BaseConnection->query('SELECT 1\nFROM `...', Array, false)
#3 C:\Users\Jacob\Desktop\zakljucnaVse\zakljucna\root\dnevnikUcitelj\system\Validation\Rules.php(234): CodeIgniter\Database\BaseBuilder->get()
#4 C:\Users\Jacob\Desktop\zakljucnaVse\zakljucna\root\dnevnikUcitelj\system\Validation\Validation.php(294): CodeIgniter\Validation\Rules->is_unique('test@gmail.com', 'emailUcitelj', Array, NULL)
#5 C:\Users\Jacob\Desktop\zakljucnaVse\zakljucna\root\dnevnikUcitelj\system\Validation\Validation.php(189): CodeIgniter\Validation\Validation->processRules('email', 'email', 'test@gmail.com', Array, Array)
#6 C:\Users\Jacob\Desktop\zakljucnaVse\zakljucna\root\dnevnikUcitelj\system\Controller.php(219): CodeIgniter\Validation\Validation->run()
#7 C:\Users\Jacob\Desktop\zakljucnaVse\zakljucna\root\dnevnikUcitelj\app\Controllers\Register.php(53): CodeIgniter\Controller->validate(Array, Array)
#8 C:\Users\Jacob\Desktop\zakljucnaVse\zakljucna\root\dnevnikUcitelj\system\CodeIgniter.php(914): App\Controllers\Register->register()
#9 C:\Users\Jacob\Desktop\zakljucnaVse\zakljucna\root\dnevnikUcitelj\system\CodeIgniter.php(400): CodeIgniter\CodeIgniter->runController(Object(App\Controllers\Register))
#10 C:\Users\Jacob\Desktop\zakljucnaVse\zakljucna\root\dnevnikUcitelj\system\CodeIgniter.php(308): CodeIgniter\CodeIgniter->handleRequest(NULL, Object(Config\Cache), false)
#11 C:\Users\Jacob\Desktop\zakljucnaVse\zakljucna\root\dnevnikUcitelj\public\index.php(45): CodeIgniter\CodeIgniter->run()
#12 {main}
CRITICAL - 2020-10-27 05:38:25 --> Access denied for user '****'@'localhost' (using password: NO)
#0 C:\Users\Jacob\Desktop\zakljucnaVse\zakljucna\root\dnevnikUcitelj\system\Database\BaseConnection.php(377): CodeIgniter\Database\MySQLi\Connection->connect(false)
#1 C:\Users\Jacob\Desktop\zakljucnaVse\zakljucna\root\dnevnikUcitelj\system\Database\BaseConnection.php(643): CodeIgniter\Database\BaseConnection->initialize()
#2 C:\Users\Jacob\Desktop\zakljucnaVse\zakljucna\root\dnevnikUcitelj\system\Database\BaseBuilder.php(1845): CodeIgniter\Database\BaseConnection->query('SELECT 1\nFROM `...', Array, false)
#3 C:\Users\Jacob\Desktop\zakljucnaVse\zakljucna\root\dnevnikUcitelj\system\Validation\Rules.php(234): CodeIgniter\Database\BaseBuilder->get()
#4 C:\Users\Jacob\Desktop\zakljucnaVse\zakljucna\root\dnevnikUcitelj\system\Validation\Validation.php(294): CodeIgniter\Validation\Rules->is_unique('test@gmail.com', 'emailUcitelj', Array, NULL)
#5 C:\Users\Jacob\Desktop\zakljucnaVse\zakljucna\root\dnevnikUcitelj\system\Validation\Validation.php(189): CodeIgniter\Validation\Validation->processRules('email', 'email', 'test@gmail.com', Array, Array)
#6 C:\Users\Jacob\Desktop\zakljucnaVse\zakljucna\root\dnevnikUcitelj\system\Controller.php(219): CodeIgniter\Validation\Validation->run()
#7 C:\Users\Jacob\Desktop\zakljucnaVse\zakljucna\root\dnevnikUcitelj\app\Controllers\Register.php(53): CodeIgniter\Controller->validate(Array, Array)
#8 C:\Users\Jacob\Desktop\zakljucnaVse\zakljucna\root\dnevnikUcitelj\system\CodeIgniter.php(914): App\Controllers\Register->register()
#9 C:\Users\Jacob\Desktop\zakljucnaVse\zakljucna\root\dnevnikUcitelj\system\CodeIgniter.php(400): CodeIgniter\CodeIgniter->runController(Object(App\Controllers\Register))
#10 C:\Users\Jacob\Desktop\zakljucnaVse\zakljucna\root\dnevnikUcitelj\system\CodeIgniter.php(308): CodeIgniter\CodeIgniter->handleRequest(NULL, Object(Config\Cache), false)
#11 C:\Users\Jacob\Desktop\zakljucnaVse\zakljucna\root\dnevnikUcitelj\public\index.php(45): CodeIgniter\CodeIgniter->run()
#12 {main}
CRITICAL - 2020-10-27 06:10:13 --> Access denied for user '****'@'localhost' (using password: NO)
#0 C:\Users\Jacob\Desktop\zakljucnaVse\zakljucna\root\dnevnikUcitelj\system\Database\BaseConnection.php(377): CodeIgniter\Database\MySQLi\Connection->connect(false)
#1 C:\Users\Jacob\Desktop\zakljucnaVse\zakljucna\root\dnevnikUcitelj\system\Database\BaseConnection.php(643): CodeIgniter\Database\BaseConnection->initialize()
#2 C:\Users\Jacob\Desktop\zakljucnaVse\zakljucna\root\dnevnikUcitelj\system\Database\BaseBuilder.php(1845): CodeIgniter\Database\BaseConnection->query('SELECT 1\nFROM `...', Array, false)
#3 C:\Users\Jacob\Desktop\zakljucnaVse\zakljucna\root\dnevnikUcitelj\system\Validation\Rules.php(234): CodeIgniter\Database\BaseBuilder->get()
#4 C:\Users\Jacob\Desktop\zakljucnaVse\zakljucna\root\dnevnikUcitelj\system\Validation\Validation.php(294): CodeIgniter\Validation\Rules->is_unique('lysuwyho@mailin...', 'emailUcitelj', Array, NULL)
#5 C:\Users\Jacob\Desktop\zakljucnaVse\zakljucna\root\dnevnikUcitelj\system\Validation\Validation.php(189): CodeIgniter\Validation\Validation->processRules('email', 'email', 'lysuwyho@mailin...', Array, Array)
#6 C:\Users\Jacob\Desktop\zakljucnaVse\zakljucna\root\dnevnikUcitelj\system\Controller.php(219): CodeIgniter\Validation\Validation->run()
#7 C:\Users\Jacob\Desktop\zakljucnaVse\zakljucna\root\dnevnikUcitelj\app\Controllers\Register.php(53): CodeIgniter\Controller->validate(Array, Array)
#8 C:\Users\Jacob\Desktop\zakljucnaVse\zakljucna\root\dnevnikUcitelj\system\CodeIgniter.php(914): App\Controllers\Register->register()
#9 C:\Users\Jacob\Desktop\zakljucnaVse\zakljucna\root\dnevnikUcitelj\system\CodeIgniter.php(400): CodeIgniter\CodeIgniter->runController(Object(App\Controllers\Register))
#10 C:\Users\Jacob\Desktop\zakljucnaVse\zakljucna\root\dnevnikUcitelj\system\CodeIgniter.php(308): CodeIgniter\CodeIgniter->handleRequest(NULL, Object(Config\Cache), false)
#11 C:\Users\Jacob\Desktop\zakljucnaVse\zakljucna\root\dnevnikUcitelj\public\index.php(45): CodeIgniter\CodeIgniter->run()
#12 {main}
CRITICAL - 2020-10-27 06:14:59 --> Unknown database 'dnevnikucitelj'
#0 C:\Users\Jacob\Desktop\zakljucnaVse\zakljucna\root\dnevnikUcitelj\system\Database\BaseConnection.php(377): CodeIgniter\Database\MySQLi\Connection->connect(false)
#1 C:\Users\Jacob\Desktop\zakljucnaVse\zakljucna\root\dnevnikUcitelj\system\Database\BaseConnection.php(643): CodeIgniter\Database\BaseConnection->initialize()
#2 C:\Users\Jacob\Desktop\zakljucnaVse\zakljucna\root\dnevnikUcitelj\system\Database\BaseBuilder.php(1845): CodeIgniter\Database\BaseConnection->query('SELECT 1\nFROM `...', Array, false)
#3 C:\Users\Jacob\Desktop\zakljucnaVse\zakljucna\root\dnevnikUcitelj\system\Validation\Rules.php(234): CodeIgniter\Database\BaseBuilder->get()
#4 C:\Users\Jacob\Desktop\zakljucnaVse\zakljucna\root\dnevnikUcitelj\system\Validation\Validation.php(294): CodeIgniter\Validation\Rules->is_unique('pygivicuri@mail...', 'emailUcitelj', Array, NULL)
#5 C:\Users\Jacob\Desktop\zakljucnaVse\zakljucna\root\dnevnikUcitelj\system\Validation\Validation.php(189): CodeIgniter\Validation\Validation->processRules('email', 'email', 'pygivicuri@mail...', Array, Array)
#6 C:\Users\Jacob\Desktop\zakljucnaVse\zakljucna\root\dnevnikUcitelj\system\Controller.php(219): CodeIgniter\Validation\Validation->run()
#7 C:\Users\Jacob\Desktop\zakljucnaVse\zakljucna\root\dnevnikUcitelj\app\Controllers\Register.php(53): CodeIgniter\Controller->validate(Array, Array)
#8 C:\Users\Jacob\Desktop\zakljucnaVse\zakljucna\root\dnevnikUcitelj\system\CodeIgniter.php(914): App\Controllers\Register->register()
#9 C:\Users\Jacob\Desktop\zakljucnaVse\zakljucna\root\dnevnikUcitelj\system\CodeIgniter.php(400): CodeIgniter\CodeIgniter->runController(Object(App\Controllers\Register))
#10 C:\Users\Jacob\Desktop\zakljucnaVse\zakljucna\root\dnevnikUcitelj\system\CodeIgniter.php(308): CodeIgniter\CodeIgniter->handleRequest(NULL, Object(Config\Cache), false)
#11 C:\Users\Jacob\Desktop\zakljucnaVse\zakljucna\root\dnevnikUcitelj\public\index.php(45): CodeIgniter\CodeIgniter->run()
#12 {main}
