::1 - - [17/Apr/2021:17:54:04 +0200] "GET / HTTP/1.1" 307 261
::1 - - [17/Apr/2021:17:54:04 +0200] "GET /login HTTP/1.1" 200 1162
::1 - - [17/Apr/2021:17:54:05 +0200] "GET /assets/CSS/style2.css HTTP/1.1" 200 3563
::1 - - [17/Apr/2021:17:54:05 +0200] "GET /assets/CSS/bootstrap/css/bootstrap.css HTTP/1.1" 200 202385
::1 - - [17/Apr/2021:17:54:05 +0200] "GET /index.php?debugbar HTTP/1.1" 200 3329
::1 - - [17/Apr/2021:17:54:05 +0200] "GET /index.php?debugbar_time=1618674845 HTTP/1.1" 200 76791
::1 - - [17/Apr/2021:17:54:05 +0200] "GET /favicon.ico HTTP/1.1" 404 1365
::1 - - [17/Apr/2021:17:54:14 +0200] "POST /login/login HTTP/1.1" 303 261
::1 - - [17/Apr/2021:17:54:14 +0200] "GET /home HTTP/1.1" 200 6634
::1 - - [17/Apr/2021:17:54:14 +0200] "GET /index.php?debugbar HTTP/1.1" 200 3329
::1 - - [17/Apr/2021:17:54:14 +0200] "GET /assets/CSS/bootstrap/bootstrap.js HTTP/1.1" 404 1365
::1 - - [17/Apr/2021:17:54:14 +0200] "GET /assets/CSS/bootstrap/bootstrap.js HTTP/1.1" 404 1365
::1 - - [17/Apr/2021:17:54:14 +0200] "GET /index.php?debugbar_time=1618674854 HTTP/1.1" 200 100747
::1 - - [17/Apr/2021:17:54:18 +0200] "GET /assets/CSS/bootstrap/css/bootstrap.css.map HTTP/1.1" 200 492048
::1 - - [17/Apr/2021:17:54:26 +0200] "GET /vnos HTTP/1.1" 200 5707
::1 - - [17/Apr/2021:17:54:26 +0200] "GET /index.php?debugbar HTTP/1.1" 200 3329
::1 - - [17/Apr/2021:17:54:26 +0200] "GET /assets/CSS/bootstrap/bootstrap.js HTTP/1.1" 404 1365
::1 - - [17/Apr/2021:17:54:26 +0200] "GET /assets/bootstrap-icons/star.svg HTTP/1.1" 200 644
::1 - - [17/Apr/2021:17:54:26 +0200] "GET /assets/CSS/bootstrap/css/bootstrap.css.map HTTP/1.1" 200 492048
::1 - - [17/Apr/2021:17:54:26 +0200] "GET /index.php?debugbar_time=1618674866 HTTP/1.1" 200 94008
::1 - - [17/Apr/2021:17:55:04 +0200] "GET /assets/bootstrap-icons/star-fill.svg HTTP/1.1" 200 401
::1 - - [17/Apr/2021:17:55:11 +0200] "GET /vnos HTTP/1.1" 200 5707
::1 - - [17/Apr/2021:17:55:11 +0200] "GET /index.php?debugbar HTTP/1.1" 200 3329
::1 - - [17/Apr/2021:17:55:11 +0200] "GET /assets/CSS/bootstrap/bootstrap.js HTTP/1.1" 404 1365
::1 - - [17/Apr/2021:17:55:11 +0200] "GET /assets/CSS/bootstrap/css/bootstrap.css.map HTTP/1.1" 200 492048
::1 - - [17/Apr/2021:17:55:11 +0200] "GET /index.php?debugbar_time=1618674911 HTTP/1.1" 200 94006
::1 - - [17/Apr/2021:17:55:12 +0200] "GET /izpisZapiskov_moji HTTP/1.1" 200 2031
::1 - - [17/Apr/2021:17:55:12 +0200] "GET /index.php?debugbar HTTP/1.1" 200 3329
::1 - - [17/Apr/2021:17:55:12 +0200] "GET /assets/CSS/bootstrap/css/bootstrap.css.map HTTP/1.1" 200 492048
::1 - - [17/Apr/2021:17:55:12 +0200] "GET /assets/CSS/bootstrap/bootstrap.js HTTP/1.1" 404 1365
::1 - - [17/Apr/2021:17:55:12 +0200] "GET /index.php?debugbar_time=1618674912 HTTP/1.1" 200 83556
::1 - - [17/Apr/2021:17:55:12 +0200] "GET /home HTTP/1.1" 200 6634
::1 - - [17/Apr/2021:17:55:13 +0200] "GET /index.php?debugbar HTTP/1.1" 200 3329
::1 - - [17/Apr/2021:17:55:13 +0200] "GET /assets/CSS/bootstrap/bootstrap.js HTTP/1.1" 404 1365
::1 - - [17/Apr/2021:17:55:13 +0200] "GET /assets/CSS/bootstrap/css/bootstrap.css.map HTTP/1.1" 200 492048
::1 - - [17/Apr/2021:17:55:13 +0200] "GET /index.php?debugbar_time=1618674913 HTTP/1.1" 200 100810
::1 - - [17/Apr/2021:17:55:22 +0200] "GET /izpisZapiskov_razred HTTP/1.1" 200 7563
::1 - - [17/Apr/2021:17:55:22 +0200] "GET /assets/CSS/bootstrap/bootstrap.js HTTP/1.1" 404 1365
::1 - - [17/Apr/2021:17:55:22 +0200] "GET /index.php?debugbar HTTP/1.1" 200 3329
::1 - - [17/Apr/2021:17:55:22 +0200] "GET /assets/CSS/bootstrap/css/bootstrap.css.map HTTP/1.1" 200 492048
::1 - - [17/Apr/2021:17:55:22 +0200] "GET /assets/CSS/bootstrap/bootstrap.js HTTP/1.1" 404 1365
::1 - - [17/Apr/2021:17:55:22 +0200] "GET /index.php?debugbar_time=1618674922 HTTP/1.1" 200 89857
::1 - - [17/Apr/2021:17:55:38 +0200] "GET /izpisZapiskov_moji HTTP/1.1" 200 2031
::1 - - [17/Apr/2021:17:55:38 +0200] "GET /index.php?debugbar HTTP/1.1" 200 3329
::1 - - [17/Apr/2021:17:55:38 +0200] "GET /assets/CSS/bootstrap/bootstrap.js HTTP/1.1" 404 1365
::1 - - [17/Apr/2021:17:55:38 +0200] "GET /assets/CSS/bootstrap/css/bootstrap.css.map HTTP/1.1" 200 492048
::1 - - [17/Apr/2021:17:55:38 +0200] "GET /index.php?debugbar_time=1618674938 HTTP/1.1" 200 83543
::1 - - [17/Apr/2021:17:55:40 +0200] "GET /izpisZapiskov_razred HTTP/1.1" 200 7563
::1 - - [17/Apr/2021:17:55:40 +0200] "GET /index.php?debugbar HTTP/1.1" 200 3329
::1 - - [17/Apr/2021:17:55:40 +0200] "GET /assets/CSS/bootstrap/css/bootstrap.css.map HTTP/1.1" 200 492048
::1 - - [17/Apr/2021:17:55:40 +0200] "GET /assets/CSS/bootstrap/bootstrap.js HTTP/1.1" 404 1365
::1 - - [17/Apr/2021:17:55:40 +0200] "GET /index.php?debugbar_time=1618674940 HTTP/1.1" 200 89845
::1 - - [17/Apr/2021:17:55:42 +0200] "GET /home/odjava HTTP/1.1" 307 261
::1 - - [17/Apr/2021:17:55:42 +0200] "GET /login HTTP/1.1" 200 1162
::1 - - [17/Apr/2021:17:55:42 +0200] "GET /index.php?debugbar HTTP/1.1" 200 3329
::1 - - [17/Apr/2021:17:55:42 +0200] "GET /assets/CSS/bootstrap/css/bootstrap.css.map HTTP/1.1" 200 492048
::1 - - [17/Apr/2021:17:55:42 +0200] "GET /index.php?debugbar_time=1618674942 HTTP/1.1" 200 76385
::1 - - [17/Apr/2021:17:55:52 +0200] "POST /login/login HTTP/1.1" 303 261
::1 - - [17/Apr/2021:17:55:52 +0200] "GET /home HTTP/1.1" 200 6465
::1 - - [17/Apr/2021:17:55:52 +0200] "GET /index.php?debugbar HTTP/1.1" 200 3329
::1 - - [17/Apr/2021:17:55:52 +0200] "GET /assets/CSS/bootstrap/bootstrap.js HTTP/1.1" 404 1365
::1 - - [17/Apr/2021:17:55:52 +0200] "GET /assets/CSS/bootstrap/css/bootstrap.css.map HTTP/1.1" 200 492048
::1 - - [17/Apr/2021:17:55:52 +0200] "GET /index.php?debugbar_time=1618674952 HTTP/1.1" 200 93929
::1 - - [17/Apr/2021:17:55:54 +0200] "GET /izpisZapiskov_moji HTTP/1.1" 200 9731
::1 - - [17/Apr/2021:17:55:54 +0200] "GET /index.php?debugbar HTTP/1.1" 200 3329
::1 - - [17/Apr/2021:17:55:54 +0200] "GET /assets/CSS/bootstrap/bootstrap.js HTTP/1.1" 404 1365
::1 - - [17/Apr/2021:17:55:54 +0200] "GET /assets/CSS/bootstrap/css/bootstrap.css.map HTTP/1.1" 200 492048
::1 - - [17/Apr/2021:17:55:54 +0200] "GET /index.php?debugbar_time=1618674954 HTTP/1.1" 200 91788
::1 - - [17/Apr/2021:17:58:08 +0200] "GET /izpisZapiskov_moji HTTP/1.1" 200 10179
::1 - - [17/Apr/2021:17:58:08 +0200] "GET /assets/CSS/bootstrap/css/bootstrap.css HTTP/1.1" 200 202385
::1 - - [17/Apr/2021:17:58:08 +0200] "GET /assets/CSS/style2.css HTTP/1.1" 200 3608
::1 - - [17/Apr/2021:17:58:08 +0200] "GET /index.php?debugbar HTTP/1.1" 200 3329
::1 - - [17/Apr/2021:17:58:08 +0200] "GET /assets/CSS/bootstrap/css/bootstrap.css.map HTTP/1.1" 200 492048
::1 - - [17/Apr/2021:17:58:08 +0200] "GET /assets/CSS/bootstrap/bootstrap.js HTTP/1.1" 404 1365
::1 - - [17/Apr/2021:17:58:08 +0200] "GET /index.php?debugbar_time=1618675088 HTTP/1.1" 200 92120
::1 - - [17/Apr/2021:17:58:28 +0200] "GET /izpisZapiskov_moji HTTP/1.1" 200 10179
::1 - - [17/Apr/2021:17:58:28 +0200] "GET /assets/CSS/bootstrap/css/bootstrap.css HTTP/1.1" 200 202385
::1 - - [17/Apr/2021:17:58:28 +0200] "GET /assets/CSS/style2.css HTTP/1.1" 200 3628
::1 - - [17/Apr/2021:17:58:28 +0200] "GET /index.php?debugbar HTTP/1.1" 200 3329
::1 - - [17/Apr/2021:17:58:28 +0200] "GET /assets/CSS/bootstrap/bootstrap.js HTTP/1.1" 404 1365
::1 - - [17/Apr/2021:17:58:28 +0200] "GET /assets/CSS/bootstrap/css/bootstrap.css.map HTTP/1.1" 200 492048
::1 - - [17/Apr/2021:17:58:28 +0200] "GET /index.php?debugbar_time=1618675108 HTTP/1.1" 200 92146
::1 - - [17/Apr/2021:17:58:48 +0200] "GET /izpisZapiskov_moji HTTP/1.1" 200 10179
::1 - - [17/Apr/2021:17:58:48 +0200] "GET /assets/CSS/bootstrap/css/bootstrap.css HTTP/1.1" 200 202385
::1 - - [17/Apr/2021:17:58:48 +0200] "GET /assets/CSS/style2.css HTTP/1.1" 200 3628
::1 - - [17/Apr/2021:17:58:48 +0200] "GET /index.php?debugbar HTTP/1.1" 200 3329
::1 - - [17/Apr/2021:17:58:48 +0200] "GET /assets/CSS/bootstrap/bootstrap.js HTTP/1.1" 404 1365
::1 - - [17/Apr/2021:17:58:48 +0200] "GET /assets/CSS/bootstrap/css/bootstrap.css.map HTTP/1.1" 200 492048
::1 - - [17/Apr/2021:17:58:48 +0200] "GET /index.php?debugbar_time=1618675128 HTTP/1.1" 200 92117
::1 - - [17/Apr/2021:17:59:06 +0200] "GET /izpisZapiskov_moji HTTP/1.1" 200 10179
::1 - - [17/Apr/2021:17:59:06 +0200] "GET /assets/CSS/bootstrap/css/bootstrap.css HTTP/1.1" 200 202385
::1 - - [17/Apr/2021:17:59:06 +0200] "GET /assets/CSS/style2.css HTTP/1.1" 200 3630
::1 - - [17/Apr/2021:17:59:06 +0200] "GET /index.php?debugbar HTTP/1.1" 200 3329
::1 - - [17/Apr/2021:17:59:06 +0200] "GET /assets/CSS/bootstrap/bootstrap.js HTTP/1.1" 404 1365
::1 - - [17/Apr/2021:17:59:06 +0200] "GET /assets/CSS/bootstrap/css/bootstrap.css.map HTTP/1.1" 200 492048
::1 - - [17/Apr/2021:17:59:06 +0200] "GET /index.php?debugbar_time=1618675146 HTTP/1.1" 200 92132
::1 - - [17/Apr/2021:17:59:23 +0200] "GET /izpisZapiskov_moji HTTP/1.1" 200 10088
::1 - - [17/Apr/2021:17:59:23 +0200] "GET /assets/CSS/style2.css HTTP/1.1" 200 3630
::1 - - [17/Apr/2021:17:59:23 +0200] "GET /assets/CSS/bootstrap/css/bootstrap.css HTTP/1.1" 200 202385
::1 - - [17/Apr/2021:17:59:23 +0200] "GET /index.php?debugbar HTTP/1.1" 200 3329
::1 - - [17/Apr/2021:17:59:23 +0200] "GET /assets/CSS/bootstrap/bootstrap.js HTTP/1.1" 404 1365
::1 - - [17/Apr/2021:17:59:23 +0200] "GET /assets/CSS/bootstrap/css/bootstrap.css.map HTTP/1.1" 200 492048
::1 - - [17/Apr/2021:17:59:23 +0200] "GET /index.php?debugbar_time=1618675163 HTTP/1.1" 200 92196
::1 - - [17/Apr/2021:17:59:37 +0200] "GET /izpisZapiskov_moji HTTP/1.1" 200 10088
::1 - - [17/Apr/2021:17:59:37 +0200] "GET /assets/CSS/bootstrap/css/bootstrap.css HTTP/1.1" 200 202385
::1 - - [17/Apr/2021:17:59:37 +0200] "GET /assets/CSS/style2.css HTTP/1.1" 200 3630
::1 - - [17/Apr/2021:17:59:37 +0200] "GET /index.php?debugbar HTTP/1.1" 200 3329
::1 - - [17/Apr/2021:17:59:37 +0200] "GET /assets/CSS/bootstrap/bootstrap.js HTTP/1.1" 404 1365
::1 - - [17/Apr/2021:17:59:37 +0200] "GET /assets/CSS/bootstrap/css/bootstrap.css.map HTTP/1.1" 200 492048
::1 - - [17/Apr/2021:17:59:37 +0200] "GET /index.php?debugbar_time=1618675177 HTTP/1.1" 200 92112
::1 - - [17/Apr/2021:17:59:46 +0200] "GET /izpisZapiskov_moji HTTP/1.1" 200 10088
::1 - - [17/Apr/2021:17:59:46 +0200] "GET /assets/CSS/bootstrap/css/bootstrap.css HTTP/1.1" 200 202385
::1 - - [17/Apr/2021:17:59:46 +0200] "GET /assets/CSS/style2.css HTTP/1.1" 200 3630
::1 - - [17/Apr/2021:17:59:46 +0200] "GET /assets/CSS/bootstrap/bootstrap.js HTTP/1.1" 404 1365
::1 - - [17/Apr/2021:17:59:46 +0200] "GET /index.php?debugbar HTTP/1.1" 200 3329
::1 - - [17/Apr/2021:17:59:46 +0200] "GET /assets/CSS/bootstrap/css/bootstrap.css.map HTTP/1.1" 200 492048
::1 - - [17/Apr/2021:17:59:46 +0200] "GET /assets/CSS/bootstrap/bootstrap.js HTTP/1.1" 404 1365
::1 - - [17/Apr/2021:17:59:46 +0200] "GET /index.php?debugbar_time=1618675186 HTTP/1.1" 200 92141
::1 - - [17/Apr/2021:17:59:54 +0200] "GET /izpisZapiskov_moji HTTP/1.1" 200 10088
::1 - - [17/Apr/2021:17:59:54 +0200] "GET /assets/CSS/bootstrap/css/bootstrap.css HTTP/1.1" 200 202385
::1 - - [17/Apr/2021:17:59:54 +0200] "GET /assets/CSS/style2.css HTTP/1.1" 200 3630
::1 - - [17/Apr/2021:17:59:54 +0200] "GET /index.php?debugbar HTTP/1.1" 200 3329
::1 - - [17/Apr/2021:17:59:54 +0200] "GET /assets/CSS/bootstrap/bootstrap.js HTTP/1.1" 404 1365
::1 - - [17/Apr/2021:17:59:54 +0200] "GET /assets/CSS/bootstrap/css/bootstrap.css.map HTTP/1.1" 200 492048
::1 - - [17/Apr/2021:17:59:54 +0200] "GET /index.php?debugbar_time=1618675194 HTTP/1.1" 200 92138
::1 - - [17/Apr/2021:18:00:05 +0200] "GET /izpisZapiskov_moji HTTP/1.1" 200 10088
::1 - - [17/Apr/2021:18:00:05 +0200] "GET /assets/CSS/style2.css HTTP/1.1" 304 -
::1 - - [17/Apr/2021:18:00:05 +0200] "GET /index.php?debugbar HTTP/1.1" 200 3329
::1 - - [17/Apr/2021:18:00:05 +0200] "GET /assets/CSS/bootstrap/bootstrap.js HTTP/1.1" 404 1365
::1 - - [17/Apr/2021:18:00:05 +0200] "GET /assets/CSS/bootstrap/css/bootstrap.css.map HTTP/1.1" 200 492048
::1 - - [17/Apr/2021:18:00:05 +0200] "GET /assets/CSS/bootstrap/bootstrap.js HTTP/1.1" 404 1365
::1 - - [17/Apr/2021:18:00:05 +0200] "GET /index.php?debugbar_time=1618675205 HTTP/1.1" 200 91946
::1 - - [17/Apr/2021:18:00:24 +0200] "GET /izpisZapiskov_moji HTTP/1.1" 200 10088
::1 - - [17/Apr/2021:18:00:24 +0200] "GET /assets/CSS/style2.css HTTP/1.1" 304 -
::1 - - [17/Apr/2021:18:00:24 +0200] "GET /assets/CSS/bootstrap/bootstrap.js HTTP/1.1" 404 1365
::1 - - [17/Apr/2021:18:00:24 +0200] "GET /index.php?debugbar HTTP/1.1" 200 3329
::1 - - [17/Apr/2021:18:00:24 +0200] "GET /assets/CSS/bootstrap/bootstrap.js HTTP/1.1" 404 1365
::1 - - [17/Apr/2021:18:00:24 +0200] "GET /index.php?debugbar_time=1618675224 HTTP/1.1" 200 91838
::1 - - [17/Apr/2021:18:00:25 +0200] "GET /home/odjava HTTP/1.1" 307 261
::1 - - [17/Apr/2021:18:00:25 +0200] "GET /login HTTP/1.1" 200 1162
::1 - - [17/Apr/2021:18:00:25 +0200] "GET /index.php?debugbar HTTP/1.1" 200 3329
::1 - - [17/Apr/2021:18:00:25 +0200] "GET /index.php?debugbar_time=1618675225 HTTP/1.1" 200 76410
::1 - - [17/Apr/2021:18:00:31 +0200] "POST /login/login HTTP/1.1" 303 261
::1 - - [17/Apr/2021:18:00:31 +0200] "GET /home HTTP/1.1" 200 6634
::1 - - [17/Apr/2021:18:00:31 +0200] "GET /assets/CSS/style2.css HTTP/1.1" 304 -
::1 - - [17/Apr/2021:18:00:31 +0200] "GET /index.php?debugbar HTTP/1.1" 200 3329
::1 - - [17/Apr/2021:18:00:31 +0200] "GET /assets/CSS/bootstrap/bootstrap.js HTTP/1.1" 404 1365
::1 - - [17/Apr/2021:18:00:31 +0200] "GET /index.php?debugbar_time=1618675231 HTTP/1.1" 200 100773
::1 - - [17/Apr/2021:18:00:33 +0200] "GET /izpisZapiskov_moji HTTP/1.1" 200 2031
::1 - - [17/Apr/2021:18:00:33 +0200] "GET /index.php?debugbar HTTP/1.1" 200 3329
::1 - - [17/Apr/2021:18:00:33 +0200] "GET /assets/CSS/bootstrap/bootstrap.js HTTP/1.1" 404 1365
::1 - - [17/Apr/2021:18:00:33 +0200] "GET /index.php?debugbar_time=1618675233 HTTP/1.1" 200 83524
::1 - - [17/Apr/2021:18:00:34 +0200] "GET /izpisZapiskov_razred HTTP/1.1" 200 7818
::1 - - [17/Apr/2021:18:00:34 +0200] "GET /assets/CSS/bootstrap/bootstrap.js HTTP/1.1" 404 1365
::1 - - [17/Apr/2021:18:00:34 +0200] "GET /index.php?debugbar HTTP/1.1" 200 3329
::1 - - [17/Apr/2021:18:00:34 +0200] "GET /assets/CSS/bootstrap/bootstrap.js HTTP/1.1" 404 1365
::1 - - [17/Apr/2021:18:00:34 +0200] "GET /index.php?debugbar_time=1618675234 HTTP/1.1" 200 89858
::1 - - [17/Apr/2021:18:00:40 +0200] "GET /assets/CSS/style2.css HTTP/1.1" 304 -
::1 - - [17/Apr/2021:18:00:40 +0200] "GET /assets/CSS/bootstrap/css/bootstrap.css.map HTTP/1.1" 200 492048
::1 - - [17/Apr/2021:18:00:56 +0200] "GET /home HTTP/1.1" 200 6634
::1 - - [17/Apr/2021:18:00:56 +0200] "GET /assets/CSS/style2.css HTTP/1.1" 304 -
::1 - - [17/Apr/2021:18:00:56 +0200] "GET /index.php?debugbar HTTP/1.1" 200 3329
::1 - - [17/Apr/2021:18:00:56 +0200] "GET /assets/CSS/bootstrap/bootstrap.js HTTP/1.1" 404 1365
::1 - - [17/Apr/2021:18:00:56 +0200] "GET /index.php?debugbar_time=1618675256 HTTP/1.1" 200 100826
::1 - - [17/Apr/2021:18:01:06 +0200] "GET /home HTTP/1.1" 200 6629
::1 - - [17/Apr/2021:18:01:06 +0200] "GET /assets/CSS/style2.css HTTP/1.1" 200 3630
::1 - - [17/Apr/2021:18:01:06 +0200] "GET /assets/CSS/bootstrap/css/bootstrap.css HTTP/1.1" 200 202385
::1 - - [17/Apr/2021:18:01:06 +0200] "GET /index.php?debugbar HTTP/1.1" 200 3329
::1 - - [17/Apr/2021:18:01:06 +0200] "GET /assets/CSS/bootstrap/bootstrap.js HTTP/1.1" 404 1365
::1 - - [17/Apr/2021:18:01:06 +0200] "GET /assets/CSS/bootstrap/bootstrap.js HTTP/1.1" 404 1365
::1 - - [17/Apr/2021:18:01:06 +0200] "GET /index.php?debugbar_time=1618675266 HTTP/1.1" 200 101266
::1 - - [17/Apr/2021:18:01:10 +0200] "GET /izpisDijakov HTTP/1.1" 200 2500
::1 - - [17/Apr/2021:18:01:10 +0200] "GET /assets/CSS/bootstrap/bootstrap.js HTTP/1.1" 404 1365
::1 - - [17/Apr/2021:18:01:10 +0200] "GET /index.php?debugbar HTTP/1.1" 200 3329
::1 - - [17/Apr/2021:18:01:10 +0200] "GET /assets/CSS/bootstrap/bootstrap.js HTTP/1.1" 404 1365
::1 - - [17/Apr/2021:18:01:10 +0200] "GET /index.php?debugbar_time=1618675270 HTTP/1.1" 200 83692
::1 - - [17/Apr/2021:18:01:11 +0200] "GET /izpisGrafOcen/index/27 HTTP/1.1" 200 7089
::1 - - [17/Apr/2021:18:01:12 +0200] "GET /index.php?debugbar HTTP/1.1" 200 3329
::1 - - [17/Apr/2021:18:01:12 +0200] "GET /assets/CSS/bootstrap/bootstrap.js HTTP/1.1" 404 1365
::1 - - [17/Apr/2021:18:01:12 +0200] "GET /index.php?debugbar_time=1618675272 HTTP/1.1" 200 92165
::1 - - [17/Apr/2021:18:01:47 +0200] "GET /izpisGrafOcen/index/27 HTTP/1.1" 200 7140
::1 - - [17/Apr/2021:18:01:47 +0200] "GET /assets/CSS/style2.css HTTP/1.1" 200 3630
::1 - - [17/Apr/2021:18:01:47 +0200] "GET /assets/CSS/bootstrap/css/bootstrap.css HTTP/1.1" 200 202385
::1 - - [17/Apr/2021:18:01:47 +0200] "GET /assets/CSS/bootstrap/bootstrap.js HTTP/1.1" 404 1365
::1 - - [17/Apr/2021:18:01:47 +0200] "GET /index.php?debugbar HTTP/1.1" 200 3329
::1 - - [17/Apr/2021:18:01:47 +0200] "GET /assets/CSS/bootstrap/bootstrap.js HTTP/1.1" 404 1365
::1 - - [17/Apr/2021:18:01:47 +0200] "GET /index.php?debugbar_time=1618675307 HTTP/1.1" 200 92467
::1 - - [17/Apr/2021:18:02:12 +0200] "GET /izpisZapiskov_razred HTTP/1.1" 200 7818
::1 - - [17/Apr/2021:18:02:12 +0200] "GET /assets/CSS/style2.css HTTP/1.1" 304 -
::1 - - [17/Apr/2021:18:02:12 +0200] "GET /index.php?debugbar HTTP/1.1" 200 3329
::1 - - [17/Apr/2021:18:02:12 +0200] "GET /assets/CSS/bootstrap/bootstrap.js HTTP/1.1" 404 1365
::1 - - [17/Apr/2021:18:02:12 +0200] "GET /index.php?debugbar_time=1618675332 HTTP/1.1" 200 89920
::1 - - [17/Apr/2021:18:02:21 +0200] "GET /izpisZapiskov_razred HTTP/1.1" 200 7818
::1 - - [17/Apr/2021:18:02:21 +0200] "GET /assets/CSS/bootstrap/bootstrap.js HTTP/1.1" 404 1365
::1 - - [17/Apr/2021:18:02:21 +0200] "GET /index.php?debugbar HTTP/1.1" 200 3329
::1 - - [17/Apr/2021:18:02:21 +0200] "GET /assets/CSS/bootstrap/bootstrap.js HTTP/1.1" 404 1365
::1 - - [17/Apr/2021:18:02:21 +0200] "GET /index.php?debugbar_time=1618675341 HTTP/1.1" 200 89924
::1 - - [17/Apr/2021:18:02:22 +0200] "GET /izpisDijakov HTTP/1.1" 200 2500
::1 - - [17/Apr/2021:18:02:22 +0200] "GET /index.php?debugbar HTTP/1.1" 200 3329
::1 - - [17/Apr/2021:18:02:22 +0200] "GET /assets/CSS/bootstrap/bootstrap.js HTTP/1.1" 404 1365
::1 - - [17/Apr/2021:18:02:22 +0200] "GET /index.php?debugbar_time=1618675342 HTTP/1.1" 200 83709
::1 - - [17/Apr/2021:18:02:24 +0200] "GET /izpisGrafOcen/index/27 HTTP/1.1" 200 7140
::1 - - [17/Apr/2021:18:02:24 +0200] "GET /index.php?debugbar HTTP/1.1" 200 3329
::1 - - [17/Apr/2021:18:02:24 +0200] "GET /assets/CSS/bootstrap/bootstrap.js HTTP/1.1" 404 1365
::1 - - [17/Apr/2021:18:02:24 +0200] "GET /index.php?debugbar_time=1618675344 HTTP/1.1" 200 91981
::1 - - [17/Apr/2021:18:03:31 +0200] "GET /izpisGrafOcen/index/27 HTTP/1.1" 200 7140
::1 - - [17/Apr/2021:18:03:31 +0200] "GET /assets/CSS/bootstrap/css/bootstrap.css HTTP/1.1" 200 202385
::1 - - [17/Apr/2021:18:03:31 +0200] "GET /assets/CSS/style2.css HTTP/1.1" 200 3645
::1 - - [17/Apr/2021:18:03:31 +0200] "GET /index.php?debugbar HTTP/1.1" 200 3329
::1 - - [17/Apr/2021:18:03:31 +0200] "GET /assets/CSS/bootstrap/bootstrap.js HTTP/1.1" 404 1365
::1 - - [17/Apr/2021:18:03:31 +0200] "GET /assets/CSS/bootstrap/bootstrap.js HTTP/1.1" 404 1365
::1 - - [17/Apr/2021:18:03:31 +0200] "GET /index.php?debugbar_time=1618675411 HTTP/1.1" 200 92311
::1 - - [17/Apr/2021:18:03:37 +0200] "GET /home HTTP/1.1" 200 6629
::1 - - [17/Apr/2021:18:03:38 +0200] "GET /assets/CSS/style2.css HTTP/1.1" 304 -
::1 - - [17/Apr/2021:18:03:38 +0200] "GET /index.php?debugbar HTTP/1.1" 200 3329
::1 - - [17/Apr/2021:18:03:38 +0200] "GET /assets/CSS/bootstrap/bootstrap.js HTTP/1.1" 404 1365
::1 - - [17/Apr/2021:18:03:38 +0200] "GET /index.php?debugbar_time=1618675418 HTTP/1.1" 200 100932
::1 - - [17/Apr/2021:18:03:49 +0200] "GET /izpisZapiskov_moji HTTP/1.1" 200 2031
::1 - - [17/Apr/2021:18:03:50 +0200] "GET /assets/CSS/style2.css HTTP/1.1" 304 -
::1 - - [17/Apr/2021:18:03:50 +0200] "GET /index.php?debugbar HTTP/1.1" 200 3329
::1 - - [17/Apr/2021:18:03:50 +0200] "GET /assets/CSS/bootstrap/bootstrap.js HTTP/1.1" 404 1365
::1 - - [17/Apr/2021:18:03:50 +0200] "GET /index.php?debugbar_time=1618675430 HTTP/1.1" 200 83565
::1 - - [17/Apr/2021:18:03:51 +0200] "GET /izpisZapiskov_razred HTTP/1.1" 200 7818
::1 - - [17/Apr/2021:18:03:51 +0200] "GET /index.php?debugbar HTTP/1.1" 200 3329
::1 - - [17/Apr/2021:18:03:51 +0200] "GET /assets/CSS/bootstrap/bootstrap.js HTTP/1.1" 404 1365
::1 - - [17/Apr/2021:18:03:51 +0200] "GET /index.php?debugbar_time=1618675431 HTTP/1.1" 200 89871
::1 - - [17/Apr/2021:18:03:54 +0200] "GET /home/odjava HTTP/1.1" 307 261
::1 - - [17/Apr/2021:18:03:54 +0200] "GET /login HTTP/1.1" 200 1162
::1 - - [17/Apr/2021:18:03:54 +0200] "GET /assets/CSS/style2.css HTTP/1.1" 304 -
::1 - - [17/Apr/2021:18:03:54 +0200] "GET /index.php?debugbar HTTP/1.1" 200 3329
::1 - - [17/Apr/2021:18:03:54 +0200] "GET /index.php?debugbar_time=1618675434 HTTP/1.1" 200 76409
::1 - - [17/Apr/2021:18:03:59 +0200] "POST /login/login HTTP/1.1" 303 261
::1 - - [17/Apr/2021:18:03:59 +0200] "GET /home HTTP/1.1" 200 6460
::1 - - [17/Apr/2021:18:03:59 +0200] "GET /assets/CSS/style2.css HTTP/1.1" 304 -
::1 - - [17/Apr/2021:18:03:59 +0200] "GET /index.php?debugbar HTTP/1.1" 200 3329
::1 - - [17/Apr/2021:18:03:59 +0200] "GET /assets/CSS/bootstrap/bootstrap.js HTTP/1.1" 404 1365
::1 - - [17/Apr/2021:18:03:59 +0200] "GET /index.php?debugbar_time=1618675439 HTTP/1.1" 200 94150
::1 - - [17/Apr/2021:18:04:09 +0200] "GET /home/odjava HTTP/1.1" 307 261
::1 - - [17/Apr/2021:18:04:09 +0200] "GET /login HTTP/1.1" 200 1162
::1 - - [17/Apr/2021:18:04:09 +0200] "GET /assets/CSS/style2.css HTTP/1.1" 304 -
::1 - - [17/Apr/2021:18:04:09 +0200] "GET /index.php?debugbar HTTP/1.1" 200 3329
::1 - - [17/Apr/2021:18:04:09 +0200] "GET /index.php?debugbar_time=1618675449 HTTP/1.1" 200 76346
::1 - - [17/Apr/2021:18:04:15 +0200] "POST /login/login HTTP/1.1" 303 261
::1 - - [17/Apr/2021:18:04:16 +0200] "GET /home HTTP/1.1" 200 6629
::1 - - [17/Apr/2021:18:04:16 +0200] "GET /assets/CSS/style2.css HTTP/1.1" 304 -
::1 - - [17/Apr/2021:18:04:16 +0200] "GET /index.php?debugbar HTTP/1.1" 200 3329
::1 - - [17/Apr/2021:18:04:16 +0200] "GET /assets/CSS/bootstrap/bootstrap.js HTTP/1.1" 404 1365
::1 - - [17/Apr/2021:18:04:16 +0200] "GET /index.php?debugbar_time=1618675456 HTTP/1.1" 200 100752
::1 - - [17/Apr/2021:18:04:17 +0200] "GET /izpisZapiskov_moji HTTP/1.1" 200 2031
::1 - - [17/Apr/2021:18:04:17 +0200] "GET /index.php?debugbar HTTP/1.1" 200 3329
::1 - - [17/Apr/2021:18:04:17 +0200] "GET /assets/CSS/bootstrap/bootstrap.js HTTP/1.1" 404 1365
::1 - - [17/Apr/2021:18:04:17 +0200] "GET /index.php?debugbar_time=1618675457 HTTP/1.1" 200 83500
::1 - - [17/Apr/2021:18:04:19 +0200] "GET /vnos HTTP/1.1" 200 5707
::1 - - [17/Apr/2021:18:04:19 +0200] "GET /index.php?debugbar HTTP/1.1" 200 3329
::1 - - [17/Apr/2021:18:04:19 +0200] "GET /assets/CSS/bootstrap/bootstrap.js HTTP/1.1" 404 1365
::1 - - [17/Apr/2021:18:04:19 +0200] "GET /index.php?debugbar_time=1618675459 HTTP/1.1" 200 94104
::1 - - [17/Apr/2021:18:04:56 +0200] "POST /vnos/vnosZapiska/null HTTP/1.1" 303 261
::1 - - [17/Apr/2021:18:04:56 +0200] "GET /izpisZapiskov_moji HTTP/1.1" 200 2536
::1 - - [17/Apr/2021:18:04:56 +0200] "GET /assets/CSS/style2.css HTTP/1.1" 304 -
::1 - - [17/Apr/2021:18:04:56 +0200] "GET /index.php?debugbar HTTP/1.1" 200 3329
::1 - - [17/Apr/2021:18:04:56 +0200] "GET /assets/CSS/bootstrap/bootstrap.js HTTP/1.1" 404 1365
::1 - - [17/Apr/2021:18:04:56 +0200] "GET /index.php?debugbar_time=1618675496 HTTP/1.1" 200 84179
::1 - - [17/Apr/2021:18:04:59 +0200] "GET /home HTTP/1.1" 200 6673
::1 - - [17/Apr/2021:18:04:59 +0200] "GET /assets/CSS/bootstrap/bootstrap.js HTTP/1.1" 404 1365
::1 - - [17/Apr/2021:18:04:59 +0200] "GET /index.php?debugbar HTTP/1.1" 200 3329
::1 - - [17/Apr/2021:18:04:59 +0200] "GET /assets/CSS/bootstrap/bootstrap.js HTTP/1.1" 404 1365
::1 - - [17/Apr/2021:18:04:59 +0200] "GET /index.php?debugbar_time=1618675499 HTTP/1.1" 200 100981
::1 - - [17/Apr/2021:18:05:06 +0200] "GET /izpisZapiskov_moji HTTP/1.1" 200 2536
::1 - - [17/Apr/2021:18:05:06 +0200] "GET /assets/CSS/style2.css HTTP/1.1" 304 -
::1 - - [17/Apr/2021:18:05:06 +0200] "GET /assets/CSS/bootstrap/bootstrap.js HTTP/1.1" 404 1365
::1 - - [17/Apr/2021:18:05:06 +0200] "GET /index.php?debugbar HTTP/1.1" 200 3329
::1 - - [17/Apr/2021:18:05:06 +0200] "GET /assets/CSS/bootstrap/bootstrap.js HTTP/1.1" 404 1365
::1 - - [17/Apr/2021:18:05:06 +0200] "GET /index.php?debugbar_time=1618675506 HTTP/1.1" 200 84047
::1 - - [17/Apr/2021:18:05:07 +0200] "GET /vnos HTTP/1.1" 200 5707
::1 - - [17/Apr/2021:18:05:07 +0200] "GET /index.php?debugbar HTTP/1.1" 200 3329
::1 - - [17/Apr/2021:18:05:07 +0200] "GET /assets/CSS/bootstrap/bootstrap.js HTTP/1.1" 404 1365
::1 - - [17/Apr/2021:18:05:07 +0200] "GET /assets/CSS/bootstrap/bootstrap.js HTTP/1.1" 404 1365
::1 - - [17/Apr/2021:18:05:07 +0200] "GET /index.php?debugbar_time=1618675507 HTTP/1.1" 200 94106
::1 - - [17/Apr/2021:18:05:08 +0200] "GET /home HTTP/1.1" 200 6673
::1 - - [17/Apr/2021:18:05:08 +0200] "GET /index.php?debugbar HTTP/1.1" 200 3329
::1 - - [17/Apr/2021:18:05:08 +0200] "GET /assets/CSS/bootstrap/bootstrap.js HTTP/1.1" 404 1365
::1 - - [17/Apr/2021:18:05:08 +0200] "GET /index.php?debugbar_time=1618675508 HTTP/1.1" 200 101113
::1 - - [17/Apr/2021:18:05:56 +0200] "GET /home HTTP/1.1" 200 6673
::1 - - [17/Apr/2021:18:05:56 +0200] "GET /assets/CSS/style2.css HTTP/1.1" 200 3645
::1 - - [17/Apr/2021:18:05:56 +0200] "GET /assets/CSS/bootstrap/css/bootstrap.css HTTP/1.1" 200 202385
::1 - - [17/Apr/2021:18:05:56 +0200] "GET /index.php?debugbar HTTP/1.1" 200 3329
::1 - - [17/Apr/2021:18:05:56 +0200] "GET /assets/CSS/bootstrap/bootstrap.js HTTP/1.1" 404 1365
::1 - - [17/Apr/2021:18:05:56 +0200] "GET /assets/CSS/bootstrap/bootstrap.js HTTP/1.1" 404 1365
::1 - - [17/Apr/2021:18:05:56 +0200] "GET /index.php?debugbar_time=1618675556 HTTP/1.1" 200 101519
::1 - - [17/Apr/2021:18:06:35 +0200] "GET /home HTTP/1.1" 200 9513
::1 - - [17/Apr/2021:18:06:35 +0200] "GET /assets/CSS/bootstrap/css/bootstrap.css HTTP/1.1" 200 202385
::1 - - [17/Apr/2021:18:06:35 +0200] "GET /assets/CSS/style2.css HTTP/1.1" 200 3645
::1 - - [17/Apr/2021:18:06:35 +0200] "GET /assets/CSS/bootstrap/bootstrap.js HTTP/1.1" 404 1365
::1 - - [17/Apr/2021:18:06:35 +0200] "GET /index.php?debugbar HTTP/1.1" 200 3329
::1 - - [17/Apr/2021:18:06:35 +0200] "GET /assets/CSS/bootstrap/bootstrap.js HTTP/1.1" 404 1365
::1 - - [17/Apr/2021:18:06:35 +0200] "GET /index.php?debugbar_time=1618675595 HTTP/1.1" 200 101485
::1 - - [17/Apr/2021:18:07:06 +0200] "GET /home HTTP/1.1" 200 6673
::1 - - [17/Apr/2021:18:07:06 +0200] "GET /assets/CSS/style2.css HTTP/1.1" 200 3645
::1 - - [17/Apr/2021:18:07:06 +0200] "GET /assets/CSS/bootstrap/css/bootstrap.css HTTP/1.1" 200 202385
::1 - - [17/Apr/2021:18:07:06 +0200] "GET /index.php?debugbar HTTP/1.1" 200 3329
::1 - - [17/Apr/2021:18:07:06 +0200] "GET /assets/CSS/bootstrap/bootstrap.js HTTP/1.1" 404 1365
::1 - - [17/Apr/2021:18:07:06 +0200] "GET /assets/CSS/bootstrap/bootstrap.js HTTP/1.1" 404 1365
::1 - - [17/Apr/2021:18:07:06 +0200] "GET /index.php?debugbar_time=1618675626 HTTP/1.1" 200 101470
::1 - - [17/Apr/2021:18:07:49 +0200] "GET /home HTTP/1.1" 200 6673
::1 - - [17/Apr/2021:18:07:49 +0200] "GET /assets/CSS/bootstrap/css/bootstrap.css HTTP/1.1" 200 202385
::1 - - [17/Apr/2021:18:07:49 +0200] "GET /assets/CSS/style2.css HTTP/1.1" 200 3630
::1 - - [17/Apr/2021:18:07:49 +0200] "GET /index.php?debugbar HTTP/1.1" 200 3329
::1 - - [17/Apr/2021:18:07:49 +0200] "GET /assets/CSS/bootstrap/bootstrap.js HTTP/1.1" 404 1365
::1 - - [17/Apr/2021:18:07:49 +0200] "GET /assets/CSS/bootstrap/bootstrap.js HTTP/1.1" 404 1365
::1 - - [17/Apr/2021:18:07:50 +0200] "GET /index.php?debugbar_time=1618675669 HTTP/1.1" 200 101432
::1 - - [17/Apr/2021:18:07:57 +0200] "GET /home HTTP/1.1" 200 6673
::1 - - [17/Apr/2021:18:07:57 +0200] "GET /assets/CSS/bootstrap/css/bootstrap.css HTTP/1.1" 200 202385
::1 - - [17/Apr/2021:18:07:57 +0200] "GET /assets/CSS/style2.css HTTP/1.1" 200 3645
::1 - - [17/Apr/2021:18:07:57 +0200] "GET /index.php?debugbar HTTP/1.1" 200 3329
::1 - - [17/Apr/2021:18:07:57 +0200] "GET /assets/CSS/bootstrap/bootstrap.js HTTP/1.1" 404 1365
::1 - - [17/Apr/2021:18:07:57 +0200] "GET /index.php?debugbar_time=1618675677 HTTP/1.1" 200 101137
::1 - - [17/Apr/2021:18:08:33 +0200] "GET /home HTTP/1.1" 200 6673
::1 - - [17/Apr/2021:18:08:33 +0200] "GET /assets/CSS/bootstrap/css/bootstrap.css HTTP/1.1" 200 202385
::1 - - [17/Apr/2021:18:08:33 +0200] "GET /assets/CSS/style2.css HTTP/1.1" 200 3645
::1 - - [17/Apr/2021:18:08:33 +0200] "GET /index.php?debugbar HTTP/1.1" 200 3329
::1 - - [17/Apr/2021:18:08:33 +0200] "GET /assets/CSS/bootstrap/bootstrap.js HTTP/1.1" 404 1365
::1 - - [17/Apr/2021:18:08:33 +0200] "GET /assets/CSS/bootstrap/bootstrap.js HTTP/1.1" 404 1365
::1 - - [17/Apr/2021:18:08:33 +0200] "GET /index.php?debugbar_time=1618675713 HTTP/1.1" 200 101432
::1 - - [17/Apr/2021:18:08:50 +0200] "GET /home HTTP/1.1" 200 6673
::1 - - [17/Apr/2021:18:08:50 +0200] "GET /assets/CSS/style2.css HTTP/1.1" 200 3645
::1 - - [17/Apr/2021:18:08:50 +0200] "GET /assets/CSS/bootstrap/css/bootstrap.css HTTP/1.1" 200 202385
::1 - - [17/Apr/2021:18:08:50 +0200] "GET /index.php?debugbar HTTP/1.1" 200 3329
::1 - - [17/Apr/2021:18:08:50 +0200] "GET /assets/CSS/bootstrap/bootstrap.js HTTP/1.1" 404 1365
::1 - - [17/Apr/2021:18:08:50 +0200] "GET /assets/CSS/bootstrap/bootstrap.js HTTP/1.1" 404 1365
::1 - - [17/Apr/2021:18:08:50 +0200] "GET /index.php?debugbar_time=1618675730 HTTP/1.1" 200 101352
::1 - - [17/Apr/2021:18:09:41 +0200] "GET /home HTTP/1.1" 200 6682
::1 - - [17/Apr/2021:18:09:42 +0200] "GET /assets/CSS/bootstrap/css/bootstrap.css HTTP/1.1" 200 202385
::1 - - [17/Apr/2021:18:09:42 +0200] "GET /assets/CSS/style2.css HTTP/1.1" 200 3645
::1 - - [17/Apr/2021:18:09:42 +0200] "GET /index.php?debugbar HTTP/1.1" 200 3329
::1 - - [17/Apr/2021:18:09:42 +0200] "GET /assets/CSS/bootstrap/bootstrap.js HTTP/1.1" 404 1365
::1 - - [17/Apr/2021:18:09:42 +0200] "GET /assets/CSS/bootstrap/bootstrap.js HTTP/1.1" 404 1365
::1 - - [17/Apr/2021:18:09:42 +0200] "GET /index.php?debugbar_time=1618675782 HTTP/1.1" 200 101348
::1 - - [17/Apr/2021:18:10:04 +0200] "GET /home/odjava HTTP/1.1" 307 261
::1 - - [17/Apr/2021:18:10:04 +0200] "GET /login HTTP/1.1" 200 1162
::1 - - [17/Apr/2021:18:10:05 +0200] "GET /assets/CSS/style2.css HTTP/1.1" 304 -
::1 - - [17/Apr/2021:18:10:05 +0200] "GET /index.php?debugbar HTTP/1.1" 200 3329
::1 - - [17/Apr/2021:18:10:05 +0200] "GET /index.php?debugbar_time=1618675805 HTTP/1.1" 200 76217
::1 - - [17/Apr/2021:18:10:11 +0200] "POST /login/login HTTP/1.1" 303 261
::1 - - [17/Apr/2021:18:10:11 +0200] "GET /home HTTP/1.1" 200 6460
::1 - - [17/Apr/2021:18:10:11 +0200] "GET /index.php?debugbar HTTP/1.1" 200 3329
::1 - - [17/Apr/2021:18:10:11 +0200] "GET /assets/CSS/bootstrap/bootstrap.js HTTP/1.1" 404 1365
::1 - - [17/Apr/2021:18:10:11 +0200] "GET /index.php?debugbar_time=1618675811 HTTP/1.1" 200 93984
127.0.0.1 - - [17/Apr/2021:18:10:16 +0200] "GET / HTTP/1.1" 307 261
127.0.0.1 - - [17/Apr/2021:18:10:16 +0200] "GET /login HTTP/1.1" 200 1162
127.0.0.1 - - [17/Apr/2021:18:10:16 +0200] "GET /assets/CSS/bootstrap/css/bootstrap.css HTTP/1.1" 200 202385
127.0.0.1 - - [17/Apr/2021:18:10:16 +0200] "GET /assets/CSS/style2.css HTTP/1.1" 200 3645
127.0.0.1 - - [17/Apr/2021:18:10:16 +0200] "GET /index.php?debugbar HTTP/1.1" 200 3329
127.0.0.1 - - [17/Apr/2021:18:10:16 +0200] "GET /index.php?debugbar_time=1618675816 HTTP/1.1" 200 75390
127.0.0.1 - - [17/Apr/2021:18:10:16 +0200] "GET /favicon.ico HTTP/1.1" 404 1365
127.0.0.1 - - [17/Apr/2021:18:10:22 +0200] "POST /login/login HTTP/1.1" 303 261
127.0.0.1 - - [17/Apr/2021:18:10:23 +0200] "GET /home HTTP/1.1" 200 6460
127.0.0.1 - - [17/Apr/2021:18:10:23 +0200] "GET /index.php?debugbar HTTP/1.1" 200 3329
127.0.0.1 - - [17/Apr/2021:18:10:23 +0200] "GET /assets/CSS/bootstrap/bootstrap.js HTTP/1.1" 404 1365
127.0.0.1 - - [17/Apr/2021:18:10:23 +0200] "GET /assets/CSS/bootstrap/bootstrap.js HTTP/1.1" 404 1365
127.0.0.1 - - [17/Apr/2021:18:10:23 +0200] "GET /index.php?debugbar_time=1618675823 HTTP/1.1" 200 92365
127.0.0.1 - - [17/Apr/2021:18:10:26 +0200] "GET /home/odjava HTTP/1.1" 307 261
127.0.0.1 - - [17/Apr/2021:18:10:26 +0200] "GET /login HTTP/1.1" 200 1162
127.0.0.1 - - [17/Apr/2021:18:10:26 +0200] "GET /index.php?debugbar HTTP/1.1" 200 3329
127.0.0.1 - - [17/Apr/2021:18:10:26 +0200] "GET /index.php?debugbar_time=1618675826 HTTP/1.1" 200 74927
127.0.0.1 - - [17/Apr/2021:18:10:32 +0200] "POST /login/login HTTP/1.1" 303 261
127.0.0.1 - - [17/Apr/2021:18:10:32 +0200] "GET /home HTTP/1.1" 200 6673
127.0.0.1 - - [17/Apr/2021:18:10:32 +0200] "GET /assets/CSS/style2.css HTTP/1.1" 304 -
127.0.0.1 - - [17/Apr/2021:18:10:32 +0200] "GET /index.php?debugbar HTTP/1.1" 200 3329
127.0.0.1 - - [17/Apr/2021:18:10:32 +0200] "GET /assets/CSS/bootstrap/bootstrap.js HTTP/1.1" 404 1365
127.0.0.1 - - [17/Apr/2021:18:10:33 +0200] "GET /index.php?debugbar_time=1618675832 HTTP/1.1" 200 99511
127.0.0.1 - - [17/Apr/2021:18:10:41 +0200] "GET /izpisDijakov HTTP/1.1" 200 2500
127.0.0.1 - - [17/Apr/2021:18:10:41 +0200] "GET /assets/CSS/bootstrap/bootstrap.js HTTP/1.1" 404 1365
127.0.0.1 - - [17/Apr/2021:18:10:41 +0200] "GET /index.php?debugbar HTTP/1.1" 200 3329
127.0.0.1 - - [17/Apr/2021:18:10:41 +0200] "GET /assets/CSS/bootstrap/bootstrap.js HTTP/1.1" 404 1365
127.0.0.1 - - [17/Apr/2021:18:10:41 +0200] "GET /index.php?debugbar_time=1618675841 HTTP/1.1" 200 82212
127.0.0.1 - - [17/Apr/2021:18:10:42 +0200] "GET /izpisGrafOcen/index/27 HTTP/1.1" 200 7618
127.0.0.1 - - [17/Apr/2021:18:10:42 +0200] "GET /index.php?debugbar HTTP/1.1" 200 3329
127.0.0.1 - - [17/Apr/2021:18:10:42 +0200] "GET /assets/CSS/bootstrap/bootstrap.js HTTP/1.1" 404 1365
127.0.0.1 - - [17/Apr/2021:18:10:42 +0200] "GET /index.php?debugbar_time=1618675842 HTTP/1.1" 200 91254
127.0.0.1 - - [17/Apr/2021:18:10:46 +0200] "GET /home HTTP/1.1" 200 6673
127.0.0.1 - - [17/Apr/2021:18:10:46 +0200] "GET /index.php?debugbar HTTP/1.1" 200 3329
127.0.0.1 - - [17/Apr/2021:18:10:46 +0200] "GET /assets/CSS/bootstrap/bootstrap.js HTTP/1.1" 404 1365
127.0.0.1 - - [17/Apr/2021:18:10:46 +0200] "GET /assets/CSS/bootstrap/bootstrap.js HTTP/1.1" 404 1365
127.0.0.1 - - [17/Apr/2021:18:10:46 +0200] "GET /index.php?debugbar_time=1618675846 HTTP/1.1" 200 99748
127.0.0.1 - - [17/Apr/2021:18:11:15 +0200] "GET /home HTTP/1.1" 200 7857
127.0.0.1 - - [17/Apr/2021:18:11:15 +0200] "GET /assets/CSS/style2.css HTTP/1.1" 200 3645
127.0.0.1 - - [17/Apr/2021:18:11:15 +0200] "GET /assets/CSS/bootstrap/css/bootstrap.css HTTP/1.1" 200 202385
127.0.0.1 - - [17/Apr/2021:18:11:15 +0200] "GET /index.php?debugbar HTTP/1.1" 200 3329
127.0.0.1 - - [17/Apr/2021:18:11:15 +0200] "GET /assets/CSS/bootstrap/bootstrap.js HTTP/1.1" 404 1365
127.0.0.1 - - [17/Apr/2021:18:11:15 +0200] "GET /assets/CSS/bootstrap/bootstrap.js HTTP/1.1" 404 1365
127.0.0.1 - - [17/Apr/2021:18:11:15 +0200] "GET /index.php?debugbar_time=1618675875 HTTP/1.1" 200 100156
127.0.0.1 - - [17/Apr/2021:18:11:15 +0200] "GET /favicon.ico HTTP/1.1" 404 1365
127.0.0.1 - - [17/Apr/2021:18:12:09 +0200] "GET /home HTTP/1.1" 200 7857
127.0.0.1 - - [17/Apr/2021:18:12:10 +0200] "GET /assets/CSS/bootstrap/css/bootstrap.css HTTP/1.1" 200 202385
127.0.0.1 - - [17/Apr/2021:18:12:10 +0200] "GET /assets/CSS/style2.css HTTP/1.1" 200 3645
127.0.0.1 - - [17/Apr/2021:18:12:10 +0200] "GET /index.php?debugbar HTTP/1.1" 200 3329
127.0.0.1 - - [17/Apr/2021:18:12:10 +0200] "GET /assets/CSS/bootstrap/bootstrap.js HTTP/1.1" 404 1365
127.0.0.1 - - [17/Apr/2021:18:12:10 +0200] "GET /assets/CSS/bootstrap/bootstrap.js HTTP/1.1" 404 1365
127.0.0.1 - - [17/Apr/2021:18:12:10 +0200] "GET /index.php?debugbar_time=1618675930 HTTP/1.1" 200 100092
127.0.0.1 - - [17/Apr/2021:18:12:10 +0200] "GET /favicon.ico HTTP/1.1" 404 1365
127.0.0.1 - - [17/Apr/2021:18:13:16 +0200] "GET /home HTTP/1.1" 500 86634
127.0.0.1 - - [17/Apr/2021:18:13:17 +0200] "GET /assets/CSS/style2.css HTTP/1.1" 200 3645
127.0.0.1 - - [17/Apr/2021:18:13:17 +0200] "GET /assets/CSS/bootstrap/css/bootstrap.css HTTP/1.1" 200 202385
127.0.0.1 - - [17/Apr/2021:18:13:17 +0200] "GET /favicon.ico HTTP/1.1" 404 1365
127.0.0.1 - - [17/Apr/2021:18:13:26 +0200] "GET /home HTTP/1.1" 200 7857
127.0.0.1 - - [17/Apr/2021:18:13:26 +0200] "GET /assets/CSS/bootstrap/css/bootstrap.css HTTP/1.1" 200 202385
127.0.0.1 - - [17/Apr/2021:18:13:26 +0200] "GET /assets/CSS/style2.css HTTP/1.1" 200 3645
127.0.0.1 - - [17/Apr/2021:18:13:26 +0200] "GET /index.php?debugbar HTTP/1.1" 200 3329
127.0.0.1 - - [17/Apr/2021:18:13:26 +0200] "GET /assets/CSS/bootstrap/bootstrap.js HTTP/1.1" 404 1365
127.0.0.1 - - [17/Apr/2021:18:13:26 +0200] "GET /assets/CSS/bootstrap/bootstrap.js HTTP/1.1" 404 1365
127.0.0.1 - - [17/Apr/2021:18:13:26 +0200] "GET /index.php?debugbar_time=1618676006 HTTP/1.1" 200 100062
127.0.0.1 - - [17/Apr/2021:18:13:26 +0200] "GET /favicon.ico HTTP/1.1" 404 1365
127.0.0.1 - - [17/Apr/2021:18:13:38 +0200] "GET /home HTTP/1.1" 200 7857
127.0.0.1 - - [17/Apr/2021:18:13:38 +0200] "GET /assets/CSS/style2.css HTTP/1.1" 200 3645
127.0.0.1 - - [17/Apr/2021:18:13:38 +0200] "GET /assets/CSS/bootstrap/css/bootstrap.css HTTP/1.1" 200 202385
127.0.0.1 - - [17/Apr/2021:18:13:38 +0200] "GET /index.php?debugbar HTTP/1.1" 200 3329
127.0.0.1 - - [17/Apr/2021:18:13:38 +0200] "GET /assets/CSS/bootstrap/bootstrap.js HTTP/1.1" 404 1365
127.0.0.1 - - [17/Apr/2021:18:13:38 +0200] "GET /assets/CSS/bootstrap/bootstrap.js HTTP/1.1" 404 1365
127.0.0.1 - - [17/Apr/2021:18:13:38 +0200] "GET /index.php?debugbar_time=1618676018 HTTP/1.1" 200 100186
127.0.0.1 - - [17/Apr/2021:18:13:38 +0200] "GET /favicon.ico HTTP/1.1" 404 1365
::1 - - [17/Apr/2021:18:13:48 +0200] "GET /home HTTP/1.1" 200 6460
::1 - - [17/Apr/2021:18:13:48 +0200] "GET /assets/CSS/bootstrap/css/bootstrap.css HTTP/1.1" 200 202385
::1 - - [17/Apr/2021:18:13:48 +0200] "GET /assets/CSS/style2.css HTTP/1.1" 200 3645
::1 - - [17/Apr/2021:18:13:48 +0200] "GET /assets/CSS/bootstrap/bootstrap.js HTTP/1.1" 404 1365
::1 - - [17/Apr/2021:18:13:48 +0200] "GET /index.php?debugbar HTTP/1.1" 200 3329
::1 - - [17/Apr/2021:18:13:49 +0200] "GET /assets/CSS/bootstrap/bootstrap.js HTTP/1.1" 404 1365
::1 - - [17/Apr/2021:18:13:49 +0200] "GET /index.php?debugbar_time=1618676028 HTTP/1.1" 200 93953
127.0.0.1 - - [17/Apr/2021:18:14:59 +0200] "GET /home HTTP/1.1" 200 10697
127.0.0.1 - - [17/Apr/2021:18:14:59 +0200] "GET /assets/CSS/style2.css HTTP/1.1" 200 3645
127.0.0.1 - - [17/Apr/2021:18:14:59 +0200] "GET /assets/CSS/bootstrap/css/bootstrap.css HTTP/1.1" 200 202385
127.0.0.1 - - [17/Apr/2021:18:14:59 +0200] "GET /index.php?debugbar HTTP/1.1" 200 3329
127.0.0.1 - - [17/Apr/2021:18:14:59 +0200] "GET /assets/CSS/bootstrap/bootstrap.js HTTP/1.1" 404 1365
127.0.0.1 - - [17/Apr/2021:18:14:59 +0200] "GET /assets/CSS/bootstrap/bootstrap.js HTTP/1.1" 404 1365
127.0.0.1 - - [17/Apr/2021:18:14:59 +0200] "GET /index.php?debugbar_time=1618676099 HTTP/1.1" 200 100147
127.0.0.1 - - [17/Apr/2021:18:15:00 +0200] "GET /favicon.ico HTTP/1.1" 404 1365
127.0.0.1 - - [17/Apr/2021:18:15:05 +0200] "GET /home/odjava HTTP/1.1" 307 261
127.0.0.1 - - [17/Apr/2021:18:15:06 +0200] "GET /login HTTP/1.1" 200 1162
127.0.0.1 - - [17/Apr/2021:18:15:06 +0200] "GET /index.php?debugbar HTTP/1.1" 200 3329
127.0.0.1 - - [17/Apr/2021:18:15:06 +0200] "GET /index.php?debugbar_time=1618676106 HTTP/1.1" 200 74934
::1 - - [17/Apr/2021:18:15:11 +0200] "GET /home HTTP/1.1" 200 6460
::1 - - [17/Apr/2021:18:15:11 +0200] "GET /assets/CSS/style2.css HTTP/1.1" 200 3645
::1 - - [17/Apr/2021:18:15:11 +0200] "GET /assets/CSS/bootstrap/css/bootstrap.css HTTP/1.1" 200 202385
::1 - - [17/Apr/2021:18:15:11 +0200] "GET /index.php?debugbar HTTP/1.1" 200 3329
::1 - - [17/Apr/2021:18:15:11 +0200] "GET /assets/CSS/bootstrap/bootstrap.js HTTP/1.1" 404 1365
::1 - - [17/Apr/2021:18:15:11 +0200] "GET /assets/CSS/bootstrap/bootstrap.js HTTP/1.1" 404 1365
::1 - - [17/Apr/2021:18:15:11 +0200] "GET /index.php?debugbar_time=1618676111 HTTP/1.1" 200 94089
127.0.0.1 - - [17/Apr/2021:18:15:22 +0200] "POST /login/login HTTP/1.1" 200 1499
127.0.0.1 - - [17/Apr/2021:18:15:22 +0200] "GET /index.php?debugbar HTTP/1.1" 200 3329
127.0.0.1 - - [17/Apr/2021:18:15:22 +0200] "GET /index.php?debugbar_time=1618676122 HTTP/1.1" 200 137007
127.0.0.1 - - [17/Apr/2021:18:15:22 +0200] "GET /favicon.ico HTTP/1.1" 404 1365
127.0.0.1 - - [17/Apr/2021:18:15:30 +0200] "POST /login/login/login HTTP/1.1" 303 261
127.0.0.1 - - [17/Apr/2021:18:15:30 +0200] "GET /home HTTP/1.1" 200 2326
127.0.0.1 - - [17/Apr/2021:18:15:30 +0200] "GET /index.php?debugbar HTTP/1.1" 200 3329
127.0.0.1 - - [17/Apr/2021:18:15:30 +0200] "GET /assets/CSS/bootstrap/bootstrap.js HTTP/1.1" 404 1365
127.0.0.1 - - [17/Apr/2021:18:15:30 +0200] "GET /index.php?debugbar_time=1618676130 HTTP/1.1" 200 89758
127.0.0.1 - - [17/Apr/2021:18:15:32 +0200] "GET /izpisDijakov HTTP/1.1" 200 2113
127.0.0.1 - - [17/Apr/2021:18:15:32 +0200] "GET /index.php?debugbar HTTP/1.1" 200 3329
127.0.0.1 - - [17/Apr/2021:18:15:32 +0200] "GET /assets/CSS/bootstrap/bootstrap.js HTTP/1.1" 404 1365
127.0.0.1 - - [17/Apr/2021:18:15:32 +0200] "GET /index.php?debugbar_time=1618676132 HTTP/1.1" 200 81659
127.0.0.1 - - [17/Apr/2021:18:15:33 +0200] "GET /izpisZapiskov_razred HTTP/1.1" 200 2151
127.0.0.1 - - [17/Apr/2021:18:15:33 +0200] "GET /index.php?debugbar HTTP/1.1" 200 3329
127.0.0.1 - - [17/Apr/2021:18:15:33 +0200] "GET /assets/CSS/bootstrap/bootstrap.js HTTP/1.1" 404 1365
127.0.0.1 - - [17/Apr/2021:18:15:34 +0200] "GET /index.php?debugbar_time=1618676133 HTTP/1.1" 200 82200
127.0.0.1 - - [17/Apr/2021:18:15:34 +0200] "GET /izpisZapiskov_moji HTTP/1.1" 200 2143
127.0.0.1 - - [17/Apr/2021:18:15:34 +0200] "GET /index.php?debugbar HTTP/1.1" 200 3329
127.0.0.1 - - [17/Apr/2021:18:15:34 +0200] "GET /assets/CSS/bootstrap/bootstrap.js HTTP/1.1" 404 1365
127.0.0.1 - - [17/Apr/2021:18:15:34 +0200] "GET /index.php?debugbar_time=1618676134 HTTP/1.1" 200 82225
127.0.0.1 - - [17/Apr/2021:18:15:35 +0200] "GET /izpisDijakov HTTP/1.1" 200 2113
127.0.0.1 - - [17/Apr/2021:18:15:35 +0200] "GET /index.php?debugbar HTTP/1.1" 200 3329
127.0.0.1 - - [17/Apr/2021:18:15:35 +0200] "GET /assets/CSS/bootstrap/bootstrap.js HTTP/1.1" 404 1365
127.0.0.1 - - [17/Apr/2021:18:15:35 +0200] "GET /assets/CSS/bootstrap/bootstrap.js HTTP/1.1" 404 1365
127.0.0.1 - - [17/Apr/2021:18:15:35 +0200] "GET /index.php?debugbar_time=1618676135 HTTP/1.1" 200 81740
127.0.0.1 - - [17/Apr/2021:18:15:38 +0200] "GET /izpisDijakov HTTP/1.1" 200 2113
127.0.0.1 - - [17/Apr/2021:18:15:39 +0200] "GET /index.php?debugbar HTTP/1.1" 200 3329
127.0.0.1 - - [17/Apr/2021:18:15:39 +0200] "GET /assets/CSS/bootstrap/bootstrap.js HTTP/1.1" 404 1365
127.0.0.1 - - [17/Apr/2021:18:15:39 +0200] "GET /index.php?debugbar_time=1618676139 HTTP/1.1" 200 81730
127.0.0.1 - - [17/Apr/2021:18:15:40 +0200] "GET /administracija HTTP/1.1" 200 2949
127.0.0.1 - - [17/Apr/2021:18:15:40 +0200] "GET /index.php?debugbar HTTP/1.1" 200 3329
127.0.0.1 - - [17/Apr/2021:18:15:40 +0200] "GET /assets/CSS/bootstrap/bootstrap.js HTTP/1.1" 404 1365
127.0.0.1 - - [17/Apr/2021:18:15:40 +0200] "GET /index.php?debugbar_time=1618676140 HTTP/1.1" 200 82880
127.0.0.1 - - [17/Apr/2021:18:15:42 +0200] "GET /urejanjeUporabnika/index/17 HTTP/1.1" 200 3285
127.0.0.1 - - [17/Apr/2021:18:15:42 +0200] "GET /assets/CSS/style2.css HTTP/1.1" 200 3645
127.0.0.1 - - [17/Apr/2021:18:15:42 +0200] "GET /index.php?debugbar HTTP/1.1" 200 3329
127.0.0.1 - - [17/Apr/2021:18:15:42 +0200] "GET /assets/CSS/bootstrap/bootstrap.js HTTP/1.1" 404 1365
127.0.0.1 - - [17/Apr/2021:18:15:42 +0200] "GET /index.php?debugbar_time=1618676142 HTTP/1.1" 200 83047
127.0.0.1 - - [17/Apr/2021:18:15:45 +0200] "POST /urejanjeUporabnika/shrani/17 HTTP/1.1" 303 261
127.0.0.1 - - [17/Apr/2021:18:15:46 +0200] "GET /administracija HTTP/1.1" 200 2949
127.0.0.1 - - [17/Apr/2021:18:15:46 +0200] "GET /index.php?debugbar HTTP/1.1" 200 3329
127.0.0.1 - - [17/Apr/2021:18:15:46 +0200] "GET /assets/CSS/bootstrap/bootstrap.js HTTP/1.1" 404 1365
127.0.0.1 - - [17/Apr/2021:18:15:46 +0200] "GET /index.php?debugbar_time=1618676146 HTTP/1.1" 200 82934
127.0.0.1 - - [17/Apr/2021:18:15:47 +0200] "GET /home/odjava HTTP/1.1" 307 261
127.0.0.1 - - [17/Apr/2021:18:15:47 +0200] "GET /login HTTP/1.1" 200 1162
127.0.0.1 - - [17/Apr/2021:18:15:47 +0200] "GET /index.php?debugbar HTTP/1.1" 200 3329
127.0.0.1 - - [17/Apr/2021:18:15:47 +0200] "GET /index.php?debugbar_time=1618676147 HTTP/1.1" 200 75024
127.0.0.1 - - [17/Apr/2021:18:15:53 +0200] "POST /login/login HTTP/1.1" 200 1499
127.0.0.1 - - [17/Apr/2021:18:15:53 +0200] "GET /index.php?debugbar HTTP/1.1" 200 3329
127.0.0.1 - - [17/Apr/2021:18:15:53 +0200] "GET /index.php?debugbar_time=1618676153 HTTP/1.1" 200 137028
127.0.0.1 - - [17/Apr/2021:18:16:00 +0200] "POST /login/login/login HTTP/1.1" 303 261
127.0.0.1 - - [17/Apr/2021:18:16:00 +0200] "GET /home HTTP/1.1" 200 6156
127.0.0.1 - - [17/Apr/2021:18:16:00 +0200] "GET /assets/CSS/bootstrap/bootstrap.js HTTP/1.1" 404 1365
127.0.0.1 - - [17/Apr/2021:18:16:00 +0200] "GET /index.php?debugbar HTTP/1.1" 200 3329
127.0.0.1 - - [17/Apr/2021:18:16:00 +0200] "GET /assets/CSS/bootstrap/bootstrap.js HTTP/1.1" 404 1365
127.0.0.1 - - [17/Apr/2021:18:16:00 +0200] "GET /index.php?debugbar_time=1618676160 HTTP/1.1" 200 89845
127.0.0.1 - - [17/Apr/2021:18:16:28 +0200] "GET /home/odjava HTTP/1.1" 307 261
127.0.0.1 - - [17/Apr/2021:18:16:28 +0200] "GET /login HTTP/1.1" 200 1162
127.0.0.1 - - [17/Apr/2021:18:16:28 +0200] "GET /assets/CSS/style2.css HTTP/1.1" 304 -
127.0.0.1 - - [17/Apr/2021:18:16:28 +0200] "GET /index.php?debugbar HTTP/1.1" 200 3329
127.0.0.1 - - [17/Apr/2021:18:16:28 +0200] "GET /index.php?debugbar_time=1618676188 HTTP/1.1" 200 75012
127.0.0.1 - - [17/Apr/2021:18:16:37 +0200] "POST /login/login HTTP/1.1" 303 261
127.0.0.1 - - [17/Apr/2021:18:16:37 +0200] "GET /home HTTP/1.1" 200 2326
127.0.0.1 - - [17/Apr/2021:18:16:37 +0200] "GET /index.php?debugbar HTTP/1.1" 200 3329
127.0.0.1 - - [17/Apr/2021:18:16:37 +0200] "GET /assets/CSS/bootstrap/bootstrap.js HTTP/1.1" 404 1365
127.0.0.1 - - [17/Apr/2021:18:16:37 +0200] "GET /index.php?debugbar_time=1618676197 HTTP/1.1" 200 89840
127.0.0.1 - - [17/Apr/2021:18:16:39 +0200] "GET /administracija HTTP/1.1" 200 2949
127.0.0.1 - - [17/Apr/2021:18:16:39 +0200] "GET /assets/CSS/bootstrap/bootstrap.js HTTP/1.1" 404 1365
127.0.0.1 - - [17/Apr/2021:18:16:39 +0200] "GET /index.php?debugbar HTTP/1.1" 200 3329
127.0.0.1 - - [17/Apr/2021:18:16:39 +0200] "GET /assets/CSS/bootstrap/bootstrap.js HTTP/1.1" 404 1365
127.0.0.1 - - [17/Apr/2021:18:16:39 +0200] "GET /index.php?debugbar_time=1618676199 HTTP/1.1" 200 82825
127.0.0.1 - - [17/Apr/2021:18:16:47 +0200] "GET /urejanjeUporabnika/index/17 HTTP/1.1" 200 3285
127.0.0.1 - - [17/Apr/2021:18:16:47 +0200] "GET /index.php?debugbar HTTP/1.1" 200 3329
127.0.0.1 - - [17/Apr/2021:18:16:47 +0200] "GET /assets/CSS/bootstrap/bootstrap.js HTTP/1.1" 404 1365
127.0.0.1 - - [17/Apr/2021:18:16:47 +0200] "GET /index.php?debugbar_time=1618676207 HTTP/1.1" 200 83074
127.0.0.1 - - [17/Apr/2021:18:16:51 +0200] "POST /urejanjeUporabnika/shrani/17 HTTP/1.1" 303 261
127.0.0.1 - - [17/Apr/2021:18:16:51 +0200] "GET /administracija HTTP/1.1" 200 2949
127.0.0.1 - - [17/Apr/2021:18:16:52 +0200] "GET /index.php?debugbar HTTP/1.1" 200 3329
127.0.0.1 - - [17/Apr/2021:18:16:52 +0200] "GET /assets/CSS/bootstrap/bootstrap.js HTTP/1.1" 404 1365
127.0.0.1 - - [17/Apr/2021:18:16:52 +0200] "GET /index.php?debugbar_time=1618676211 HTTP/1.1" 200 82891
127.0.0.1 - - [17/Apr/2021:18:17:16 +0200] "GET /administracija HTTP/1.1" 200 2516
127.0.0.1 - - [17/Apr/2021:18:17:16 +0200] "GET /assets/CSS/style2.css HTTP/1.1" 200 3645
127.0.0.1 - - [17/Apr/2021:18:17:16 +0200] "GET /assets/CSS/bootstrap/css/bootstrap.css HTTP/1.1" 200 202385
127.0.0.1 - - [17/Apr/2021:18:17:16 +0200] "GET /index.php?debugbar HTTP/1.1" 200 3329
127.0.0.1 - - [17/Apr/2021:18:17:16 +0200] "GET /assets/CSS/bootstrap/bootstrap.js HTTP/1.1" 404 1365
127.0.0.1 - - [17/Apr/2021:18:17:16 +0200] "GET /index.php?debugbar_time=1618676236 HTTP/1.1" 200 83233
127.0.0.1 - - [17/Apr/2021:18:17:16 +0200] "GET /favicon.ico HTTP/1.1" 404 1365
127.0.0.1 - - [17/Apr/2021:18:17:17 +0200] "GET /home HTTP/1.1" 200 1893
127.0.0.1 - - [17/Apr/2021:18:17:17 +0200] "GET /assets/CSS/bootstrap/bootstrap.js HTTP/1.1" 404 1365
127.0.0.1 - - [17/Apr/2021:18:17:17 +0200] "GET /index.php?debugbar HTTP/1.1" 200 3329
127.0.0.1 - - [17/Apr/2021:18:17:17 +0200] "GET /assets/CSS/bootstrap/bootstrap.js HTTP/1.1" 404 1365
127.0.0.1 - - [17/Apr/2021:18:17:17 +0200] "GET /index.php?debugbar_time=1618676237 HTTP/1.1" 200 90074
127.0.0.1 - - [17/Apr/2021:18:17:17 +0200] "GET /favicon.ico HTTP/1.1" 404 1365
127.0.0.1 - - [17/Apr/2021:18:17:18 +0200] "GET /administracija HTTP/1.1" 200 2516
127.0.0.1 - - [17/Apr/2021:18:17:18 +0200] "GET /index.php?debugbar HTTP/1.1" 200 3329
127.0.0.1 - - [17/Apr/2021:18:17:18 +0200] "GET /assets/CSS/bootstrap/bootstrap.js HTTP/1.1" 404 1365
127.0.0.1 - - [17/Apr/2021:18:17:18 +0200] "GET /index.php?debugbar_time=1618676238 HTTP/1.1" 200 82902
