[Fri Oct 30 11:06:01.905741 2020] [mpm_winnt:notice] [pid 3616:tid 672] AH00455: Apache/2.4.41 (Win32) PHP/7.4.3 configured -- resuming normal operations
[Fri Oct 30 11:06:01.905741 2020] [mpm_winnt:notice] [pid 3616:tid 672] AH00456: Apache Lounge VS16 Server built: Aug  9 2019 16:32:28
[Fri Oct 30 11:06:01.905741 2020] [core:notice] [pid 3616:tid 672] AH00094: Command line: 'C:\\Users\\Jacob\\Desktop\\zakljucnaVse\\zakljucna/apache2/bin/httpd_usbwv8.exe -d C:/Users/Jacob/Desktop/zakljucnaVse/zakljucna/apache2'
[Fri Oct 30 11:06:01.905741 2020] [mpm_winnt:notice] [pid 3616:tid 672] AH00418: Parent: Created child process 5704
[Fri Oct 30 11:06:08.645411 2020] [mpm_winnt:notice] [pid 5704:tid 636] AH00354: Child: Starting 64 worker threads.
[Fri Oct 30 11:07:57.948245 2020] [authz_core:error] [pid 5704:tid 1132] [client ::1:49863] AH01630: client denied by server configuration: C:/Users/Jacob/Desktop/zakljucnaVse/zakljucna/root/dnevnikUcitelj/app/
[Fri Oct 30 11:07:57.963950 2020] [authz_core:error] [pid 5704:tid 1132] [client ::1:49863] AH01630: client denied by server configuration: C:/Users/Jacob/Desktop/zakljucnaVse/zakljucna/root/dnevnikUcitelj/system/
[Fri Oct 30 11:07:57.963950 2020] [authz_core:error] [pid 5704:tid 1132] [client ::1:49863] AH01630: client denied by server configuration: C:/Users/Jacob/Desktop/zakljucnaVse/zakljucna/root/dnevnikUcitelj/writable/
[Fri Oct 30 11:08:07.325274 2020] [php7:error] [pid 5704:tid 1132] [client ::1:49864] script 'C:/Users/Jacob/Desktop/zakljucnaVse/zakljucna/root/dnevnikUcitelj/index.php' not found or unable to stat, referer: http://localhost/public/
[Fri Oct 30 11:08:07.387893 2020] [php7:error] [pid 5704:tid 1132] [client ::1:49864] script 'C:/Users/Jacob/Desktop/zakljucnaVse/zakljucna/root/dnevnikUcitelj/index.php' not found or unable to stat, referer: http://localhost/public/
[Fri Oct 30 11:08:13.729995 2020] [php7:error] [pid 5704:tid 1112] [client ::1:49869] script 'C:/Users/Jacob/Desktop/zakljucnaVse/zakljucna/root/dnevnikUcitelj/index.php' not found or unable to stat, referer: http://localhost/public/login
[Fri Oct 30 11:09:19.262835 2020] [php7:error] [pid 5704:tid 1112] [client ::1:49892] script 'C:/Users/Jacob/Desktop/zakljucnaVse/zakljucna/root/dnevnikUcitelj/index.php' not found or unable to stat, referer: http://localhost/public/index.php
[Fri Oct 30 11:09:19.262835 2020] [php7:error] [pid 5704:tid 1112] [client ::1:49892] script 'C:/Users/Jacob/Desktop/zakljucnaVse/zakljucna/root/dnevnikUcitelj/index.php' not found or unable to stat, referer: http://localhost/public/index.php
[Fri Oct 30 11:11:52.686914 2020] [php7:error] [pid 5704:tid 1132] [client ::1:49933] script 'C:/Users/Jacob/Desktop/zakljucnaVse/zakljucna/root/dnevnikUcitelj/index.php' not found or unable to stat, referer: http://localhost/public/
[Fri Oct 30 11:11:52.689385 2020] [php7:error] [pid 5704:tid 1132] [client ::1:49933] script 'C:/Users/Jacob/Desktop/zakljucnaVse/zakljucna/root/dnevnikUcitelj/index.php' not found or unable to stat, referer: http://localhost/public/
[Fri Oct 30 11:33:54.901994 2020] [authz_core:error] [pid 5704:tid 1112] [client ::1:50016] AH01630: client denied by server configuration: C:/Users/Jacob/Desktop/zakljucnaVse/zakljucna/root/dnevnikUcitelj/app/
[Fri Oct 30 11:33:54.901994 2020] [authz_core:error] [pid 5704:tid 1112] [client ::1:50016] AH01630: client denied by server configuration: C:/Users/Jacob/Desktop/zakljucnaVse/zakljucna/root/dnevnikUcitelj/system/
[Fri Oct 30 11:33:54.901994 2020] [authz_core:error] [pid 5704:tid 1112] [client ::1:50016] AH01630: client denied by server configuration: C:/Users/Jacob/Desktop/zakljucnaVse/zakljucna/root/dnevnikUcitelj/writable/
[Fri Oct 30 11:33:56.547143 2020] [php7:error] [pid 5704:tid 1112] [client ::1:50016] script 'C:/Users/Jacob/Desktop/zakljucnaVse/zakljucna/root/dnevnikUcitelj/index.php' not found or unable to stat, referer: http://localhost/public/
[Fri Oct 30 11:33:56.547143 2020] [php7:error] [pid 5704:tid 1112] [client ::1:50016] script 'C:/Users/Jacob/Desktop/zakljucnaVse/zakljucna/root/dnevnikUcitelj/index.php' not found or unable to stat, referer: http://localhost/public/
[Fri Oct 30 11:43:14.697969 2020] [php7:error] [pid 5704:tid 1132] [client ::1:50070] script 'C:/Users/Jacob/Desktop/zakljucnaVse/zakljucna/root/dnevnikUcitelj/index.php' not found or unable to stat, referer: http://localhost/public/
[Fri Oct 30 11:43:15.639242 2020] [php7:error] [pid 5704:tid 1132] [client ::1:50070] script 'C:/Users/Jacob/Desktop/zakljucnaVse/zakljucna/root/dnevnikUcitelj/index.php' not found or unable to stat, referer: http://localhost/public/
[Fri Oct 30 11:44:17.922726 2020] [php7:error] [pid 5704:tid 1112] [client ::1:50072] script 'C:/Users/Jacob/Desktop/zakljucnaVse/zakljucna/root/dnevnikUcitelj/index.php' not found or unable to stat, referer: http://localhost/public/
[Fri Oct 30 11:45:18.943152 2020] [php7:error] [pid 5704:tid 1112] [client ::1:50074] script 'C:/Users/Jacob/Desktop/zakljucnaVse/zakljucna/root/dnevnikUcitelj/index.php' not found or unable to stat, referer: http://localhost/public/
[Fri Oct 30 11:45:30.844597 2020] [php7:error] [pid 5704:tid 1132] [client ::1:50076] script 'C:/Users/Jacob/Desktop/zakljucnaVse/zakljucna/root/dnevnikUcitelj/index.php' not found or unable to stat, referer: http://localhost/public/
[Fri Oct 30 11:45:46.754926 2020] [php7:error] [pid 5704:tid 1132] [client ::1:50081] script 'C:/Users/Jacob/Desktop/zakljucnaVse/zakljucna/root/dnevnikUcitelj/index.php' not found or unable to stat, referer: http://localhost/public/
[Fri Oct 30 11:45:47.941458 2020] [php7:error] [pid 5704:tid 1132] [client ::1:50081] script 'C:/Users/Jacob/Desktop/zakljucnaVse/zakljucna/root/dnevnikUcitelj/index.php' not found or unable to stat, referer: http://localhost/public/
[Fri Oct 30 11:45:50.711138 2020] [php7:error] [pid 5704:tid 1132] [client ::1:50081] script 'C:/Users/Jacob/Desktop/zakljucnaVse/zakljucna/root/dnevnikUcitelj/index.php' not found or unable to stat, referer: http://localhost/public/
[Fri Oct 30 11:49:07.461041 2020] [php7:error] [pid 5704:tid 1132] [client ::1:50085] script 'C:/Users/Jacob/Desktop/zakljucnaVse/zakljucna/root/dnevnikUcitelj/index.php' not found or unable to stat, referer: http://localhost/public/
[Fri Oct 30 11:50:13.919640 2020] [php7:error] [pid 5704:tid 1132] [client ::1:50088] script 'C:/Users/Jacob/Desktop/zakljucnaVse/zakljucna/root/dnevnikUcitelj/index.php' not found or unable to stat, referer: http://localhost/public/
[Fri Oct 30 11:50:45.414203 2020] [php7:error] [pid 5704:tid 1132] [client ::1:50089] script 'C:/Users/Jacob/Desktop/zakljucnaVse/zakljucna/root/dnevnikUcitelj/index.php' not found or unable to stat, referer: http://localhost/public/
[Fri Oct 30 11:52:36.669387 2020] [php7:error] [pid 5704:tid 1132] [client ::1:50090] script 'C:/Users/Jacob/Desktop/zakljucnaVse/zakljucna/root/dnevnikUcitelj/index.php' not found or unable to stat, referer: http://localhost/public/
[Fri Oct 30 11:55:32.521886 2020] [php7:error] [pid 5704:tid 1132] [client ::1:50092] script 'C:/Users/Jacob/Desktop/zakljucnaVse/zakljucna/root/dnevnikUcitelj/index.php' not found or unable to stat, referer: http://localhost/public/
[Fri Oct 30 11:55:33.193926 2020] [php7:error] [pid 5704:tid 1132] [client ::1:50092] script 'C:/Users/Jacob/Desktop/zakljucnaVse/zakljucna/root/dnevnikUcitelj/index.php' not found or unable to stat, referer: http://localhost/public/
[Fri Oct 30 11:55:57.084915 2020] [php7:error] [pid 5704:tid 1132] [client ::1:50093] script 'C:/Users/Jacob/Desktop/zakljucnaVse/zakljucna/root/dnevnikUcitelj/index.php' not found or unable to stat, referer: http://localhost/public/
[Fri Oct 30 11:55:57.773657 2020] [php7:error] [pid 5704:tid 1132] [client ::1:50093] script 'C:/Users/Jacob/Desktop/zakljucnaVse/zakljucna/root/dnevnikUcitelj/index.php' not found or unable to stat, referer: http://localhost/public/
[Fri Oct 30 11:55:58.389964 2020] [php7:error] [pid 5704:tid 1132] [client ::1:50093] script 'C:/Users/Jacob/Desktop/zakljucnaVse/zakljucna/root/dnevnikUcitelj/index.php' not found or unable to stat, referer: http://localhost/public/
[Fri Oct 30 11:55:58.916670 2020] [php7:error] [pid 5704:tid 1132] [client ::1:50093] script 'C:/Users/Jacob/Desktop/zakljucnaVse/zakljucna/root/dnevnikUcitelj/index.php' not found or unable to stat, referer: http://localhost/public/
[Fri Oct 30 11:56:16.380107 2020] [php7:error] [pid 5704:tid 1132] [client ::1:50094] script 'C:/Users/Jacob/Desktop/zakljucnaVse/zakljucna/root/dnevnikUcitelj/index.php' not found or unable to stat, referer: http://localhost/public/
[Fri Oct 30 11:56:23.167627 2020] [php7:error] [pid 5704:tid 1112] [client ::1:50096] script 'C:/Users/Jacob/Desktop/zakljucnaVse/zakljucna/root/dnevnikUcitelj/index.php' not found or unable to stat, referer: http://localhost/public/
[Fri Oct 30 11:56:28.143247 2020] [php7:error] [pid 5704:tid 1112] [client ::1:50096] script 'C:/Users/Jacob/Desktop/zakljucnaVse/zakljucna/root/dnevnikUcitelj/index.php' not found or unable to stat, referer: http://localhost/public/login
[Fri Oct 30 11:58:23.452394 2020] [php7:error] [pid 5704:tid 1112] [client ::1:50124] script 'C:/Users/Jacob/Desktop/zakljucnaVse/zakljucna/root/dnevnikUcitelj/index.php' not found or unable to stat, referer: http://localhost/public/
[Fri Oct 30 11:58:51.702036 2020] [php7:error] [pid 5704:tid 1132] [client ::1:50126] script 'C:/Users/Jacob/Desktop/zakljucnaVse/zakljucna/root/dnevnikUcitelj/index.php' not found or unable to stat, referer: http://localhost/public/
[Fri Oct 30 11:58:53.326134 2020] [php7:error] [pid 5704:tid 1132] [client ::1:50126] script 'C:/Users/Jacob/Desktop/zakljucnaVse/zakljucna/root/dnevnikUcitelj/index.php' not found or unable to stat, referer: http://localhost/public/
[Fri Oct 30 11:58:54.485287 2020] [php7:error] [pid 5704:tid 1132] [client ::1:50126] script 'C:/Users/Jacob/Desktop/zakljucnaVse/zakljucna/root/dnevnikUcitelj/index.php' not found or unable to stat, referer: http://localhost/public/
[Fri Oct 30 12:00:24.628560 2020] [php7:error] [pid 5704:tid 1112] [client ::1:50158] script 'C:/Users/Jacob/Desktop/zakljucnaVse/zakljucna/root/dnevnikUcitelj/index.php' not found or unable to stat, referer: http://localhost/public/
[Fri Oct 30 12:04:58.181140 2020] [php7:error] [pid 5704:tid 1132] [client ::1:50188] script 'C:/Users/Jacob/Desktop/zakljucnaVse/zakljucna/root/dnevnikUcitelj/index.php' not found or unable to stat, referer: http://localhost/public/
[Fri Oct 30 12:05:21.665830 2020] [php7:error] [pid 5704:tid 1112] [client ::1:50192] script 'C:/Users/Jacob/Desktop/zakljucnaVse/zakljucna/root/dnevnikUcitelj/index.php' not found or unable to stat, referer: http://localhost/public/
[Fri Oct 30 12:06:07.043149 2020] [php7:error] [pid 5704:tid 1124] [client ::1:50197] script 'C:/Users/Jacob/Desktop/zakljucnaVse/zakljucna/root/dnevnikUcitelj/index.php' not found or unable to stat, referer: http://localhost/public/
[Fri Oct 30 12:07:02.711502 2020] [php7:error] [pid 5704:tid 1112] [client ::1:50209] script 'C:/Users/Jacob/Desktop/zakljucnaVse/zakljucna/root/dnevnikUcitelj/index.php' not found or unable to stat, referer: http://localhost/public/
[Fri Oct 30 12:07:24.648493 2020] [php7:error] [pid 5704:tid 1124] [client ::1:50212] script 'C:/Users/Jacob/Desktop/zakljucnaVse/zakljucna/root/dnevnikUcitelj/index.php' not found or unable to stat, referer: http://localhost/public/
[Fri Oct 30 12:07:41.494155 2020] [php7:error] [pid 5704:tid 1132] [client ::1:50214] script 'C:/Users/Jacob/Desktop/zakljucnaVse/zakljucna/root/dnevnikUcitelj/index.php' not found or unable to stat, referer: http://localhost/public/
[Fri Oct 30 12:09:33.575840 2020] [php7:error] [pid 5704:tid 1124] [client ::1:50229] script 'C:/Users/Jacob/Desktop/zakljucnaVse/zakljucna/root/dnevnikUcitelj/index.php' not found or unable to stat, referer: http://localhost/public/
[Fri Oct 30 12:09:44.747992 2020] [php7:error] [pid 5704:tid 1112] [client ::1:50232] script 'C:/Users/Jacob/Desktop/zakljucnaVse/zakljucna/root/dnevnikUcitelj/index.php' not found or unable to stat, referer: http://localhost/public/
[Fri Oct 30 12:10:16.791093 2020] [php7:error] [pid 5704:tid 1132] [client ::1:50235] script 'C:/Users/Jacob/Desktop/zakljucnaVse/zakljucna/root/dnevnikUcitelj/index.php' not found or unable to stat, referer: http://localhost/public/
[Fri Oct 30 12:10:37.062990 2020] [php7:error] [pid 5704:tid 1124] [client ::1:50238] script 'C:/Users/Jacob/Desktop/zakljucnaVse/zakljucna/root/dnevnikUcitelj/index.php' not found or unable to stat, referer: http://localhost/public/
[Fri Oct 30 12:10:51.649815 2020] [php7:error] [pid 5704:tid 1112] [client ::1:50241] script 'C:/Users/Jacob/Desktop/zakljucnaVse/zakljucna/root/dnevnikUcitelj/index.php' not found or unable to stat, referer: http://localhost/public/
[Fri Oct 30 12:15:56.828537 2020] [php7:error] [pid 5704:tid 1124] [client ::1:50251] script 'C:/Users/Jacob/Desktop/zakljucnaVse/zakljucna/root/dnevnikUcitelj/index.php' not found or unable to stat, referer: http://localhost/public/
[Fri Oct 30 12:15:58.905600 2020] [php7:error] [pid 5704:tid 1124] [client ::1:50251] script 'C:/Users/Jacob/Desktop/zakljucnaVse/zakljucna/root/dnevnikUcitelj/index.php' not found or unable to stat, referer: http://localhost/public/
[Fri Oct 30 12:16:09.041752 2020] [php7:error] [pid 5704:tid 1124] [client ::1:50254] script 'C:/Users/Jacob/Desktop/zakljucnaVse/zakljucna/root/dnevnikUcitelj/index.php' not found or unable to stat, referer: http://localhost/public/
[Fri Oct 30 12:16:09.572815 2020] [php7:error] [pid 5704:tid 1124] [client ::1:50254] script 'C:/Users/Jacob/Desktop/zakljucnaVse/zakljucna/root/dnevnikUcitelj/Home.php' not found or unable to stat, referer: http://localhost/public/
[Fri Oct 30 12:16:20.020250 2020] [php7:error] [pid 5704:tid 1124] [client ::1:50256] script 'C:/Users/Jacob/Desktop/zakljucnaVse/zakljucna/root/dnevnikUcitelj/index.php' not found or unable to stat, referer: http://localhost/public/
[Fri Oct 30 12:16:23.888311 2020] [php7:error] [pid 5704:tid 1124] [client ::1:50256] script 'C:/Users/Jacob/Desktop/zakljucnaVse/zakljucna/root/dnevnikUcitelj/index.php' not found or unable to stat, referer: http://localhost/public/
[Fri Oct 30 12:16:40.294399 2020] [php7:error] [pid 5704:tid 1112] [client ::1:50258] script 'C:/Users/Jacob/Desktop/zakljucnaVse/zakljucna/root/dnevnikUcitelj/index.php' not found or unable to stat, referer: http://localhost/public/
[Fri Oct 30 12:16:40.728180 2020] [php7:error] [pid 5704:tid 1112] [client ::1:50258] script 'C:/Users/Jacob/Desktop/zakljucnaVse/zakljucna/root/dnevnikUcitelj/index.php' not found or unable to stat, referer: http://localhost/public/
[Fri Oct 30 12:16:41.506163 2020] [php7:error] [pid 5704:tid 1112] [client ::1:50258] script 'C:/Users/Jacob/Desktop/zakljucnaVse/zakljucna/root/dnevnikUcitelj/index.php' not found or unable to stat, referer: http://localhost/public/
[Fri Oct 30 12:16:45.247518 2020] [php7:error] [pid 5704:tid 1112] [client ::1:50258] script 'C:/Users/Jacob/Desktop/zakljucnaVse/zakljucna/root/dnevnikUcitelj/index.php' not found or unable to stat, referer: http://localhost/public/home
[Fri Oct 30 12:16:52.344411 2020] [php7:error] [pid 5704:tid 1132] [client ::1:50261] script 'C:/Users/Jacob/Desktop/zakljucnaVse/zakljucna/root/dnevnikUcitelj/index.php' not found or unable to stat, referer: http://localhost/public/home
[Fri Oct 30 12:16:53.101313 2020] [php7:error] [pid 5704:tid 1132] [client ::1:50261] script 'C:/Users/Jacob/Desktop/zakljucnaVse/zakljucna/root/dnevnikUcitelj/index.php' not found or unable to stat, referer: http://localhost/public/home
[Fri Oct 30 12:16:53.818768 2020] [php7:error] [pid 5704:tid 1132] [client ::1:50261] script 'C:/Users/Jacob/Desktop/zakljucnaVse/zakljucna/root/dnevnikUcitelj/index.php' not found or unable to stat, referer: http://localhost/public/home
[Fri Oct 30 12:16:54.381312 2020] [php7:error] [pid 5704:tid 1132] [client ::1:50261] script 'C:/Users/Jacob/Desktop/zakljucnaVse/zakljucna/root/dnevnikUcitelj/index.php' not found or unable to stat, referer: http://localhost/public/home
[Fri Oct 30 12:16:54.824560 2020] [php7:error] [pid 5704:tid 1132] [client ::1:50261] script 'C:/Users/Jacob/Desktop/zakljucnaVse/zakljucna/root/dnevnikUcitelj/index.php' not found or unable to stat, referer: http://localhost/public/home
[Fri Oct 30 12:16:55.482634 2020] [php7:error] [pid 5704:tid 1132] [client ::1:50261] script 'C:/Users/Jacob/Desktop/zakljucnaVse/zakljucna/root/dnevnikUcitelj/index.php' not found or unable to stat, referer: http://localhost/public/home
[Fri Oct 30 12:17:19.805526 2020] [php7:error] [pid 5704:tid 1112] [client ::1:50263] script 'C:/Users/Jacob/Desktop/zakljucnaVse/zakljucna/root/dnevnikUcitelj/index.php' not found or unable to stat, referer: http://localhost/public/home
[Fri Oct 30 12:17:20.406965 2020] [php7:error] [pid 5704:tid 1112] [client ::1:50263] script 'C:/Users/Jacob/Desktop/zakljucnaVse/zakljucna/root/dnevnikUcitelj/index.php' not found or unable to stat, referer: http://localhost/public/test
[Fri Oct 30 12:18:02.718633 2020] [php7:error] [pid 5704:tid 1112] [client ::1:50265] script 'C:/Users/Jacob/Desktop/zakljucnaVse/zakljucna/root/dnevnikUcitelj/index.php' not found or unable to stat, referer: http://localhost/public/home
[Fri Oct 30 12:18:36.681314 2020] [php7:error] [pid 5704:tid 1124] [client ::1:50268] script 'C:/Users/Jacob/Desktop/zakljucnaVse/zakljucna/root/dnevnikUcitelj/index.php' not found or unable to stat, referer: http://localhost/public/home
[Fri Oct 30 12:18:45.897547 2020] [php7:error] [pid 5704:tid 1132] [client ::1:50270] script 'C:/Users/Jacob/Desktop/zakljucnaVse/zakljucna/root/dnevnikUcitelj/index.php' not found or unable to stat, referer: http://localhost/public/test
[Fri Oct 30 12:18:45.903393 2020] [php7:error] [pid 5704:tid 1132] [client ::1:50270] script 'C:/Users/Jacob/Desktop/zakljucnaVse/zakljucna/root/dnevnikUcitelj/index.php' not found or unable to stat, referer: http://localhost/public/test
[Fri Oct 30 12:18:46.836846 2020] [php7:error] [pid 5704:tid 1132] [client ::1:50270] script 'C:/Users/Jacob/Desktop/zakljucnaVse/zakljucna/root/dnevnikUcitelj/index.php' not found or unable to stat, referer: http://localhost/public/home
[Fri Oct 30 12:18:47.467973 2020] [php7:error] [pid 5704:tid 1132] [client ::1:50270] script 'C:/Users/Jacob/Desktop/zakljucnaVse/zakljucna/root/dnevnikUcitelj/index.php' not found or unable to stat, referer: http://localhost/public/test
[Fri Oct 30 12:18:47.480269 2020] [php7:error] [pid 5704:tid 1132] [client ::1:50270] script 'C:/Users/Jacob/Desktop/zakljucnaVse/zakljucna/root/dnevnikUcitelj/index.php' not found or unable to stat, referer: http://localhost/public/test
[Fri Oct 30 12:19:00.705130 2020] [php7:error] [pid 5704:tid 1124] [client ::1:50272] script 'C:/Users/Jacob/Desktop/zakljucnaVse/zakljucna/root/dnevnikUcitelj/index.php' not found or unable to stat, referer: http://localhost/public/test
[Fri Oct 30 12:19:00.712984 2020] [php7:error] [pid 5704:tid 1124] [client ::1:50272] script 'C:/Users/Jacob/Desktop/zakljucnaVse/zakljucna/root/dnevnikUcitelj/index.php' not found or unable to stat, referer: http://localhost/public/test
[Fri Oct 30 12:19:01.167060 2020] [php7:error] [pid 5704:tid 1124] [client ::1:50272] script 'C:/Users/Jacob/Desktop/zakljucnaVse/zakljucna/root/dnevnikUcitelj/index.php' not found or unable to stat, referer: http://localhost/public/home
[Fri Oct 30 12:19:01.840933 2020] [php7:error] [pid 5704:tid 1124] [client ::1:50272] script 'C:/Users/Jacob/Desktop/zakljucnaVse/zakljucna/root/dnevnikUcitelj/index.php' not found or unable to stat, referer: http://localhost/public/test
[Fri Oct 30 12:19:01.854363 2020] [php7:error] [pid 5704:tid 1124] [client ::1:50272] script 'C:/Users/Jacob/Desktop/zakljucnaVse/zakljucna/root/dnevnikUcitelj/index.php' not found or unable to stat, referer: http://localhost/public/test
[Fri Oct 30 12:19:02.394430 2020] [php7:error] [pid 5704:tid 1124] [client ::1:50272] script 'C:/Users/Jacob/Desktop/zakljucnaVse/zakljucna/root/dnevnikUcitelj/index.php' not found or unable to stat, referer: http://localhost/public/home
[Fri Oct 30 12:19:02.872288 2020] [php7:error] [pid 5704:tid 1124] [client ::1:50272] script 'C:/Users/Jacob/Desktop/zakljucnaVse/zakljucna/root/dnevnikUcitelj/index.php' not found or unable to stat, referer: http://localhost/public/test
[Fri Oct 30 12:19:02.880694 2020] [php7:error] [pid 5704:tid 1124] [client ::1:50272] script 'C:/Users/Jacob/Desktop/zakljucnaVse/zakljucna/root/dnevnikUcitelj/index.php' not found or unable to stat, referer: http://localhost/public/test
[Fri Oct 30 12:19:03.457012 2020] [php7:error] [pid 5704:tid 1124] [client ::1:50272] script 'C:/Users/Jacob/Desktop/zakljucnaVse/zakljucna/root/dnevnikUcitelj/index.php' not found or unable to stat, referer: http://localhost/public/home
[Fri Oct 30 12:19:03.880880 2020] [php7:error] [pid 5704:tid 1124] [client ::1:50272] script 'C:/Users/Jacob/Desktop/zakljucnaVse/zakljucna/root/dnevnikUcitelj/index.php' not found or unable to stat, referer: http://localhost/public/test
[Fri Oct 30 12:19:03.886608 2020] [php7:error] [pid 5704:tid 1124] [client ::1:50272] script 'C:/Users/Jacob/Desktop/zakljucnaVse/zakljucna/root/dnevnikUcitelj/index.php' not found or unable to stat, referer: http://localhost/public/test
[Fri Oct 30 12:19:09.728150 2020] [php7:error] [pid 5704:tid 1112] [client ::1:50275] script 'C:/Users/Jacob/Desktop/zakljucnaVse/zakljucna/root/dnevnikUcitelj/index.php' not found or unable to stat, referer: http://localhost/public/home
[Fri Oct 30 12:19:56.794444 2020] [php7:error] [pid 5704:tid 1124] [client ::1:50295] script 'C:/Users/Jacob/Desktop/zakljucnaVse/zakljucna/root/dnevnikUcitelj/index.php' not found or unable to stat, referer: http://localhost/public/home
[Fri Oct 30 12:19:57.665211 2020] [php7:error] [pid 5704:tid 1124] [client ::1:50295] script 'C:/Users/Jacob/Desktop/zakljucnaVse/zakljucna/root/dnevnikUcitelj/index.php' not found or unable to stat, referer: http://localhost/public/home
[Fri Oct 30 12:20:06.376790 2020] [php7:error] [pid 5704:tid 1132] [client ::1:50300] script 'C:/Users/Jacob/Desktop/zakljucnaVse/zakljucna/root/dnevnikUcitelj/index.php' not found or unable to stat, referer: http://localhost/public/home
[Fri Oct 30 12:21:40.037782 2020] [php7:error] [pid 5704:tid 1124] [client ::1:50304] script 'C:/Users/Jacob/Desktop/zakljucnaVse/zakljucna/root/dnevnikUcitelj/index.php' not found or unable to stat, referer: http://localhost/public/home
[Fri Oct 30 12:22:05.277181 2020] [php7:error] [pid 5704:tid 1132] [client ::1:50307] script 'C:/Users/Jacob/Desktop/zakljucnaVse/zakljucna/root/dnevnikUcitelj/index.php' not found or unable to stat, referer: http://localhost/public/home
[Fri Oct 30 12:22:08.252752 2020] [php7:error] [pid 5704:tid 1132] [client ::1:50307] script 'C:/Users/Jacob/Desktop/zakljucnaVse/zakljucna/root/dnevnikUcitelj/index.php' not found or unable to stat, referer: http://localhost/public/home
[Fri Oct 30 12:22:13.326471 2020] [php7:error] [pid 5704:tid 1112] [client ::1:50308] script 'C:/Users/Jacob/Desktop/zakljucnaVse/zakljucna/root/dnevnikUcitelj/index.php' not found or unable to stat, referer: http://localhost/public/home
[Fri Oct 30 12:22:22.163164 2020] [php7:error] [pid 5704:tid 1132] [client ::1:50310] script 'C:/Users/Jacob/Desktop/zakljucnaVse/zakljucna/root/dnevnikUcitelj/index.php' not found or unable to stat, referer: http://localhost/public/home
[Fri Oct 30 12:22:23.190236 2020] [php7:error] [pid 5704:tid 1132] [client ::1:50310] script 'C:/Users/Jacob/Desktop/zakljucnaVse/zakljucna/root/dnevnikUcitelj/index.php' not found or unable to stat, referer: http://localhost/public/home
[Fri Oct 30 12:22:23.748740 2020] [php7:error] [pid 5704:tid 1132] [client ::1:50310] script 'C:/Users/Jacob/Desktop/zakljucnaVse/zakljucna/root/dnevnikUcitelj/index.php' not found or unable to stat, referer: http://localhost/public/test
[Fri Oct 30 12:22:23.755636 2020] [php7:error] [pid 5704:tid 1132] [client ::1:50310] script 'C:/Users/Jacob/Desktop/zakljucnaVse/zakljucna/root/dnevnikUcitelj/index.php' not found or unable to stat, referer: http://localhost/public/test
[Fri Oct 30 12:22:24.197905 2020] [php7:error] [pid 5704:tid 1132] [client ::1:50310] script 'C:/Users/Jacob/Desktop/zakljucnaVse/zakljucna/root/dnevnikUcitelj/index.php' not found or unable to stat, referer: http://localhost/public/home
[Fri Oct 30 12:22:24.875588 2020] [php7:error] [pid 5704:tid 1132] [client ::1:50310] script 'C:/Users/Jacob/Desktop/zakljucnaVse/zakljucna/root/dnevnikUcitelj/index.php' not found or unable to stat, referer: http://localhost/public/test
[Fri Oct 30 12:22:24.883490 2020] [php7:error] [pid 5704:tid 1132] [client ::1:50310] script 'C:/Users/Jacob/Desktop/zakljucnaVse/zakljucna/root/dnevnikUcitelj/index.php' not found or unable to stat, referer: http://localhost/public/test
[Fri Oct 30 12:22:25.339641 2020] [php7:error] [pid 5704:tid 1132] [client ::1:50310] script 'C:/Users/Jacob/Desktop/zakljucnaVse/zakljucna/root/dnevnikUcitelj/index.php' not found or unable to stat, referer: http://localhost/public/home
[Fri Oct 30 12:22:26.088565 2020] [php7:error] [pid 5704:tid 1132] [client ::1:50310] script 'C:/Users/Jacob/Desktop/zakljucnaVse/zakljucna/root/dnevnikUcitelj/index.php' not found or unable to stat, referer: http://localhost/public/test
[Fri Oct 30 12:22:26.094311 2020] [php7:error] [pid 5704:tid 1132] [client ::1:50310] script 'C:/Users/Jacob/Desktop/zakljucnaVse/zakljucna/root/dnevnikUcitelj/index.php' not found or unable to stat, referer: http://localhost/public/test
[Fri Oct 30 12:22:26.423369 2020] [php7:error] [pid 5704:tid 1132] [client ::1:50310] script 'C:/Users/Jacob/Desktop/zakljucnaVse/zakljucna/root/dnevnikUcitelj/index.php' not found or unable to stat, referer: http://localhost/public/home
[Fri Oct 30 12:22:26.923474 2020] [php7:error] [pid 5704:tid 1132] [client ::1:50310] script 'C:/Users/Jacob/Desktop/zakljucnaVse/zakljucna/root/dnevnikUcitelj/index.php' not found or unable to stat, referer: http://localhost/public/test
[Fri Oct 30 12:22:26.931354 2020] [php7:error] [pid 5704:tid 1132] [client ::1:50310] script 'C:/Users/Jacob/Desktop/zakljucnaVse/zakljucna/root/dnevnikUcitelj/index.php' not found or unable to stat, referer: http://localhost/public/test
[Fri Oct 30 12:22:27.498804 2020] [php7:error] [pid 5704:tid 1132] [client ::1:50310] script 'C:/Users/Jacob/Desktop/zakljucnaVse/zakljucna/root/dnevnikUcitelj/index.php' not found or unable to stat, referer: http://localhost/public/home
[Fri Oct 30 12:22:27.988046 2020] [php7:error] [pid 5704:tid 1132] [client ::1:50310] script 'C:/Users/Jacob/Desktop/zakljucnaVse/zakljucna/root/dnevnikUcitelj/index.php' not found or unable to stat, referer: http://localhost/public/test
[Fri Oct 30 12:22:27.994833 2020] [php7:error] [pid 5704:tid 1132] [client ::1:50310] script 'C:/Users/Jacob/Desktop/zakljucnaVse/zakljucna/root/dnevnikUcitelj/index.php' not found or unable to stat, referer: http://localhost/public/test
[Fri Oct 30 12:22:28.388135 2020] [php7:error] [pid 5704:tid 1132] [client ::1:50310] script 'C:/Users/Jacob/Desktop/zakljucnaVse/zakljucna/root/dnevnikUcitelj/index.php' not found or unable to stat, referer: http://localhost/public/home
[Fri Oct 30 12:23:00.527000 2020] [php7:error] [pid 5704:tid 1112] [client ::1:50314] script 'C:/Users/Jacob/Desktop/zakljucnaVse/zakljucna/root/dnevnikUcitelj/index.php' not found or unable to stat, referer: http://localhost/public/home
[Fri Oct 30 12:23:26.638557 2020] [php7:error] [pid 5704:tid 1124] [client ::1:50318] script 'C:/Users/Jacob/Desktop/zakljucnaVse/zakljucna/root/dnevnikUcitelj/index.php' not found or unable to stat, referer: http://localhost/public/home
[Fri Oct 30 12:23:31.644047 2020] [php7:error] [pid 5704:tid 1124] [client ::1:50318] script 'C:/Users/Jacob/Desktop/zakljucnaVse/zakljucna/root/dnevnikUcitelj/index.php' not found or unable to stat, referer: http://localhost/public/home
[Fri Oct 30 12:23:33.888744 2020] [php7:error] [pid 5704:tid 1124] [client ::1:50318] script 'C:/Users/Jacob/Desktop/zakljucnaVse/zakljucna/root/dnevnikUcitelj/index.php' not found or unable to stat, referer: http://localhost/public/test
[Fri Oct 30 12:23:33.900723 2020] [php7:error] [pid 5704:tid 1124] [client ::1:50318] script 'C:/Users/Jacob/Desktop/zakljucnaVse/zakljucna/root/dnevnikUcitelj/index.php' not found or unable to stat, referer: http://localhost/public/test
[Fri Oct 30 12:23:34.725010 2020] [php7:error] [pid 5704:tid 1124] [client ::1:50318] script 'C:/Users/Jacob/Desktop/zakljucnaVse/zakljucna/root/dnevnikUcitelj/index.php' not found or unable to stat, referer: http://localhost/public/home
[Fri Oct 30 12:23:35.330003 2020] [php7:error] [pid 5704:tid 1124] [client ::1:50318] script 'C:/Users/Jacob/Desktop/zakljucnaVse/zakljucna/root/dnevnikUcitelj/index.php' not found or unable to stat, referer: http://localhost/public/test
[Fri Oct 30 12:23:35.336085 2020] [php7:error] [pid 5704:tid 1124] [client ::1:50318] script 'C:/Users/Jacob/Desktop/zakljucnaVse/zakljucna/root/dnevnikUcitelj/index.php' not found or unable to stat, referer: http://localhost/public/test
[Fri Oct 30 12:23:36.227848 2020] [php7:error] [pid 5704:tid 1124] [client ::1:50318] script 'C:/Users/Jacob/Desktop/zakljucnaVse/zakljucna/root/dnevnikUcitelj/index.php' not found or unable to stat, referer: http://localhost/public/home
[Fri Oct 30 12:23:36.694541 2020] [php7:error] [pid 5704:tid 1124] [client ::1:50318] script 'C:/Users/Jacob/Desktop/zakljucnaVse/zakljucna/root/dnevnikUcitelj/index.php' not found or unable to stat, referer: http://localhost/public/test
[Fri Oct 30 12:23:36.701335 2020] [php7:error] [pid 5704:tid 1124] [client ::1:50318] script 'C:/Users/Jacob/Desktop/zakljucnaVse/zakljucna/root/dnevnikUcitelj/index.php' not found or unable to stat, referer: http://localhost/public/test
[Fri Oct 30 12:23:48.920207 2020] [php7:error] [pid 5704:tid 1112] [client ::1:50321] script 'C:/Users/Jacob/Desktop/zakljucnaVse/zakljucna/root/dnevnikUcitelj/index.php' not found or unable to stat, referer: http://localhost/public/home
[Fri Oct 30 12:23:49.655397 2020] [php7:error] [pid 5704:tid 1112] [client ::1:50321] script 'C:/Users/Jacob/Desktop/zakljucnaVse/zakljucna/root/dnevnikUcitelj/index.php' not found or unable to stat, referer: http://localhost/public/test
[Fri Oct 30 12:23:49.664324 2020] [php7:error] [pid 5704:tid 1112] [client ::1:50321] script 'C:/Users/Jacob/Desktop/zakljucnaVse/zakljucna/root/dnevnikUcitelj/index.php' not found or unable to stat, referer: http://localhost/public/test
[Fri Oct 30 12:23:50.369454 2020] [php7:error] [pid 5704:tid 1112] [client ::1:50321] script 'C:/Users/Jacob/Desktop/zakljucnaVse/zakljucna/root/dnevnikUcitelj/index.php' not found or unable to stat, referer: http://localhost/public/home
[Fri Oct 30 12:23:51.022688 2020] [php7:error] [pid 5704:tid 1112] [client ::1:50321] script 'C:/Users/Jacob/Desktop/zakljucnaVse/zakljucna/root/dnevnikUcitelj/index.php' not found or unable to stat, referer: http://localhost/public/test
[Fri Oct 30 12:23:51.028345 2020] [php7:error] [pid 5704:tid 1112] [client ::1:50321] script 'C:/Users/Jacob/Desktop/zakljucnaVse/zakljucna/root/dnevnikUcitelj/index.php' not found or unable to stat, referer: http://localhost/public/test
[Fri Oct 30 12:23:51.662237 2020] [php7:error] [pid 5704:tid 1112] [client ::1:50321] script 'C:/Users/Jacob/Desktop/zakljucnaVse/zakljucna/root/dnevnikUcitelj/index.php' not found or unable to stat, referer: http://localhost/public/home
[Fri Oct 30 12:23:52.290930 2020] [php7:error] [pid 5704:tid 1112] [client ::1:50321] script 'C:/Users/Jacob/Desktop/zakljucnaVse/zakljucna/root/dnevnikUcitelj/index.php' not found or unable to stat, referer: http://localhost/public/test
[Fri Oct 30 12:23:52.296694 2020] [php7:error] [pid 5704:tid 1112] [client ::1:50321] script 'C:/Users/Jacob/Desktop/zakljucnaVse/zakljucna/root/dnevnikUcitelj/index.php' not found or unable to stat, referer: http://localhost/public/test
[Fri Oct 30 12:23:52.843528 2020] [php7:error] [pid 5704:tid 1112] [client ::1:50321] script 'C:/Users/Jacob/Desktop/zakljucnaVse/zakljucna/root/dnevnikUcitelj/index.php' not found or unable to stat, referer: http://localhost/public/home
[Fri Oct 30 12:23:53.916721 2020] [php7:error] [pid 5704:tid 1112] [client ::1:50321] script 'C:/Users/Jacob/Desktop/zakljucnaVse/zakljucna/root/dnevnikUcitelj/index.php' not found or unable to stat, referer: http://localhost/public/test
[Fri Oct 30 12:23:53.924609 2020] [php7:error] [pid 5704:tid 1112] [client ::1:50321] script 'C:/Users/Jacob/Desktop/zakljucnaVse/zakljucna/root/dnevnikUcitelj/index.php' not found or unable to stat, referer: http://localhost/public/test
[Fri Oct 30 12:23:54.408046 2020] [php7:error] [pid 5704:tid 1112] [client ::1:50321] script 'C:/Users/Jacob/Desktop/zakljucnaVse/zakljucna/root/dnevnikUcitelj/index.php' not found or unable to stat, referer: http://localhost/public/home
[Fri Oct 30 12:23:54.836883 2020] [php7:error] [pid 5704:tid 1112] [client ::1:50321] script 'C:/Users/Jacob/Desktop/zakljucnaVse/zakljucna/root/dnevnikUcitelj/index.php' not found or unable to stat, referer: http://localhost/public/test
[Fri Oct 30 12:23:54.841474 2020] [php7:error] [pid 5704:tid 1112] [client ::1:50321] script 'C:/Users/Jacob/Desktop/zakljucnaVse/zakljucna/root/dnevnikUcitelj/index.php' not found or unable to stat, referer: http://localhost/public/test
[Fri Oct 30 12:23:58.073041 2020] [php7:error] [pid 5704:tid 1112] [client ::1:50321] script 'C:/Users/Jacob/Desktop/zakljucnaVse/zakljucna/root/dnevnikUcitelj/index.php' not found or unable to stat, referer: http://localhost/public/home
[Fri Oct 30 12:23:58.575648 2020] [php7:error] [pid 5704:tid 1112] [client ::1:50321] script 'C:/Users/Jacob/Desktop/zakljucnaVse/zakljucna/root/dnevnikUcitelj/index.php' not found or unable to stat, referer: http://localhost/public/test
[Fri Oct 30 12:23:58.588641 2020] [php7:error] [pid 5704:tid 1112] [client ::1:50321] script 'C:/Users/Jacob/Desktop/zakljucnaVse/zakljucna/root/dnevnikUcitelj/index.php' not found or unable to stat, referer: http://localhost/public/test
[Fri Oct 30 12:23:59.686154 2020] [php7:error] [pid 5704:tid 1112] [client ::1:50321] script 'C:/Users/Jacob/Desktop/zakljucnaVse/zakljucna/root/dnevnikUcitelj/index.php' not found or unable to stat, referer: http://localhost/public/home
[Fri Oct 30 12:24:00.585391 2020] [php7:error] [pid 5704:tid 1112] [client ::1:50321] script 'C:/Users/Jacob/Desktop/zakljucnaVse/zakljucna/root/dnevnikUcitelj/index.php' not found or unable to stat, referer: http://localhost/public/test
[Fri Oct 30 12:24:00.591177 2020] [php7:error] [pid 5704:tid 1112] [client ::1:50321] script 'C:/Users/Jacob/Desktop/zakljucnaVse/zakljucna/root/dnevnikUcitelj/index.php' not found or unable to stat, referer: http://localhost/public/test
[Fri Oct 30 12:24:01.282507 2020] [php7:error] [pid 5704:tid 1112] [client ::1:50321] script 'C:/Users/Jacob/Desktop/zakljucnaVse/zakljucna/root/dnevnikUcitelj/index.php' not found or unable to stat, referer: http://localhost/public/home
[Fri Oct 30 12:24:11.167809 2020] [php7:error] [pid 5704:tid 1124] [client ::1:50324] script 'C:/Users/Jacob/Desktop/zakljucnaVse/zakljucna/root/dnevnikUcitelj/index.php' not found or unable to stat, referer: http://localhost/public/test
[Fri Oct 30 12:24:11.178352 2020] [php7:error] [pid 5704:tid 1124] [client ::1:50324] script 'C:/Users/Jacob/Desktop/zakljucnaVse/zakljucna/root/dnevnikUcitelj/index.php' not found or unable to stat, referer: http://localhost/public/test
[Fri Oct 30 12:24:11.850278 2020] [php7:error] [pid 5704:tid 1124] [client ::1:50324] script 'C:/Users/Jacob/Desktop/zakljucnaVse/zakljucna/root/dnevnikUcitelj/index.php' not found or unable to stat, referer: http://localhost/public/home
[Fri Oct 30 12:24:12.357027 2020] [php7:error] [pid 5704:tid 1124] [client ::1:50324] script 'C:/Users/Jacob/Desktop/zakljucnaVse/zakljucna/root/dnevnikUcitelj/index.php' not found or unable to stat, referer: http://localhost/public/test
[Fri Oct 30 12:24:12.370633 2020] [php7:error] [pid 5704:tid 1124] [client ::1:50324] script 'C:/Users/Jacob/Desktop/zakljucnaVse/zakljucna/root/dnevnikUcitelj/index.php' not found or unable to stat, referer: http://localhost/public/test
[Fri Oct 30 12:24:12.898051 2020] [php7:error] [pid 5704:tid 1124] [client ::1:50324] script 'C:/Users/Jacob/Desktop/zakljucnaVse/zakljucna/root/dnevnikUcitelj/index.php' not found or unable to stat, referer: http://localhost/public/home
[Fri Oct 30 12:24:14.210601 2020] [php7:error] [pid 5704:tid 1124] [client ::1:50324] script 'C:/Users/Jacob/Desktop/zakljucnaVse/zakljucna/root/dnevnikUcitelj/index.php' not found or unable to stat, referer: http://localhost/public/test
[Fri Oct 30 12:24:14.215338 2020] [php7:error] [pid 5704:tid 1124] [client ::1:50324] script 'C:/Users/Jacob/Desktop/zakljucnaVse/zakljucna/root/dnevnikUcitelj/index.php' not found or unable to stat, referer: http://localhost/public/test
[Fri Oct 30 12:24:14.751680 2020] [php7:error] [pid 5704:tid 1124] [client ::1:50324] script 'C:/Users/Jacob/Desktop/zakljucnaVse/zakljucna/root/dnevnikUcitelj/index.php' not found or unable to stat, referer: http://localhost/public/home
[Fri Oct 30 12:24:16.363741 2020] [php7:error] [pid 5704:tid 1124] [client ::1:50324] script 'C:/Users/Jacob/Desktop/zakljucnaVse/zakljucna/root/dnevnikUcitelj/index.php' not found or unable to stat, referer: http://localhost/public/test
[Fri Oct 30 12:24:16.368516 2020] [php7:error] [pid 5704:tid 1124] [client ::1:50324] script 'C:/Users/Jacob/Desktop/zakljucnaVse/zakljucna/root/dnevnikUcitelj/index.php' not found or unable to stat, referer: http://localhost/public/test
[Fri Oct 30 12:24:17.459141 2020] [php7:error] [pid 5704:tid 1124] [client ::1:50324] script 'C:/Users/Jacob/Desktop/zakljucnaVse/zakljucna/root/dnevnikUcitelj/index.php' not found or unable to stat, referer: http://localhost/public/test
[Fri Oct 30 12:24:17.465352 2020] [php7:error] [pid 5704:tid 1124] [client ::1:50324] script 'C:/Users/Jacob/Desktop/zakljucnaVse/zakljucna/root/dnevnikUcitelj/index.php' not found or unable to stat, referer: http://localhost/public/test
[Fri Oct 30 12:24:28.077798 2020] [php7:error] [pid 5704:tid 1112] [client ::1:50340] script 'C:/Users/Jacob/Desktop/zakljucnaVse/zakljucna/root/dnevnikUcitelj/index.php' not found or unable to stat, referer: http://localhost/public/home
[Fri Oct 30 12:24:57.026289 2020] [php7:error] [pid 5704:tid 1132] [client ::1:50343] script 'C:/Users/Jacob/Desktop/zakljucnaVse/zakljucna/root/dnevnikUcitelj/index.php' not found or unable to stat, referer: http://localhost/public/home
[Fri Oct 30 12:24:57.920740 2020] [php7:error] [pid 5704:tid 1132] [client ::1:50343] script 'C:/Users/Jacob/Desktop/zakljucnaVse/zakljucna/root/dnevnikUcitelj/index.php' not found or unable to stat, referer: http://localhost/public/home
[Fri Oct 30 12:24:58.463816 2020] [php7:error] [pid 5704:tid 1132] [client ::1:50343] script 'C:/Users/Jacob/Desktop/zakljucnaVse/zakljucna/root/dnevnikUcitelj/index.php' not found or unable to stat, referer: http://localhost/public/test
[Fri Oct 30 12:24:58.469622 2020] [php7:error] [pid 5704:tid 1132] [client ::1:50343] script 'C:/Users/Jacob/Desktop/zakljucnaVse/zakljucna/root/dnevnikUcitelj/index.php' not found or unable to stat, referer: http://localhost/public/test
[Fri Oct 30 12:24:59.884566 2020] [php7:error] [pid 5704:tid 1132] [client ::1:50343] script 'C:/Users/Jacob/Desktop/zakljucnaVse/zakljucna/root/dnevnikUcitelj/index.php' not found or unable to stat, referer: http://localhost/public/home
[Fri Oct 30 12:25:00.360744 2020] [php7:error] [pid 5704:tid 1132] [client ::1:50343] script 'C:/Users/Jacob/Desktop/zakljucnaVse/zakljucna/root/dnevnikUcitelj/index.php' not found or unable to stat, referer: http://localhost/public/test
[Fri Oct 30 12:25:00.370599 2020] [php7:error] [pid 5704:tid 1132] [client ::1:50343] script 'C:/Users/Jacob/Desktop/zakljucnaVse/zakljucna/root/dnevnikUcitelj/index.php' not found or unable to stat, referer: http://localhost/public/test
[Fri Oct 30 12:25:06.633938 2020] [php7:error] [pid 5704:tid 1112] [client ::1:50345] script 'C:/Users/Jacob/Desktop/zakljucnaVse/zakljucna/root/dnevnikUcitelj/index.php' not found or unable to stat, referer: http://localhost/public/home
[Fri Oct 30 12:25:08.199404 2020] [php7:error] [pid 5704:tid 1112] [client ::1:50345] script 'C:/Users/Jacob/Desktop/zakljucnaVse/zakljucna/root/dnevnikUcitelj/index.php' not found or unable to stat, referer: http://localhost/public/test
[Fri Oct 30 12:25:08.212933 2020] [php7:error] [pid 5704:tid 1112] [client ::1:50345] script 'C:/Users/Jacob/Desktop/zakljucnaVse/zakljucna/root/dnevnikUcitelj/index.php' not found or unable to stat, referer: http://localhost/public/test
[Fri Oct 30 12:25:41.350431 2020] [php7:error] [pid 5704:tid 1132] [client ::1:50347] script 'C:/Users/Jacob/Desktop/zakljucnaVse/zakljucna/root/dnevnikUcitelj/index.php' not found or unable to stat, referer: http://localhost/public/test
[Fri Oct 30 12:25:41.356487 2020] [php7:error] [pid 5704:tid 1132] [client ::1:50347] script 'C:/Users/Jacob/Desktop/zakljucnaVse/zakljucna/root/dnevnikUcitelj/index.php' not found or unable to stat, referer: http://localhost/public/test
[Fri Oct 30 12:25:49.138962 2020] [php7:error] [pid 5704:tid 1112] [client ::1:50349] script 'C:/Users/Jacob/Desktop/zakljucnaVse/zakljucna/root/dnevnikUcitelj/index.php' not found or unable to stat, referer: http://localhost/public/test
[Fri Oct 30 12:25:49.146930 2020] [php7:error] [pid 5704:tid 1112] [client ::1:50349] script 'C:/Users/Jacob/Desktop/zakljucnaVse/zakljucna/root/dnevnikUcitelj/index.php' not found or unable to stat, referer: http://localhost/public/test
[Fri Oct 30 12:26:03.374547 2020] [php7:error] [pid 5704:tid 1132] [client ::1:50351] script 'C:/Users/Jacob/Desktop/zakljucnaVse/zakljucna/root/dnevnikUcitelj/index.php' not found or unable to stat, referer: http://localhost/public/test
[Fri Oct 30 12:26:03.383399 2020] [php7:error] [pid 5704:tid 1132] [client ::1:50351] script 'C:/Users/Jacob/Desktop/zakljucnaVse/zakljucna/root/dnevnikUcitelj/index.php' not found or unable to stat, referer: http://localhost/public/test
[Fri Oct 30 12:26:16.385351 2020] [php7:error] [pid 5704:tid 1112] [client ::1:50353] script 'C:/Users/Jacob/Desktop/zakljucnaVse/zakljucna/root/dnevnikUcitelj/index.php' not found or unable to stat, referer: http://localhost/public/test
[Fri Oct 30 12:26:16.397206 2020] [php7:error] [pid 5704:tid 1132] [client ::1:50354] script 'C:/Users/Jacob/Desktop/zakljucnaVse/zakljucna/root/dnevnikUcitelj/index.php' not found or unable to stat, referer: http://localhost/public/test
[Fri Oct 30 12:26:20.211393 2020] [php7:error] [pid 5704:tid 1112] [client ::1:50353] script 'C:/Users/Jacob/Desktop/zakljucnaVse/zakljucna/root/dnevnikUcitelj/index.php' not found or unable to stat, referer: http://localhost/public/test
[Fri Oct 30 12:26:20.218189 2020] [php7:error] [pid 5704:tid 1112] [client ::1:50353] script 'C:/Users/Jacob/Desktop/zakljucnaVse/zakljucna/root/dnevnikUcitelj/index.php' not found or unable to stat, referer: http://localhost/public/test
[Fri Oct 30 12:26:35.027840 2020] [php7:error] [pid 5704:tid 1132] [client ::1:50355] script 'C:/Users/Jacob/Desktop/zakljucnaVse/zakljucna/root/dnevnikUcitelj/index.php' not found or unable to stat, referer: http://localhost/public/test
[Fri Oct 30 12:26:35.037533 2020] [php7:error] [pid 5704:tid 1132] [client ::1:50355] script 'C:/Users/Jacob/Desktop/zakljucnaVse/zakljucna/root/dnevnikUcitelj/index.php' not found or unable to stat, referer: http://localhost/public/test
[Fri Oct 30 12:26:40.039152 2020] [php7:error] [pid 5704:tid 1132] [client ::1:50355] script 'C:/Users/Jacob/Desktop/zakljucnaVse/zakljucna/root/dnevnikUcitelj/index.php' not found or unable to stat, referer: http://localhost/public/test
[Fri Oct 30 12:26:40.044818 2020] [php7:error] [pid 5704:tid 1132] [client ::1:50355] script 'C:/Users/Jacob/Desktop/zakljucnaVse/zakljucna/root/dnevnikUcitelj/index.php' not found or unable to stat, referer: http://localhost/public/test
[Fri Oct 30 12:26:48.587410 2020] [php7:error] [pid 5704:tid 1124] [client ::1:50358] script 'C:/Users/Jacob/Desktop/zakljucnaVse/zakljucna/root/dnevnikUcitelj/index.php' not found or unable to stat, referer: http://localhost/public/test
[Fri Oct 30 12:26:48.594245 2020] [php7:error] [pid 5704:tid 1124] [client ::1:50358] script 'C:/Users/Jacob/Desktop/zakljucnaVse/zakljucna/root/dnevnikUcitelj/index.php' not found or unable to stat, referer: http://localhost/public/test
[Fri Oct 30 12:26:56.320234 2020] [php7:error] [pid 5704:tid 1132] [client ::1:50360] script 'C:/Users/Jacob/Desktop/zakljucnaVse/zakljucna/root/dnevnikUcitelj/index.php' not found or unable to stat, referer: http://localhost/public/test
[Fri Oct 30 12:26:56.325965 2020] [php7:error] [pid 5704:tid 1132] [client ::1:50360] script 'C:/Users/Jacob/Desktop/zakljucnaVse/zakljucna/root/dnevnikUcitelj/index.php' not found or unable to stat, referer: http://localhost/public/test
[Fri Oct 30 12:27:02.250783 2020] [php7:error] [pid 5704:tid 1124] [client ::1:50362] script 'C:/Users/Jacob/Desktop/zakljucnaVse/zakljucna/root/dnevnikUcitelj/index.php' not found or unable to stat, referer: http://localhost/public/test
[Fri Oct 30 12:27:02.257589 2020] [php7:error] [pid 5704:tid 1124] [client ::1:50362] script 'C:/Users/Jacob/Desktop/zakljucnaVse/zakljucna/root/dnevnikUcitelj/index.php' not found or unable to stat, referer: http://localhost/public/test
[Fri Oct 30 12:27:13.601546 2020] [php7:error] [pid 5704:tid 1112] [client ::1:50365] script 'C:/Users/Jacob/Desktop/zakljucnaVse/zakljucna/root/dnevnikUcitelj/index.php' not found or unable to stat, referer: http://localhost/public/test
[Fri Oct 30 12:27:13.609921 2020] [php7:error] [pid 5704:tid 1112] [client ::1:50365] script 'C:/Users/Jacob/Desktop/zakljucnaVse/zakljucna/root/dnevnikUcitelj/index.php' not found or unable to stat, referer: http://localhost/public/test
[Fri Oct 30 12:27:19.882387 2020] [php7:error] [pid 5704:tid 1132] [client ::1:50368] script 'C:/Users/Jacob/Desktop/zakljucnaVse/zakljucna/root/dnevnikUcitelj/index.php' not found or unable to stat, referer: http://localhost/public/test
[Fri Oct 30 12:27:19.909415 2020] [php7:error] [pid 5704:tid 1132] [client ::1:50368] script 'C:/Users/Jacob/Desktop/zakljucnaVse/zakljucna/root/dnevnikUcitelj/index.php' not found or unable to stat, referer: http://localhost/public/test
[Fri Oct 30 12:27:24.326166 2020] [php7:error] [pid 5704:tid 1132] [client ::1:50368] script 'C:/Users/Jacob/Desktop/zakljucnaVse/zakljucna/root/dnevnikUcitelj/index.php' not found or unable to stat, referer: http://localhost/public/test
[Fri Oct 30 12:27:24.335098 2020] [php7:error] [pid 5704:tid 1132] [client ::1:50368] script 'C:/Users/Jacob/Desktop/zakljucnaVse/zakljucna/root/dnevnikUcitelj/index.php' not found or unable to stat, referer: http://localhost/public/test
[Fri Oct 30 12:28:52.180202 2020] [php7:error] [pid 5704:tid 1124] [client ::1:50374] script 'C:/Users/Jacob/Desktop/zakljucnaVse/zakljucna/root/dnevnikUcitelj/index.php' not found or unable to stat, referer: http://localhost/public/test
[Fri Oct 30 12:28:52.185772 2020] [php7:error] [pid 5704:tid 1124] [client ::1:50374] script 'C:/Users/Jacob/Desktop/zakljucnaVse/zakljucna/root/dnevnikUcitelj/index.php' not found or unable to stat, referer: http://localhost/public/test
[Fri Oct 30 12:28:59.715759 2020] [php7:error] [pid 5704:tid 1112] [client ::1:50377] script 'C:/Users/Jacob/Desktop/zakljucnaVse/zakljucna/root/dnevnikUcitelj/index.php' not found or unable to stat, referer: http://localhost/public/test
[Fri Oct 30 12:28:59.723591 2020] [php7:error] [pid 5704:tid 1112] [client ::1:50377] script 'C:/Users/Jacob/Desktop/zakljucnaVse/zakljucna/root/dnevnikUcitelj/index.php' not found or unable to stat, referer: http://localhost/public/test
[Fri Oct 30 12:29:17.913738 2020] [php7:error] [pid 5704:tid 1132] [client ::1:50380] script 'C:/Users/Jacob/Desktop/zakljucnaVse/zakljucna/root/dnevnikUcitelj/index.php' not found or unable to stat, referer: http://localhost/public/test
[Fri Oct 30 12:29:17.922589 2020] [php7:error] [pid 5704:tid 1132] [client ::1:50380] script 'C:/Users/Jacob/Desktop/zakljucnaVse/zakljucna/root/dnevnikUcitelj/index.php' not found or unable to stat, referer: http://localhost/public/test
[Fri Oct 30 12:29:18.827889 2020] [php7:error] [pid 5704:tid 1132] [client ::1:50380] script 'C:/Users/Jacob/Desktop/zakljucnaVse/zakljucna/root/dnevnikUcitelj/index.php' not found or unable to stat, referer: http://localhost/public/home
[Fri Oct 30 12:29:19.389225 2020] [php7:error] [pid 5704:tid 1132] [client ::1:50380] script 'C:/Users/Jacob/Desktop/zakljucnaVse/zakljucna/root/dnevnikUcitelj/index.php' not found or unable to stat, referer: http://localhost/public/test
[Fri Oct 30 12:29:19.398166 2020] [php7:error] [pid 5704:tid 1132] [client ::1:50380] script 'C:/Users/Jacob/Desktop/zakljucnaVse/zakljucna/root/dnevnikUcitelj/index.php' not found or unable to stat, referer: http://localhost/public/test
[Fri Oct 30 12:29:20.083506 2020] [php7:error] [pid 5704:tid 1132] [client ::1:50380] script 'C:/Users/Jacob/Desktop/zakljucnaVse/zakljucna/root/dnevnikUcitelj/index.php' not found or unable to stat, referer: http://localhost/public/home
[Fri Oct 30 12:29:20.771216 2020] [php7:error] [pid 5704:tid 1132] [client ::1:50380] script 'C:/Users/Jacob/Desktop/zakljucnaVse/zakljucna/root/dnevnikUcitelj/index.php' not found or unable to stat, referer: http://localhost/public/test
[Fri Oct 30 12:29:20.805403 2020] [php7:error] [pid 5704:tid 1132] [client ::1:50380] script 'C:/Users/Jacob/Desktop/zakljucnaVse/zakljucna/root/dnevnikUcitelj/index.php' not found or unable to stat, referer: http://localhost/public/test
[Fri Oct 30 12:29:58.905296 2020] [php7:error] [pid 5704:tid 1112] [client ::1:50383] script 'C:/Users/Jacob/Desktop/zakljucnaVse/zakljucna/root/dnevnikUcitelj/index.php' not found or unable to stat, referer: http://localhost/public/test
[Fri Oct 30 12:29:58.915868 2020] [php7:error] [pid 5704:tid 1112] [client ::1:50383] script 'C:/Users/Jacob/Desktop/zakljucnaVse/zakljucna/root/dnevnikUcitelj/index.php' not found or unable to stat, referer: http://localhost/public/test
[Fri Oct 30 12:30:11.885025 2020] [php7:error] [pid 5704:tid 1124] [client ::1:50388] script 'C:/Users/Jacob/Desktop/zakljucnaVse/zakljucna/root/dnevnikUcitelj/index.php' not found or unable to stat, referer: http://localhost/public/test
[Fri Oct 30 12:30:11.894471 2020] [php7:error] [pid 5704:tid 1124] [client ::1:50388] script 'C:/Users/Jacob/Desktop/zakljucnaVse/zakljucna/root/dnevnikUcitelj/index.php' not found or unable to stat, referer: http://localhost/public/test
[Fri Oct 30 12:30:30.277326 2020] [php7:error] [pid 5704:tid 1112] [client ::1:50391] script 'C:/Users/Jacob/Desktop/zakljucnaVse/zakljucna/root/dnevnikUcitelj/index.php' not found or unable to stat, referer: http://localhost/public/home
[Fri Oct 30 12:30:31.094392 2020] [php7:error] [pid 5704:tid 1112] [client ::1:50391] script 'C:/Users/Jacob/Desktop/zakljucnaVse/zakljucna/root/dnevnikUcitelj/index.php' not found or unable to stat, referer: http://localhost/public/home
[Fri Oct 30 12:30:47.341823 2020] [php7:error] [pid 5704:tid 1124] [client ::1:50395] script 'C:/Users/Jacob/Desktop/zakljucnaVse/zakljucna/root/dnevnikUcitelj/index.php' not found or unable to stat, referer: http://localhost/public/home
[Fri Oct 30 12:30:48.466419 2020] [php7:error] [pid 5704:tid 1124] [client ::1:50395] script 'C:/Users/Jacob/Desktop/zakljucnaVse/zakljucna/root/dnevnikUcitelj/index.php' not found or unable to stat, referer: http://localhost/public/test
[Fri Oct 30 12:30:48.481194 2020] [php7:error] [pid 5704:tid 1124] [client ::1:50395] script 'C:/Users/Jacob/Desktop/zakljucnaVse/zakljucna/root/dnevnikUcitelj/index.php' not found or unable to stat, referer: http://localhost/public/test
[Fri Oct 30 12:30:49.002530 2020] [php7:error] [pid 5704:tid 1124] [client ::1:50395] script 'C:/Users/Jacob/Desktop/zakljucnaVse/zakljucna/root/dnevnikUcitelj/index.php' not found or unable to stat, referer: http://localhost/public/home
[Fri Oct 30 12:30:57.356646 2020] [php7:error] [pid 5704:tid 1112] [client ::1:50398] script 'C:/Users/Jacob/Desktop/zakljucnaVse/zakljucna/root/dnevnikUcitelj/index.php' not found or unable to stat, referer: http://localhost/public/home
[Fri Oct 30 12:31:18.750017 2020] [php7:error] [pid 5704:tid 1132] [client ::1:50401] script 'C:/Users/Jacob/Desktop/zakljucnaVse/zakljucna/root/dnevnikUcitelj/index.php' not found or unable to stat, referer: http://localhost/public/home
[Fri Oct 30 12:31:19.635283 2020] [php7:error] [pid 5704:tid 1132] [client ::1:50401] script 'C:/Users/Jacob/Desktop/zakljucnaVse/zakljucna/root/dnevnikUcitelj/index.php' not found or unable to stat, referer: http://localhost/public/home
[Fri Oct 30 12:31:20.141402 2020] [php7:error] [pid 5704:tid 1132] [client ::1:50401] script 'C:/Users/Jacob/Desktop/zakljucnaVse/zakljucna/root/dnevnikUcitelj/index.php' not found or unable to stat, referer: http://localhost/public/test
[Fri Oct 30 12:31:20.153008 2020] [php7:error] [pid 5704:tid 1132] [client ::1:50401] script 'C:/Users/Jacob/Desktop/zakljucnaVse/zakljucna/root/dnevnikUcitelj/index.php' not found or unable to stat, referer: http://localhost/public/test
[Fri Oct 30 12:31:44.116148 2020] [php7:error] [pid 5704:tid 1112] [client ::1:50404] script 'C:/Users/Jacob/Desktop/zakljucnaVse/zakljucna/root/dnevnikUcitelj/index.php' not found or unable to stat, referer: http://localhost/public/test
[Fri Oct 30 12:31:44.142488 2020] [php7:error] [pid 5704:tid 1112] [client ::1:50404] script 'C:/Users/Jacob/Desktop/zakljucnaVse/zakljucna/root/dnevnikUcitelj/index.php' not found or unable to stat, referer: http://localhost/public/test
[Fri Oct 30 12:31:55.427964 2020] [php7:error] [pid 5704:tid 1132] [client ::1:50407] script 'C:/Users/Jacob/Desktop/zakljucnaVse/zakljucna/root/dnevnikUcitelj/index.php' not found or unable to stat, referer: http://localhost/public/test
[Fri Oct 30 12:31:55.435762 2020] [php7:error] [pid 5704:tid 1132] [client ::1:50407] script 'C:/Users/Jacob/Desktop/zakljucnaVse/zakljucna/root/dnevnikUcitelj/index.php' not found or unable to stat, referer: http://localhost/public/test
[Fri Oct 30 12:32:25.179020 2020] [php7:error] [pid 5704:tid 1124] [client ::1:50410] script 'C:/Users/Jacob/Desktop/zakljucnaVse/zakljucna/root/dnevnikUcitelj/index.php' not found or unable to stat, referer: http://localhost/public/test
[Fri Oct 30 12:32:25.185671 2020] [php7:error] [pid 5704:tid 1124] [client ::1:50410] script 'C:/Users/Jacob/Desktop/zakljucnaVse/zakljucna/root/dnevnikUcitelj/index.php' not found or unable to stat, referer: http://localhost/public/test
[Fri Oct 30 12:32:30.709223 2020] [php7:error] [pid 5704:tid 1132] [client ::1:50413] script 'C:/Users/Jacob/Desktop/zakljucnaVse/zakljucna/root/dnevnikUcitelj/index.php' not found or unable to stat, referer: http://localhost/public/test
[Fri Oct 30 12:32:30.714956 2020] [php7:error] [pid 5704:tid 1132] [client ::1:50413] script 'C:/Users/Jacob/Desktop/zakljucnaVse/zakljucna/root/dnevnikUcitelj/index.php' not found or unable to stat, referer: http://localhost/public/test
[Fri Oct 30 12:33:31.226506 2020] [php7:error] [pid 5704:tid 1124] [client ::1:50431] script 'C:/Users/Jacob/Desktop/zakljucnaVse/zakljucna/root/dnevnikUcitelj/index.php' not found or unable to stat, referer: http://localhost/public/test
[Fri Oct 30 12:33:31.233729 2020] [php7:error] [pid 5704:tid 1124] [client ::1:50431] script 'C:/Users/Jacob/Desktop/zakljucnaVse/zakljucna/root/dnevnikUcitelj/index.php' not found or unable to stat, referer: http://localhost/public/test
[Fri Oct 30 12:33:32.456983 2020] [php7:error] [pid 5704:tid 1124] [client ::1:50431] script 'C:/Users/Jacob/Desktop/zakljucnaVse/zakljucna/root/dnevnikUcitelj/index.php' not found or unable to stat, referer: http://localhost/public/test
[Fri Oct 30 12:33:32.476645 2020] [php7:error] [pid 5704:tid 1124] [client ::1:50431] script 'C:/Users/Jacob/Desktop/zakljucnaVse/zakljucna/root/dnevnikUcitelj/index.php' not found or unable to stat, referer: http://localhost/public/test
[Fri Oct 30 12:33:33.371972 2020] [php7:error] [pid 5704:tid 1124] [client ::1:50431] script 'C:/Users/Jacob/Desktop/zakljucnaVse/zakljucna/root/dnevnikUcitelj/index.php' not found or unable to stat, referer: http://localhost/public/test
[Fri Oct 30 12:33:33.381891 2020] [php7:error] [pid 5704:tid 1124] [client ::1:50431] script 'C:/Users/Jacob/Desktop/zakljucnaVse/zakljucna/root/dnevnikUcitelj/index.php' not found or unable to stat, referer: http://localhost/public/test
[Fri Oct 30 12:33:34.068515 2020] [php7:error] [pid 5704:tid 1124] [client ::1:50431] script 'C:/Users/Jacob/Desktop/zakljucnaVse/zakljucna/root/dnevnikUcitelj/index.php' not found or unable to stat, referer: http://localhost/public/test
[Fri Oct 30 12:33:34.074289 2020] [php7:error] [pid 5704:tid 1124] [client ::1:50431] script 'C:/Users/Jacob/Desktop/zakljucnaVse/zakljucna/root/dnevnikUcitelj/index.php' not found or unable to stat, referer: http://localhost/public/test
[Fri Oct 30 12:34:05.388768 2020] [php7:error] [pid 5704:tid 1132] [client ::1:50434] script 'C:/Users/Jacob/Desktop/zakljucnaVse/zakljucna/root/dnevnikUcitelj/index.php' not found or unable to stat, referer: http://localhost/public/test
[Fri Oct 30 12:34:05.400256 2020] [php7:error] [pid 5704:tid 1132] [client ::1:50434] script 'C:/Users/Jacob/Desktop/zakljucnaVse/zakljucna/root/dnevnikUcitelj/index.php' not found or unable to stat, referer: http://localhost/public/test
[Fri Oct 30 12:34:06.163714 2020] [php7:error] [pid 5704:tid 1132] [client ::1:50434] script 'C:/Users/Jacob/Desktop/zakljucnaVse/zakljucna/root/dnevnikUcitelj/index.php' not found or unable to stat, referer: http://localhost/public/home
[Fri Oct 30 12:34:07.264221 2020] [php7:error] [pid 5704:tid 1132] [client ::1:50434] script 'C:/Users/Jacob/Desktop/zakljucnaVse/zakljucna/root/dnevnikUcitelj/index.php' not found or unable to stat, referer: http://localhost/public/test
[Fri Oct 30 12:34:07.276121 2020] [php7:error] [pid 5704:tid 1132] [client ::1:50434] script 'C:/Users/Jacob/Desktop/zakljucnaVse/zakljucna/root/dnevnikUcitelj/index.php' not found or unable to stat, referer: http://localhost/public/test
[Fri Oct 30 12:34:08.836513 2020] [php7:error] [pid 5704:tid 1132] [client ::1:50434] script 'C:/Users/Jacob/Desktop/zakljucnaVse/zakljucna/root/dnevnikUcitelj/index.php' not found or unable to stat, referer: http://localhost/public/test
[Fri Oct 30 12:34:08.841854 2020] [php7:error] [pid 5704:tid 1132] [client ::1:50434] script 'C:/Users/Jacob/Desktop/zakljucnaVse/zakljucna/root/dnevnikUcitelj/index.php' not found or unable to stat, referer: http://localhost/public/test
[Fri Oct 30 12:34:24.408857 2020] [php7:error] [pid 5704:tid 1124] [client ::1:50437] script 'C:/Users/Jacob/Desktop/zakljucnaVse/zakljucna/root/dnevnikUcitelj/index.php' not found or unable to stat, referer: http://localhost/public/test
[Fri Oct 30 12:34:24.419369 2020] [php7:error] [pid 5704:tid 1124] [client ::1:50437] script 'C:/Users/Jacob/Desktop/zakljucnaVse/zakljucna/root/dnevnikUcitelj/index.php' not found or unable to stat, referer: http://localhost/public/test
[Fri Oct 30 12:34:32.109297 2020] [php7:error] [pid 5704:tid 1112] [client ::1:50440] script 'C:/Users/Jacob/Desktop/zakljucnaVse/zakljucna/root/dnevnikUcitelj/index.php' not found or unable to stat, referer: http://localhost/public/test
[Fri Oct 30 12:34:32.116384 2020] [php7:error] [pid 5704:tid 1112] [client ::1:50440] script 'C:/Users/Jacob/Desktop/zakljucnaVse/zakljucna/root/dnevnikUcitelj/index.php' not found or unable to stat, referer: http://localhost/public/test
[Fri Oct 30 12:34:36.773364 2020] [php7:error] [pid 5704:tid 1112] [client ::1:50440] script 'C:/Users/Jacob/Desktop/zakljucnaVse/zakljucna/root/dnevnikUcitelj/index.php' not found or unable to stat, referer: http://localhost/public/test
[Fri Oct 30 12:34:36.781212 2020] [php7:error] [pid 5704:tid 1112] [client ::1:50440] script 'C:/Users/Jacob/Desktop/zakljucnaVse/zakljucna/root/dnevnikUcitelj/index.php' not found or unable to stat, referer: http://localhost/public/test
[Fri Oct 30 12:34:44.215915 2020] [php7:error] [pid 5704:tid 1124] [client ::1:50443] script 'C:/Users/Jacob/Desktop/zakljucnaVse/zakljucna/root/dnevnikUcitelj/index.php' not found or unable to stat, referer: http://localhost/public/test
[Fri Oct 30 12:34:44.227582 2020] [php7:error] [pid 5704:tid 1124] [client ::1:50443] script 'C:/Users/Jacob/Desktop/zakljucnaVse/zakljucna/root/dnevnikUcitelj/index.php' not found or unable to stat, referer: http://localhost/public/test
[Fri Oct 30 12:35:05.946709 2020] [php7:error] [pid 5704:tid 1112] [client ::1:50446] script 'C:/Users/Jacob/Desktop/zakljucnaVse/zakljucna/root/dnevnikUcitelj/index.php' not found or unable to stat, referer: http://localhost/public/test
[Fri Oct 30 12:35:05.960595 2020] [php7:error] [pid 5704:tid 1112] [client ::1:50446] script 'C:/Users/Jacob/Desktop/zakljucnaVse/zakljucna/root/dnevnikUcitelj/index.php' not found or unable to stat, referer: http://localhost/public/test
[Fri Oct 30 12:35:07.134992 2020] [php7:error] [pid 5704:tid 1112] [client ::1:50446] script 'C:/Users/Jacob/Desktop/zakljucnaVse/zakljucna/root/dnevnikUcitelj/index.php' not found or unable to stat, referer: http://localhost/public/home
[Fri Oct 30 12:35:07.515907 2020] [php7:error] [pid 5704:tid 1112] [client ::1:50446] script 'C:/Users/Jacob/Desktop/zakljucnaVse/zakljucna/root/dnevnikUcitelj/index.php' not found or unable to stat, referer: http://localhost/public/test
[Fri Oct 30 12:35:07.526781 2020] [php7:error] [pid 5704:tid 1112] [client ::1:50446] script 'C:/Users/Jacob/Desktop/zakljucnaVse/zakljucna/root/dnevnikUcitelj/index.php' not found or unable to stat, referer: http://localhost/public/test
[Fri Oct 30 12:35:08.247275 2020] [php7:error] [pid 5704:tid 1112] [client ::1:50446] script 'C:/Users/Jacob/Desktop/zakljucnaVse/zakljucna/root/dnevnikUcitelj/index.php' not found or unable to stat, referer: http://localhost/public/home
[Fri Oct 30 12:35:09.007108 2020] [php7:error] [pid 5704:tid 1112] [client ::1:50446] script 'C:/Users/Jacob/Desktop/zakljucnaVse/zakljucna/root/dnevnikUcitelj/index.php' not found or unable to stat, referer: http://localhost/public/home
[Fri Oct 30 12:35:20.840621 2020] [php7:error] [pid 5704:tid 1124] [client ::1:50449] script 'C:/Users/Jacob/Desktop/zakljucnaVse/zakljucna/root/dnevnikUcitelj/index.php' not found or unable to stat, referer: http://localhost/public/home
[Fri Oct 30 12:36:36.616656 2020] [php7:error] [pid 5704:tid 1132] [client ::1:50460] script 'C:/Users/Jacob/Desktop/zakljucnaVse/zakljucna/root/dnevnikUcitelj/index.php' not found or unable to stat, referer: http://localhost/public/home
[Fri Oct 30 12:38:33.059697 2020] [php7:error] [pid 5704:tid 1124] [client ::1:50473] script 'C:/Users/Jacob/Desktop/zakljucnaVse/zakljucna/root/dnevnikUcitelj/index.php' not found or unable to stat, referer: http://localhost/public/home
[Fri Oct 30 12:38:43.019899 2020] [php7:error] [pid 5704:tid 1132] [client ::1:50476] script 'C:/Users/Jacob/Desktop/zakljucnaVse/zakljucna/root/dnevnikUcitelj/index.php' not found or unable to stat, referer: http://localhost/public/home
[Fri Oct 30 12:39:01.132360 2020] [php7:error] [pid 5704:tid 1112] [client ::1:50478] script 'C:/Users/Jacob/Desktop/zakljucnaVse/zakljucna/root/dnevnikUcitelj/index.php' not found or unable to stat, referer: http://localhost/public/home
[Fri Oct 30 12:39:41.944467 2020] [php7:error] [pid 5704:tid 1124] [client ::1:50482] script 'C:/Users/Jacob/Desktop/zakljucnaVse/zakljucna/root/dnevnikUcitelj/index.php' not found or unable to stat, referer: http://localhost/public/home
[Fri Oct 30 12:39:59.147537 2020] [php7:error] [pid 5704:tid 1132] [client ::1:50485] script 'C:/Users/Jacob/Desktop/zakljucnaVse/zakljucna/root/dnevnikUcitelj/index.php' not found or unable to stat, referer: http://localhost/public/home
[Fri Oct 30 12:40:08.248499 2020] [php7:error] [pid 5704:tid 1124] [client ::1:50488] script 'C:/Users/Jacob/Desktop/zakljucnaVse/zakljucna/root/dnevnikUcitelj/index.php' not found or unable to stat, referer: http://localhost/public/home
[Fri Oct 30 12:40:21.340523 2020] [php7:error] [pid 5704:tid 1112] [client ::1:50491] script 'C:/Users/Jacob/Desktop/zakljucnaVse/zakljucna/root/dnevnikUcitelj/index.php' not found or unable to stat, referer: http://localhost/public/home
[Fri Oct 30 12:40:22.384347 2020] [php7:error] [pid 5704:tid 1112] [client ::1:50491] script 'C:/Users/Jacob/Desktop/zakljucnaVse/zakljucna/root/dnevnikUcitelj/index.php' not found or unable to stat, referer: http://localhost/public/home
[Fri Oct 30 12:40:29.770543 2020] [php7:error] [pid 5704:tid 1132] [client ::1:50494] script 'C:/Users/Jacob/Desktop/zakljucnaVse/zakljucna/root/dnevnikUcitelj/index.php' not found or unable to stat, referer: http://localhost/public/home
[Fri Oct 30 12:41:17.444404 2020] [php7:error] [pid 5704:tid 1124] [client ::1:50497] script 'C:/Users/Jacob/Desktop/zakljucnaVse/zakljucna/root/dnevnikUcitelj/index.php' not found or unable to stat, referer: http://localhost/public/home
[Fri Oct 30 12:41:46.427769 2020] [php7:error] [pid 5704:tid 1132] [client ::1:50500] script 'C:/Users/Jacob/Desktop/zakljucnaVse/zakljucna/root/dnevnikUcitelj/index.php' not found or unable to stat, referer: http://localhost/public/home
[Fri Oct 30 12:42:01.861630 2020] [php7:error] [pid 5704:tid 1124] [client ::1:50505] script 'C:/Users/Jacob/Desktop/zakljucnaVse/zakljucna/root/dnevnikUcitelj/index.php' not found or unable to stat, referer: http://localhost/public/home
[Fri Oct 30 12:42:25.696656 2020] [php7:error] [pid 5704:tid 1132] [client ::1:50509] script 'C:/Users/Jacob/Desktop/zakljucnaVse/zakljucna/root/dnevnikUcitelj/index.php' not found or unable to stat, referer: http://localhost/public/home
[Fri Oct 30 12:42:39.381427 2020] [php7:error] [pid 5704:tid 1112] [client ::1:50512] script 'C:/Users/Jacob/Desktop/zakljucnaVse/zakljucna/root/dnevnikUcitelj/index.php' not found or unable to stat, referer: http://localhost/public/home
[Fri Oct 30 12:42:47.218106 2020] [php7:error] [pid 5704:tid 1132] [client ::1:50515] script 'C:/Users/Jacob/Desktop/zakljucnaVse/zakljucna/root/dnevnikUcitelj/index.php' not found or unable to stat, referer: http://localhost/public/home
[Fri Oct 30 12:43:04.819482 2020] [php7:error] [pid 5704:tid 1112] [client ::1:50518] script 'C:/Users/Jacob/Desktop/zakljucnaVse/zakljucna/root/dnevnikUcitelj/index.php' not found or unable to stat, referer: http://localhost/public/home
[Fri Oct 30 12:43:42.727017 2020] [php7:error] [pid 5704:tid 1124] [client ::1:50522] script 'C:/Users/Jacob/Desktop/zakljucnaVse/zakljucna/root/dnevnikUcitelj/index.php' not found or unable to stat, referer: http://localhost/public/home
[Fri Oct 30 12:43:43.823667 2020] [php7:error] [pid 5704:tid 1124] [client ::1:50522] script 'C:/Users/Jacob/Desktop/zakljucnaVse/zakljucna/root/dnevnikUcitelj/index.php' not found or unable to stat, referer: http://localhost/public/home
[Fri Oct 30 12:43:44.423183 2020] [php7:error] [pid 5704:tid 1124] [client ::1:50522] script 'C:/Users/Jacob/Desktop/zakljucnaVse/zakljucna/root/dnevnikUcitelj/index.php' not found or unable to stat, referer: http://localhost/public/test
[Fri Oct 30 12:43:44.429285 2020] [php7:error] [pid 5704:tid 1124] [client ::1:50522] script 'C:/Users/Jacob/Desktop/zakljucnaVse/zakljucna/root/dnevnikUcitelj/index.php' not found or unable to stat, referer: http://localhost/public/test
[Fri Oct 30 12:43:45.301824 2020] [php7:error] [pid 5704:tid 1124] [client ::1:50522] script 'C:/Users/Jacob/Desktop/zakljucnaVse/zakljucna/root/dnevnikUcitelj/index.php' not found or unable to stat, referer: http://localhost/public/home
[Fri Oct 30 12:43:45.879180 2020] [php7:error] [pid 5704:tid 1124] [client ::1:50522] script 'C:/Users/Jacob/Desktop/zakljucnaVse/zakljucna/root/dnevnikUcitelj/index.php' not found or unable to stat, referer: http://localhost/public/test
[Fri Oct 30 12:43:45.884820 2020] [php7:error] [pid 5704:tid 1124] [client ::1:50522] script 'C:/Users/Jacob/Desktop/zakljucnaVse/zakljucna/root/dnevnikUcitelj/index.php' not found or unable to stat, referer: http://localhost/public/test
[Fri Oct 30 12:43:46.426827 2020] [php7:error] [pid 5704:tid 1124] [client ::1:50522] script 'C:/Users/Jacob/Desktop/zakljucnaVse/zakljucna/root/dnevnikUcitelj/index.php' not found or unable to stat, referer: http://localhost/public/home
[Fri Oct 30 12:44:04.622417 2020] [php7:error] [pid 5704:tid 1112] [client ::1:50525] script 'C:/Users/Jacob/Desktop/zakljucnaVse/zakljucna/root/dnevnikUcitelj/index.php' not found or unable to stat, referer: http://localhost/public/home
[Fri Oct 30 12:47:24.140385 2020] [php7:error] [pid 5704:tid 1132] [client ::1:50576] script 'C:/Users/Jacob/Desktop/zakljucnaVse/zakljucna/root/dnevnikUcitelj/index.php' not found or unable to stat, referer: http://localhost/public/login
[Fri Oct 30 12:47:35.800447 2020] [php7:error] [pid 5704:tid 1132] [client ::1:50577] script 'C:/Users/Jacob/Desktop/zakljucnaVse/zakljucna/root/dnevnikUcitelj/index.php' not found or unable to stat, referer: http://localhost/public/login/login
[Fri Oct 30 12:47:40.647012 2020] [php7:error] [pid 5704:tid 1132] [client ::1:50577] script 'C:/Users/Jacob/Desktop/zakljucnaVse/zakljucna/root/dnevnikUcitelj/index.php' not found or unable to stat, referer: http://localhost/public/login/login
[Fri Oct 30 12:47:43.630820 2020] [php7:error] [pid 5704:tid 1132] [client ::1:50577] script 'C:/Users/Jacob/Desktop/zakljucnaVse/zakljucna/root/dnevnikUcitelj/index.php' not found or unable to stat, referer: http://localhost/public/login/login
[Fri Oct 30 12:49:26.396229 2020] [php7:error] [pid 5704:tid 1132] [client ::1:50583] script 'C:/Users/Jacob/Desktop/zakljucnaVse/zakljucna/root/dnevnikUcitelj/index.php' not found or unable to stat, referer: http://localhost/public/home
[Fri Oct 30 12:49:30.742427 2020] [php7:error] [pid 5704:tid 1132] [client ::1:50583] script 'C:/Users/Jacob/Desktop/zakljucnaVse/zakljucna/root/dnevnikUcitelj/index.php' not found or unable to stat, referer: http://localhost/public/login/login
[Fri Oct 30 13:03:28.033360 2020] [php7:error] [pid 5704:tid 1124] [client ::1:50652] script 'C:/Users/Jacob/Desktop/zakljucnaVse/zakljucna/root/dnevnikUcitelj/index.php' not found or unable to stat, referer: http://localhost/public/login/login
[Fri Oct 30 13:04:18.330978 2020] [php7:error] [pid 5704:tid 1124] [client ::1:50656] script 'C:/Users/Jacob/Desktop/zakljucnaVse/zakljucna/root/dnevnikUcitelj/index.php' not found or unable to stat, referer: http://localhost/public/login/login
[Fri Oct 30 13:24:01.408380 2020] [php7:error] [pid 5704:tid 1100] [client ::1:50873] script 'C:/Users/Jacob/Desktop/zakljucnaVse/zakljucna/root/dnevnikUcitelj/index.php' not found or unable to stat, referer: http://localhost/public/login/login
