2020-03-07 21:14:49 1200 [Note] Plugin 'FEDERATED' is disabled.
2020-03-07 21:14:49 1200 [Note] InnoDB: Using atomics to ref count buffer pool pages
2020-03-07 21:14:49 1200 [Note] InnoDB: The InnoDB memory heap is disabled
2020-03-07 21:14:49 1200 [Note] InnoDB: Mutexes and rw_locks use Windows interlocked functions
2020-03-07 21:14:49 1200 [Note] InnoDB: Memory barrier is not used
2020-03-07 21:14:49 1200 [Note] InnoDB: Compressed tables use zlib 1.2.3
2020-03-07 21:14:49 1200 [Note] InnoDB: Not using CPU crc32 instructions
2020-03-07 21:14:49 1200 [Note] InnoDB: Initializing buffer pool, size = 128.0M
2020-03-07 21:14:49 1200 [Note] InnoDB: Completed initialization of buffer pool
2020-03-07 21:14:49 1200 [Note] InnoDB: Setting log file D:\USBWebserver v8.6.5\mysql\data\ib_logfile101 size to 5 MB
2020-03-07 21:14:49 1200 [Note] InnoDB: Setting log file D:\USBWebserver v8.6.5\mysql\data\ib_logfile1 size to 5 MB
2020-03-07 21:14:49 1200 [Note] InnoDB: Renaming log file D:\USBWebserver v8.6.5\mysql\data\ib_logfile101 to D:\USBWebserver v8.6.5\mysql\data\ib_logfile0
2020-03-07 21:14:49 1200 [Warning] InnoDB: New log files created, LSN=1626134
2020-03-07 21:14:49 1200 [Note] InnoDB: Highest supported file format is Barracuda.
2020-03-07 21:14:49 548 InnoDB: Error: page 5 log sequence number 1626646
InnoDB: is in the future! Current system log sequence number 1626636.
InnoDB: Your database may be corrupt or you may have copied the InnoDB
InnoDB: tablespace but not the InnoDB log files. See
InnoDB: http://dev.mysql.com/doc/refman/5.6/en/forcing-innodb-recovery.html
InnoDB: for more information.
2020-03-07 21:14:49 1200 [Note] InnoDB: 128 rollback segment(s) are active.
2020-03-07 21:14:49 1200 [Note] InnoDB: Waiting for purge to start
2020-03-07 21:14:49 1200 [Note] InnoDB: 5.6.34 started; log sequence number 1626636
2020-03-07 21:14:49 1200 [Warning] No existing UUID has been found, so we assume that this is the first time that this server has been started. Generating a new UUID: d3467f94-60d1-11ea-9f89-db367bc670dc.
2020-03-07 21:14:49 1200 [Note] Server hostname (bind-address): '*'; port: 3306
2020-03-07 21:14:49 1200 [Note] IPv6 is available.
2020-03-07 21:14:49 1200 [Note]   - '::' resolves to '::';
2020-03-07 21:14:49 1200 [Note] Server socket created on IP: '::'.
2020-03-08 00:25:59 5240 [Note] Plugin 'FEDERATED' is disabled.
2020-03-08 00:25:59 5240 [Note] InnoDB: Using atomics to ref count buffer pool pages
2020-03-08 00:25:59 5240 [Note] InnoDB: The InnoDB memory heap is disabled
2020-03-08 00:25:59 5240 [Note] InnoDB: Mutexes and rw_locks use Windows interlocked functions
2020-03-08 00:25:59 5240 [Note] InnoDB: Memory barrier is not used
2020-03-08 00:25:59 5240 [Note] InnoDB: Compressed tables use zlib 1.2.3
2020-03-08 00:25:59 5240 [Note] InnoDB: Not using CPU crc32 instructions
2020-03-08 00:25:59 5240 [Note] InnoDB: Initializing buffer pool, size = 128.0M
2020-03-08 00:25:59 5240 [Note] InnoDB: Completed initialization of buffer pool
2020-03-08 00:25:59 5240 [Note] InnoDB: Highest supported file format is Barracuda.
2020-03-08 00:25:59 5240 [Note] InnoDB: The log sequence numbers 1626134 and 1626134 in ibdata files do not match the log sequence number 1626646 in the ib_logfiles!
2020-03-08 00:25:59 5240 [Note] InnoDB: Database was not shutdown normally!
2020-03-08 00:25:59 5240 [Note] InnoDB: Starting crash recovery.
2020-03-08 00:25:59 5240 [Note] InnoDB: Reading tablespace information from the .ibd files...
2020-03-08 00:25:59 5240 [Note] InnoDB: Restoring possible half-written data pages 
2020-03-08 00:25:59 5240 [Note] InnoDB: from the doublewrite buffer...
2020-03-08 00:25:59 5240 [Note] InnoDB: 128 rollback segment(s) are active.
2020-03-08 00:25:59 5240 [Note] InnoDB: Waiting for purge to start
2020-03-08 00:26:00 5240 [Note] InnoDB: 5.6.34 started; log sequence number 1626646
2020-03-08 00:26:00 5240 [Note] Server hostname (bind-address): '*'; port: 3306
2020-03-08 00:26:00 5240 [Note] IPv6 is available.
2020-03-08 00:26:00 5240 [Note]   - '::' resolves to '::';
2020-03-08 00:26:00 5240 [Note] Server socket created on IP: '::'.
2020-03-08 01:45:29 4968 [Note] Plugin 'FEDERATED' is disabled.
2020-03-08 01:45:29 4968 [Note] InnoDB: Using atomics to ref count buffer pool pages
2020-03-08 01:45:29 4968 [Note] InnoDB: The InnoDB memory heap is disabled
2020-03-08 01:45:29 4968 [Note] InnoDB: Mutexes and rw_locks use Windows interlocked functions
2020-03-08 01:45:29 4968 [Note] InnoDB: Memory barrier is not used
2020-03-08 01:45:29 4968 [Note] InnoDB: Compressed tables use zlib 1.2.3
2020-03-08 01:45:29 4968 [Note] InnoDB: Not using CPU crc32 instructions
2020-03-08 01:45:29 4968 [Note] InnoDB: Initializing buffer pool, size = 128.0M
2020-03-08 01:45:29 4968 [Note] InnoDB: Completed initialization of buffer pool
2020-03-08 01:45:29 4968 [Note] InnoDB: Highest supported file format is Barracuda.
2020-03-08 01:45:29 4968 [Note] InnoDB: The log sequence numbers 1626134 and 1626134 in ibdata files do not match the log sequence number 1626656 in the ib_logfiles!
2020-03-08 01:45:29 4968 [Note] InnoDB: Database was not shutdown normally!
2020-03-08 01:45:29 4968 [Note] InnoDB: Starting crash recovery.
2020-03-08 01:45:29 4968 [Note] InnoDB: Reading tablespace information from the .ibd files...
2020-03-08 01:45:29 4968 [Note] InnoDB: Restoring possible half-written data pages 
2020-03-08 01:45:29 4968 [Note] InnoDB: from the doublewrite buffer...
2020-03-08 01:45:29 4968 [Note] InnoDB: 128 rollback segment(s) are active.
2020-03-08 01:45:29 4968 [Note] InnoDB: Waiting for purge to start
2020-03-08 01:45:29 4968 [Note] InnoDB: 5.6.34 started; log sequence number 1626656
2020-03-08 01:45:29 4968 [Note] Server hostname (bind-address): '*'; port: 3306
2020-03-08 01:45:29 4968 [Note] IPv6 is available.
2020-03-08 01:45:29 4968 [Note]   - '::' resolves to '::';
2020-03-08 01:45:29 4968 [Note] Server socket created on IP: '::'.
