2021-03-29 10:35:46 11276 [Note] Plugin 'FEDERATED' is disabled.
2021-03-29 10:35:46 11276 [Note] InnoDB: Using atomics to ref count buffer pool pages
2021-03-29 10:35:46 11276 [Note] InnoDB: The InnoDB memory heap is disabled
2021-03-29 10:35:46 11276 [Note] InnoDB: Mutexes and rw_locks use Windows interlocked functions
2021-03-29 10:35:46 11276 [Note] InnoDB: Memory barrier is not used
2021-03-29 10:35:46 11276 [Note] InnoDB: Compressed tables use zlib 1.2.3
2021-03-29 10:35:46 11276 [Note] InnoDB: Not using CPU crc32 instructions
2021-03-29 10:35:46 11276 [Note] InnoDB: Initializing buffer pool, size = 128.0M
2021-03-29 10:35:46 11276 [Note] InnoDB: Completed initialization of buffer pool
2021-03-29 10:35:46 11276 [Note] InnoDB: Highest supported file format is Barracuda.
2021-03-29 10:35:46 11276 [Note] InnoDB: The log sequence numbers 1626134 and 1626134 in ibdata files do not match the log sequence number 2190175 in the ib_logfiles!
2021-03-29 10:35:46 11276 [Note] InnoDB: Database was not shutdown normally!
2021-03-29 10:35:46 11276 [Note] InnoDB: Starting crash recovery.
2021-03-29 10:35:46 11276 [Note] InnoDB: Reading tablespace information from the .ibd files...
2021-03-29 10:35:46 11276 [Note] InnoDB: Restoring possible half-written data pages 
2021-03-29 10:35:46 11276 [Note] InnoDB: from the doublewrite buffer...
2021-03-29 10:35:47 11276 [Note] InnoDB: 128 rollback segment(s) are active.
2021-03-29 10:35:47 11276 [Note] InnoDB: Waiting for purge to start
2021-03-29 10:35:47 11276 [Note] InnoDB: 5.6.34 started; log sequence number 2190175
2021-03-29 10:35:47 11276 [Note] Server hostname (bind-address): '*'; port: 3306
2021-03-29 10:35:47 11276 [Note] IPv6 is available.
2021-03-29 10:35:47 11276 [Note]   - '::' resolves to '::';
2021-03-29 10:35:47 11276 [Note] Server socket created on IP: '::'.
2021-03-29 10:35:48 11276 [Note] Event Scheduler: Loaded 0 events
2021-03-29 10:35:48 11276 [Note] D:\School\Zakljucna\zakljucna_1/mysql/bin/mysqld_usbwv8.exe: ready for connections.
Version: '5.6.34'  socket: ''  port: 3306  MySQL Community Server (GPL)
